<?xml version="1.0" encoding="UTF-8"?>
<!-- Generated by org.testng.reporters.JUnitXMLReporter -->
<testsuite hostname="DESKTOP-5HEF6VE" ignored="1" name="Test" tests="30" failures="6" timestamp="08 Jul 2019 06:54:32 GMT" time="1004.37" errors="0">
  <testcase name="verifyAboutLinkInFooterSection" time="0.764" classname="GT.GT.HomePageTest"/>
  <testcase name="verifyAppStoreTabFunctionality" time="5.613" classname="GT.GT.HomePageTest">
    <failure type="java.lang.AssertionError" message="expected [https://apps.apple.com/in/app/grptalk/id1074172134?gclid=&amp;amp;ls=1&amp;amp;referrer=utm_source%3D%26utm_medium%3Dcpc&amp;amp;source=] but found [https://apps.apple.com/in/app/grptalk/id1074172134?gclid=&amp;amp;ls=1&amp;amp;referrer=utm_source%3D%26utm_medium%3D&amp;amp;source=]">
      <![CDATA[java.lang.AssertionError: expected [https://apps.apple.com/in/app/grptalk/id1074172134?gclid=&ls=1&referrer=utm_source%3D%26utm_medium%3Dcpc&source=] but found [https://apps.apple.com/in/app/grptalk/id1074172134?gclid=&ls=1&referrer=utm_source%3D%26utm_medium%3D&source=]
at GT.GT.HomePageTest.verifyAppStoreTabFunctionality(HomePageTest.java:203)
... Removed 31 stack frames]]>
    </failure>
  </testcase> <!-- verifyAppStoreTabFunctionality -->
  <testcase name="verifyBlogLinkInFooterSection" time="6.336" classname="GT.GT.HomePageTest">
    <failure type="java.lang.AssertionError" message="expected [http://staging.grptalk.com/login] but found [http://staging.grptalk.com/]">
      <![CDATA[java.lang.AssertionError: expected [http://staging.grptalk.com/login] but found [http://staging.grptalk.com/]
at GT.GT.HomePageTest.verifyBlogLinkInFooterSection(HomePageTest.java:417)
... Removed 31 stack frames]]>
    </failure>
  </testcase> <!-- verifyBlogLinkInFooterSection -->
  <testcase name="verifyContactLinkInFooterSection" time="0.85" classname="GT.GT.HomePageTest"/>
  <testcase name="verifyContactSalesButtonFunctionality" time="6.347" classname="GT.GT.HomePageTest"/>
  <testcase name="verifyCopyRightTextInFooterSection" time="0.105" classname="GT.GT.HomePageTest"/>
  <testcase name="verifyCustomerStoriesLinkInFooterSection" time="0.705" classname="GT.GT.HomePageTest"/>
  <testcase name="verifyCustomerStoriesTabFunctionality" time="0.548" classname="GT.GT.HomePageTest"/>
  <testcase name="verifyFeaturesLinkInFooterSection" time="0.575" classname="GT.GT.HomePageTest"/>
  <testcase name="verifyFeaturesTabFunctionality" time="0.523" classname="GT.GT.HomePageTest"/>
  <testcase name="verifyFunctionalityOfFacebookLogoInFooterSection" time="10.358" classname="GT.GT.HomePageTest">
    <failure type="java.lang.AssertionError" message="expected [http://staging.grptalk.com/login] but found [http://staging.grptalk.com/]">
      <![CDATA[java.lang.AssertionError: expected [http://staging.grptalk.com/login] but found [http://staging.grptalk.com/]
at GT.GT.HomePageTest.verifyFunctionalityOfFacebookLogoInFooterSection(HomePageTest.java:443)
... Removed 31 stack frames]]>
    </failure>
  </testcase> <!-- verifyFunctionalityOfFacebookLogoInFooterSection -->
  <testcase name="verifyFunctionalityOfTwitterLogoInFooterSection" time="0.086" classname="GT.GT.HomePageTest">
    <failure type="org.openqa.selenium.WebDriverException" message="unknown error: Element &amp;lt;span class=&amp;quot;bgSocialIcon twitter&amp;quot;&amp;gt;&amp;lt;/span&amp;gt; is not clickable at point (1071, 594). Other element would receive the click: &amp;lt;iframe id=&amp;quot;pop_frame&amp;quot; class=&amp;quot;POP_iframe&amp;quot; src=&amp;quot;https://lib.pop.telebu.com/5d036b9d7ebfba16d5afdbd9/chat?domain=staging.grptalk.com&amp;amp;amp;referrer=&amp;quot; title=&amp;quot;Telebu POP&amp;quot; tabindex=&amp;quot;-1&amp;quot; style=&amp;quot;border: none; display: block; position: fixed; top: auto; left: auto; bottom: 10px; right: 10px; width: auto; height: 70px; visibility: visible; z-index: 2147483647; max-height: 100vh; max-width: 100vw; transition: none 0s ease 0s; background: none transparent; opacity: 1;&amp;quot;&amp;gt;&amp;lt;/iframe&amp;gt;
  (Session info: chrome=75.0.3770.100)
  (Driver info: chromedriver=2.43.600210 (68dcf5eebde37173d4027fa8635e332711d2874a),platform=Windows NT 10.0.15063 x86_64) (WARNING: The server did not provide any stacktrace information)
Command duration or timeout: 0 milliseconds
Build info: version: &amp;apos;3.12.0&amp;apos;, revision: &amp;apos;7c6e0b3&amp;apos;, time: &amp;apos;2018-05-08T15:15:03.216Z&amp;apos;
System info: host: &amp;apos;DESKTOP-5HEF6VE&amp;apos;, ip: &amp;apos;192.168.72.155&amp;apos;, os.name: &amp;apos;Windows 10&amp;apos;, os.arch: &amp;apos;amd64&amp;apos;, os.version: &amp;apos;10.0&amp;apos;, java.version: &amp;apos;1.8.0_171&amp;apos;
Driver info: org.openqa.selenium.chrome.ChromeDriver
Capabilities {acceptInsecureCerts: false, acceptSslCerts: false, applicationCacheEnabled: false, browserConnectionEnabled: false, browserName: chrome, chrome: {chromedriverVersion: 2.43.600210 (68dcf5eebde371..., userDataDir: C:\Users\smsc\AppData\Local...}, cssSelectorsEnabled: true, databaseEnabled: false, goog:chromeOptions: {debuggerAddress: localhost:62591}, handlesAlerts: true, hasTouchScreen: false, javascriptEnabled: true, locationContextEnabled: true, mobileEmulationEnabled: false, nativeEvents: true, networkConnectionEnabled: false, pageLoadStrategy: normal, platform: XP, platformName: XP, rotatable: false, setWindowRect: true, takesHeapSnapshot: true, takesScreenshot: true, unexpectedAlertBehaviour: , unhandledPromptBehavior: , version: 75.0.3770.100, webStorageEnabled: true}
Session ID: 7eb1e5e5eedd2379836f38d36ffd35f5">
      <![CDATA[org.openqa.selenium.WebDriverException: unknown error: Element <span class="bgSocialIcon twitter"></span> is not clickable at point (1071, 594). Other element would receive the click: <iframe id="pop_frame" class="POP_iframe" src="https://lib.pop.telebu.com/5d036b9d7ebfba16d5afdbd9/chat?domain=staging.grptalk.com&amp;referrer=" title="Telebu POP" tabindex="-1" style="border: none; display: block; position: fixed; top: auto; left: auto; bottom: 10px; right: 10px; width: auto; height: 70px; visibility: visible; z-index: 2147483647; max-height: 100vh; max-width: 100vw; transition: none 0s ease 0s; background: none transparent; opacity: 1;"></iframe>
  (Session info: chrome=75.0.3770.100)
  (Driver info: chromedriver=2.43.600210 (68dcf5eebde37173d4027fa8635e332711d2874a),platform=Windows NT 10.0.15063 x86_64) (WARNING: The server did not provide any stacktrace information)
Command duration or timeout: 0 milliseconds
Build info: version: '3.12.0', revision: '7c6e0b3', time: '2018-05-08T15:15:03.216Z'
System info: host: 'DESKTOP-5HEF6VE', ip: '192.168.72.155', os.name: 'Windows 10', os.arch: 'amd64', os.version: '10.0', java.version: '1.8.0_171'
Driver info: org.openqa.selenium.chrome.ChromeDriver
Capabilities {acceptInsecureCerts: false, acceptSslCerts: false, applicationCacheEnabled: false, browserConnectionEnabled: false, browserName: chrome, chrome: {chromedriverVersion: 2.43.600210 (68dcf5eebde371..., userDataDir: C:\Users\smsc\AppData\Local...}, cssSelectorsEnabled: true, databaseEnabled: false, goog:chromeOptions: {debuggerAddress: localhost:62591}, handlesAlerts: true, hasTouchScreen: false, javascriptEnabled: true, locationContextEnabled: true, mobileEmulationEnabled: false, nativeEvents: true, networkConnectionEnabled: false, pageLoadStrategy: normal, platform: XP, platformName: XP, rotatable: false, setWindowRect: true, takesHeapSnapshot: true, takesScreenshot: true, unexpectedAlertBehaviour: , unhandledPromptBehavior: , version: 75.0.3770.100, webStorageEnabled: true}
Session ID: 7eb1e5e5eedd2379836f38d36ffd35f5
at org.openqa.selenium.remote.ErrorHandler.createThrowable(ErrorHandler.java:214)
at org.openqa.selenium.remote.ErrorHandler.throwIfResponseFailed(ErrorHandler.java:166)
at org.openqa.selenium.remote.http.JsonHttpResponseCodec.reconstructValue(JsonHttpResponseCodec.java:40)
at org.openqa.selenium.remote.http.AbstractHttpResponseCodec.decode(AbstractHttpResponseCodec.java:80)
at org.openqa.selenium.remote.http.AbstractHttpResponseCodec.decode(AbstractHttpResponseCodec.java:44)
at org.openqa.selenium.remote.HttpCommandExecutor.execute(HttpCommandExecutor.java:158)
at org.openqa.selenium.remote.service.DriverCommandExecutor.execute(DriverCommandExecutor.java:83)
at org.openqa.selenium.remote.RemoteWebDriver.execute(RemoteWebDriver.java:543)
at org.openqa.selenium.remote.RemoteWebElement.execute(RemoteWebElement.java:276)
at org.openqa.selenium.remote.RemoteWebElement.click(RemoteWebElement.java:83)
at GT.GT.HomePage.clickTwitterLogoInFooterSection(HomePage.java:253)
at GT.GT.HomePageTest.verifyFunctionalityOfTwitterLogoInFooterSection(HomePageTest.java:463)
... Removed 29 stack frames]]>
    </failure>
  </testcase> <!-- verifyFunctionalityOfTwitterLogoInFooterSection -->
  <testcase name="verifyFunctionalityOfYoutubeLogoInFooterSection" time="0.142" classname="GT.GT.HomePageTest">
    <failure type="org.openqa.selenium.WebDriverException" message="unknown error: Element &amp;lt;span class=&amp;quot;bgSocialIcon youtube&amp;quot;&amp;gt;&amp;lt;/span&amp;gt; is not clickable at point (1114, 594). Other element would receive the click: &amp;lt;iframe id=&amp;quot;pop_frame&amp;quot; class=&amp;quot;POP_iframe&amp;quot; src=&amp;quot;https://lib.pop.telebu.com/5d036b9d7ebfba16d5afdbd9/chat?domain=staging.grptalk.com&amp;amp;amp;referrer=&amp;quot; title=&amp;quot;Telebu POP&amp;quot; tabindex=&amp;quot;-1&amp;quot; style=&amp;quot;border: none; display: block; position: fixed; top: auto; left: auto; bottom: 10px; right: 10px; width: auto; height: 70px; visibility: visible; z-index: 2147483647; max-height: 100vh; max-width: 100vw; transition: none 0s ease 0s; background: none transparent; opacity: 1;&amp;quot;&amp;gt;&amp;lt;/iframe&amp;gt;
  (Session info: chrome=75.0.3770.100)
  (Driver info: chromedriver=2.43.600210 (68dcf5eebde37173d4027fa8635e332711d2874a),platform=Windows NT 10.0.15063 x86_64) (WARNING: The server did not provide any stacktrace information)
Command duration or timeout: 0 milliseconds
Build info: version: &amp;apos;3.12.0&amp;apos;, revision: &amp;apos;7c6e0b3&amp;apos;, time: &amp;apos;2018-05-08T15:15:03.216Z&amp;apos;
System info: host: &amp;apos;DESKTOP-5HEF6VE&amp;apos;, ip: &amp;apos;192.168.72.155&amp;apos;, os.name: &amp;apos;Windows 10&amp;apos;, os.arch: &amp;apos;amd64&amp;apos;, os.version: &amp;apos;10.0&amp;apos;, java.version: &amp;apos;1.8.0_171&amp;apos;
Driver info: org.openqa.selenium.chrome.ChromeDriver
Capabilities {acceptInsecureCerts: false, acceptSslCerts: false, applicationCacheEnabled: false, browserConnectionEnabled: false, browserName: chrome, chrome: {chromedriverVersion: 2.43.600210 (68dcf5eebde371..., userDataDir: C:\Users\smsc\AppData\Local...}, cssSelectorsEnabled: true, databaseEnabled: false, goog:chromeOptions: {debuggerAddress: localhost:62591}, handlesAlerts: true, hasTouchScreen: false, javascriptEnabled: true, locationContextEnabled: true, mobileEmulationEnabled: false, nativeEvents: true, networkConnectionEnabled: false, pageLoadStrategy: normal, platform: XP, platformName: XP, rotatable: false, setWindowRect: true, takesHeapSnapshot: true, takesScreenshot: true, unexpectedAlertBehaviour: , unhandledPromptBehavior: , version: 75.0.3770.100, webStorageEnabled: true}
Session ID: 7eb1e5e5eedd2379836f38d36ffd35f5">
      <![CDATA[org.openqa.selenium.WebDriverException: unknown error: Element <span class="bgSocialIcon youtube"></span> is not clickable at point (1114, 594). Other element would receive the click: <iframe id="pop_frame" class="POP_iframe" src="https://lib.pop.telebu.com/5d036b9d7ebfba16d5afdbd9/chat?domain=staging.grptalk.com&amp;referrer=" title="Telebu POP" tabindex="-1" style="border: none; display: block; position: fixed; top: auto; left: auto; bottom: 10px; right: 10px; width: auto; height: 70px; visibility: visible; z-index: 2147483647; max-height: 100vh; max-width: 100vw; transition: none 0s ease 0s; background: none transparent; opacity: 1;"></iframe>
  (Session info: chrome=75.0.3770.100)
  (Driver info: chromedriver=2.43.600210 (68dcf5eebde37173d4027fa8635e332711d2874a),platform=Windows NT 10.0.15063 x86_64) (WARNING: The server did not provide any stacktrace information)
Command duration or timeout: 0 milliseconds
Build info: version: '3.12.0', revision: '7c6e0b3', time: '2018-05-08T15:15:03.216Z'
System info: host: 'DESKTOP-5HEF6VE', ip: '192.168.72.155', os.name: 'Windows 10', os.arch: 'amd64', os.version: '10.0', java.version: '1.8.0_171'
Driver info: org.openqa.selenium.chrome.ChromeDriver
Capabilities {acceptInsecureCerts: false, acceptSslCerts: false, applicationCacheEnabled: false, browserConnectionEnabled: false, browserName: chrome, chrome: {chromedriverVersion: 2.43.600210 (68dcf5eebde371..., userDataDir: C:\Users\smsc\AppData\Local...}, cssSelectorsEnabled: true, databaseEnabled: false, goog:chromeOptions: {debuggerAddress: localhost:62591}, handlesAlerts: true, hasTouchScreen: false, javascriptEnabled: true, locationContextEnabled: true, mobileEmulationEnabled: false, nativeEvents: true, networkConnectionEnabled: false, pageLoadStrategy: normal, platform: XP, platformName: XP, rotatable: false, setWindowRect: true, takesHeapSnapshot: true, takesScreenshot: true, unexpectedAlertBehaviour: , unhandledPromptBehavior: , version: 75.0.3770.100, webStorageEnabled: true}
Session ID: 7eb1e5e5eedd2379836f38d36ffd35f5
at org.openqa.selenium.remote.ErrorHandler.createThrowable(ErrorHandler.java:214)
at org.openqa.selenium.remote.ErrorHandler.throwIfResponseFailed(ErrorHandler.java:166)
at org.openqa.selenium.remote.http.JsonHttpResponseCodec.reconstructValue(JsonHttpResponseCodec.java:40)
at org.openqa.selenium.remote.http.AbstractHttpResponseCodec.decode(AbstractHttpResponseCodec.java:80)
at org.openqa.selenium.remote.http.AbstractHttpResponseCodec.decode(AbstractHttpResponseCodec.java:44)
at org.openqa.selenium.remote.HttpCommandExecutor.execute(HttpCommandExecutor.java:158)
at org.openqa.selenium.remote.service.DriverCommandExecutor.execute(DriverCommandExecutor.java:83)
at org.openqa.selenium.remote.RemoteWebDriver.execute(RemoteWebDriver.java:543)
at org.openqa.selenium.remote.RemoteWebElement.execute(RemoteWebElement.java:276)
at org.openqa.selenium.remote.RemoteWebElement.click(RemoteWebElement.java:83)
at GT.GT.HomePage.clickYoutubeLogoInFooterSection(HomePage.java:261)
at GT.GT.HomePageTest.verifyFunctionalityOfYoutubeLogoInFooterSection(HomePageTest.java:525)
... Removed 29 stack frames]]>
    </failure>
  </testcase> <!-- verifyFunctionalityOfYoutubeLogoInFooterSection -->
  <testcase name="verifyGrpTalkEmailAndContactDisplayedInHeaderScetion" time="0.153" classname="GT.GT.HomePageTest"/>
  <testcase name="verifyHomeLinkInFooterSection" time="0.716" classname="GT.GT.HomePageTest"/>
  <testcase name="verifyHowItWorksLinkInFooterSection" time="0.611" classname="GT.GT.HomePageTest"/>
  <testcase name="verifyHowItWorksTabFunctionality" time="0.701" classname="GT.GT.HomePageTest"/>
  <testcase name="verifyPlayStoreTabFunctionality" time="1.638" classname="GT.GT.HomePageTest">
    <failure type="java.lang.AssertionError" message="expected [https://play.google.com/store/apps/details?id=com.mobile.android.grptalk&amp;amp;source=&amp;amp;gclid=&amp;amp;referrer=utm_source%3D%26utm_medium%3Dcpc&amp;amp;] but found [https://play.google.com/store/apps/details?id=com.mobile.android.grptalk&amp;amp;source=&amp;amp;gclid=&amp;amp;referrer=utm_source%3D%26utm_medium%3D&amp;amp;]">
      <![CDATA[java.lang.AssertionError: expected [https://play.google.com/store/apps/details?id=com.mobile.android.grptalk&source=&gclid=&referrer=utm_source%3D%26utm_medium%3Dcpc&] but found [https://play.google.com/store/apps/details?id=com.mobile.android.grptalk&source=&gclid=&referrer=utm_source%3D%26utm_medium%3D&]
at GT.GT.HomePageTest.verifyPlayStoreTabFunctionality(HomePageTest.java:216)
... Removed 31 stack frames]]>
    </failure>
  </testcase> <!-- verifyPlayStoreTabFunctionality -->
  <testcase name="verifyPricingLinkInFooterSection" time="0.712" classname="GT.GT.HomePageTest"/>
  <testcase name="verifyPricingTabFunctionality" time="3.559" classname="GT.GT.HomePageTest"/>
  <testcase name="verifyPrivacyAndDataUsageLinkInFooterSection" time="0.544" classname="GT.GT.HomePageTest"/>
  <testcase name="verifyRequest_A_PriceTabFunctionality" time="2.989" classname="GT.GT.HomePageTest"/>
  <testcase name="verifyScanQRCodeTabFunctionality" time="1.15" classname="GT.GT.HomePageTest"/>
  <testcase name="verifySolutionsTabFunctionality" time="2.075" classname="GT.GT.HomePageTest"/>
  <testcase name="verifyStartDemoFunctionality" time="4.004" classname="GT.GT.HomePageTest"/>
  <testcase name="verifyTermsAndConditionsLinkInFooterSection" time="4.721" classname="GT.GT.HomePageTest"/>
  <testcase name="verifyWebLoginFunctionality" time="1.402" classname="GT.GT.HomePageTest"/>
  <testcase name="verifyWebLoginLinkInFooterSection" time="1.197" classname="GT.GT.HomePageTest"/>
  <testcase name="verifyYouTubeVideoFunctionality" time="0.042" classname="GT.GT.HomePageTest"/>
  <testcase name="verify_FAQ_LinkInFooterSection" time="0.63" classname="GT.GT.HomePageTest"/>
  <testcase name="verifyChatFunctionality" time="0.0" classname="GT.GT.HomePageTest">
    <ignored/>
  </testcase> <!-- verifyChatFunctionality -->
</testsuite> <!-- Test -->
