<!DOCTYPE html PUBLIC "-//W3C//DTD XHTML 1.1//EN" "http://www.w3.org/TR/xhtml11/DTD/xhtml11.dtd">
<html xmlns="http://www.w3.org/1999/xhtml">
<head>
<meta http-equiv="content-type" content="text/html; charset=UTF-8"/>
<title>TestNG Report</title>
<style type="text/css">table {margin-bottom:10px;border-collapse:collapse;empty-cells:show}th,td {border:1px solid #009;padding:.25em .5em}th {vertical-align:bottom}td {vertical-align:top}table a {font-weight:bold}.stripe td {background-color: #E6EBF9}.num {text-align:right}.passedodd td {background-color: #3F3}.passedeven td {background-color: #0A0}.skippedodd td {background-color: #DDD}.skippedeven td {background-color: #CCC}.failedodd td,.attn {background-color: #F33}.failedeven td,.stripe .attn {background-color: #D00}.stacktrace {white-space:pre;font-family:monospace}.totop {font-size:85%;text-align:center;border-bottom:2px solid #000}.invisible {display:none}</style>
</head>
<body>
<table>
<tr><th>Test</th><th># Passed</th><th># Skipped</th><th># Failed</th><th>Time (ms)</th><th>Included Groups</th><th>Excluded Groups</th></tr>
<tr><th colspan="7">Default suite</th></tr>
<tr><td><a href="#t0">Default test</a></td><td class="num">51</td><td class="num">0</td><td class="num attn">8</td><td class="num">5,161,305</td><td></td><td></td></tr>
</table>
<table id='summary'><thead><tr><th>Class</th><th>Method</th><th>Start</th><th>Time (ms)</th></tr></thead><tbody><tr><th colspan="4">Default suite</th></tr></tbody><tbody id="t0"><tr><th colspan="4">Default test &#8212; failed</th></tr><tr class="failedeven"><td rowspan="8">GT.GT.CreatingGroupTest</td><td><a href="#m0">verifyCallFunctionalityFromUnMutedCount</a></td><td rowspan="1">1551104022971</td><td rowspan="1">72723</td></tr><tr class="failedeven"><td><a href="#m1">verifyCallFunctionalityOfDialAllButtonInCallEndedTab</a></td><td rowspan="1">1551104128267</td><td rowspan="1">56081</td></tr><tr class="failedeven"><td><a href="#m2">verifyCallFunctionalityOfIndividualDialInCallEndedTab</a></td><td rowspan="1">1551104216857</td><td rowspan="1">50588</td></tr><tr class="failedeven"><td><a href="#m3">verifyFooterTextDisplayedOnMyGrpTalksPage</a></td><td rowspan="1">1551105625197</td><td rowspan="1">22</td></tr><tr class="failedeven"><td><a href="#m4">verifyNumberOfUsersFromSelectedContactsTab</a></td><td rowspan="1">1551106488684</td><td rowspan="1">2095</td></tr><tr class="failedeven"><td><a href="#m5">verifyRemoveContactFromSavedGroupOnMyGrpTalkPage</a></td><td rowspan="1">1551106595966</td><td rowspan="1">23943</td></tr><tr class="failedeven"><td><a href="#m6">verifyRepeatDaysFunctionalityOnEditGrpTalks</a></td><td rowspan="1">1551106727024</td><td rowspan="1">20452</td></tr><tr class="failedeven"><td><a href="#m7">verifyRepeatGrpCalEveryDayFunctionalityThroughHistory</a></td><td rowspan="1">1551106787473</td><td rowspan="1">3610</td></tr><tr><th colspan="4">Default test &#8212; passed</th></tr><tr class="passedeven"><td rowspan="51">GT.GT.CreatingGroupTest</td><td><a href="#m8">VerifyAllowNonMembersOptionInAdvancedSettingsOnOverlayInEditGrpTalk</a></td><td rowspan="1">1551102723605</td><td rowspan="1">26636</td></tr><tr class="passedeven"><td><a href="#m9">VerifyAssignCallManagerOptionInAdvancedSettingsOnOverlayForSchedule</a></td><td rowspan="1">1551102799815</td><td rowspan="1">21732</td></tr><tr class="passedeven"><td><a href="#m10">VerifyDialInOptionAndAllowNonMembersOptionInAdvancedSettingsOnOverlayInEditGrpTalk</a></td><td rowspan="1">1551102861478</td><td rowspan="1">26114</td></tr><tr class="passedeven"><td><a href="#m11">VerifyDialInOptionInAdvancedSettingsOnOverlayForSchedule</a></td><td rowspan="1">1551102937122</td><td rowspan="1">36211</td></tr><tr class="passedeven"><td><a href="#m12">VerifyDialInOptionInAdvancedSettingsOnOverlayInEditGrpTalk</a></td><td rowspan="1">1551103013182</td><td rowspan="1">48216</td></tr><tr class="passedeven"><td><a href="#m13">verifyAddContactsFromContactsListByEditngSavedGroupOnMyGrpTalkPage</a></td><td rowspan="1">1551103093255</td><td rowspan="1">36058</td></tr><tr class="passedeven"><td><a href="#m14">verifyAddMemberInOnGoingGrpCallFromCreateGroupTalkPageByCreatingNewGroup</a></td><td rowspan="1">1551103161427</td><td rowspan="1">86240</td></tr><tr class="passedeven"><td><a href="#m15">verifyAddMemberInOnGoingGrpCallThroughContacts</a></td><td rowspan="1">1551107755357</td><td rowspan="1">88807</td></tr><tr class="passedeven"><td><a href="#m16">verifyAddMemberInOnGoingGrpCallThroughWebList</a></td><td rowspan="1">1551103287700</td><td rowspan="1">90085</td></tr><tr class="passedeven"><td><a href="#m17">verifyAddMoreNumberOfUsersthanMaximunLimitFromContactList</a></td><td rowspan="1">1551103417840</td><td rowspan="1">7222</td></tr><tr class="passedeven"><td><a href="#m18">verifyAllButtonsDisplayedOnCallOverlay</a></td><td rowspan="1">1551103474393</td><td rowspan="1">1976</td></tr><tr class="passedeven"><td><a href="#m19">verifyCallFunctionalityForPrivateRoomTab</a></td><td rowspan="1">1551103526105</td><td rowspan="1">63897</td></tr><tr class="passedeven"><td><a href="#m20">verifyCallFunctionalityFromAllMembersTab</a></td><td rowspan="1">1551103629905</td><td rowspan="1">73891</td></tr><tr class="passedeven"><td><a href="#m21">verifyCallFunctionalityFromCreateGroupTalkPageByCreatingNewGroup</a></td><td rowspan="1">1551103743614</td><td rowspan="1">37781</td></tr><tr class="passedeven"><td><a href="#m22">verifyCallFunctionalityFromOnCallTab</a></td><td rowspan="1">1551103821186</td><td rowspan="1">72201</td></tr><tr class="passedeven"><td><a href="#m23">verifyCallFunctionalityFromQuickDialButtonInMyGrpTalk</a></td><td rowspan="1">1551103933187</td><td rowspan="1">40422</td></tr><tr class="passedeven"><td><a href="#m24">verifyCallFunctionalityOfSavedGrpTalkGroupOnMyGrpTalkPage</a></td><td rowspan="1">1551104299740</td><td rowspan="1">37154</td></tr><tr class="passedeven"><td><a href="#m25">verifyCallFunctionalityOfTestContactsFromCreateGroupTalkPage</a></td><td rowspan="1">1551104386173</td><td rowspan="1">183823</td></tr><tr class="passedeven"><td><a href="#m26">verifyCallFunctionalityWhenMuteAllButtonIsClickedInUnMutedTab</a></td><td rowspan="1">1551104619594</td><td rowspan="1">49032</td></tr><tr class="passedeven"><td><a href="#m27">verifyCanclefunctionalityOnOverlayInGrpCall</a></td><td rowspan="1">1551104708374</td><td rowspan="1">1951</td></tr><tr class="passedeven"><td><a href="#m28">verifyContactListInPhoneContacts</a></td><td rowspan="1">1551104759749</td><td rowspan="1">7434</td></tr><tr class="passedeven"><td><a href="#m29">verifyCreateWebLIst</a></td><td rowspan="1">1551104816524</td><td rowspan="1">8048</td></tr><tr class="passedeven"><td><a href="#m30">verifyDatePickerFunctionalityForScheduleOnEditGrpTalks</a></td><td rowspan="1">1551104873836</td><td rowspan="1">34488</td></tr><tr class="passedeven"><td><a href="#m31">verifyDatePickerFunctionalityOnEditGrpTalks</a></td><td rowspan="1">1551104948005</td><td rowspan="1">34699</td></tr><tr class="passedeven"><td><a href="#m32">verifyDialFunctionalityOfScheduleGroup</a></td><td rowspan="1">1551105022409</td><td rowspan="1">161049</td></tr><tr class="passedeven"><td><a href="#m33">verifyErrorMessageWhenJunkDataGivenInSearchBox</a></td><td rowspan="1">1551105223907</td><td rowspan="1">9792</td></tr><tr class="passedeven"><td><a href="#m34">verifyErrorMsgWhenWeSubmitSaveButtonWithOutEnterGrpTalkName</a></td><td rowspan="1">1551105283047</td><td rowspan="1">8259</td></tr><tr class="passedeven"><td><a href="#m35">verifyErrorMsgWhenWeSubmitSaveButtonWithOutSelectingAnyPhoneContacts</a></td><td rowspan="1">1551105340563</td><td rowspan="1">5605</td></tr><tr class="passedeven"><td><a href="#m36">verifyErrorMsgWhenWeSubmitScheduleButtonWithOutEnterGrpTalkName</a></td><td rowspan="1">1551105395554</td><td rowspan="1">8299</td></tr><tr class="passedeven"><td><a href="#m37">verifyErrorMsgWhenWeSubmitScheduleButtonWithOutSelectingAnyPhoneContacts</a></td><td rowspan="1">1551105453063</td><td rowspan="1">5551</td></tr><tr class="passedeven"><td><a href="#m38">verifyErrorMsgWhenWeSubmitStartNowButtonWithOutEnterGrpTalkName</a></td><td rowspan="1">1551105507936</td><td rowspan="1">10533</td></tr><tr class="passedeven"><td><a href="#m39">verifyErrorMsgWhenWeSubmitStartNowButtonWithOutSelectingAnyPhoneContacts</a></td><td rowspan="1">1551105567695</td><td rowspan="1">7726</td></tr><tr class="passedeven"><td><a href="#m40">verifyGrpTalkNameFieldOnCreateGroupTalk</a></td><td rowspan="1">1551105674972</td><td rowspan="1">17222</td></tr><tr class="passedeven"><td><a href="#m41">verifyHangUpInOnGoingCallOfindividualUser</a></td><td rowspan="1">1551105731977</td><td rowspan="1">88120</td></tr><tr class="passedeven"><td><a href="#m42">verifyHeaderTabsAndLogosDisplayedOnMyGrpTalksPage</a></td><td rowspan="1">1551105860317</td><td rowspan="1">176</td></tr><tr class="passedeven"><td><a href="#m43">verifyHistoryOfGroup</a></td><td rowspan="1">1551105910015</td><td rowspan="1">9561</td></tr><tr class="passedeven"><td><a href="#m44">verifyMuteCallFunctionalityFromCreateGroupTalkPageByCreatingNewGroup</a></td><td rowspan="1">1551105968068</td><td rowspan="1">49504</td></tr><tr class="passedeven"><td><a href="#m45">verifyMuteDialFunctionalityFromScheduleOverlay</a></td><td rowspan="1">1551106057383</td><td rowspan="1">164370</td></tr><tr class="passedeven"><td><a href="#m46">verifyMuteDialfunctionalityOnOverlayInGrpCall</a></td><td rowspan="1">1551106261798</td><td rowspan="1">36208</td></tr><tr class="passedeven"><td><a href="#m47">verifyMuteFunctionalityInOnGoingGrpCallThroughNormalDial</a></td><td rowspan="1">1551106347320</td><td rowspan="1">39633</td></tr><tr class="passedeven"><td><a href="#m48">verifyNonRepeatedGroupCallFunctionalityThroughHistory</a></td><td rowspan="1">1551106436305</td><td rowspan="1">3012</td></tr><tr class="passedeven"><td><a href="#m49">verifyQuickDialButtonFunctionalityofGroupsInMyGrpTalk</a></td><td rowspan="1">1551106541158</td><td rowspan="1">4571</td></tr><tr class="passedeven"><td><a href="#m50">verifyRemoveFunctionalityOfSavedGroupsOnMyGrpTalkPage</a></td><td rowspan="1">1551106659930</td><td rowspan="1">17880</td></tr><tr class="passedeven"><td><a href="#m51">verifyScheduleGrpTalk</a></td><td rowspan="1">1551106840856</td><td rowspan="1">17946</td></tr><tr class="passedeven"><td><a href="#m52">verifySearchOptionWithPartialValidUserName</a></td><td rowspan="1">1551106898452</td><td rowspan="1">10337</td></tr><tr class="passedeven"><td><a href="#m53">verifySearchOptionWithfullValidUserName</a></td><td rowspan="1">1551106958530</td><td rowspan="1">11509</td></tr><tr class="passedeven"><td><a href="#m54">verifySelectContactFromContactList</a></td><td rowspan="1">1551107019323</td><td rowspan="1">8061</td></tr><tr class="passedeven"><td><a href="#m55">verifySelectSpecificCharacterOfContactsInPhoneContacts</a></td><td rowspan="1">1551107489263</td><td rowspan="1">11519</td></tr><tr class="passedeven"><td><a href="#m56">verifyUnMuteFromMuteDialfunctionalityInGrpCall</a></td><td rowspan="1">1551107549733</td><td rowspan="1">39994</td></tr><tr class="passedeven"><td><a href="#m57">verify_list_Of_Group_Users_On_MyGrpTalk_Page</a></td><td rowspan="1">1551107639541</td><td rowspan="1">19197</td></tr><tr class="passedeven"><td><a href="#m58">verifyfunctionalityOfExcelReportDownloadOptionOnHistory</a></td><td rowspan="1">1551107698483</td><td rowspan="1">7058</td></tr></tbody>
</table>
<h2>Default test</h2><h3 id="m0">GT.GT.CreatingGroupTest#verifyCallFunctionalityFromUnMutedCount</h3><table class="result"><tr><th>Exception</th></tr><tr><td><div class="stacktrace">java.lang.AssertionError: expected [2] but found [1]
	at org.testng.Assert.fail(Assert.java:96)
	at org.testng.Assert.failNotEquals(Assert.java:776)
	at org.testng.Assert.assertEqualsImpl(Assert.java:137)
	at org.testng.Assert.assertEquals(Assert.java:118)
	at org.testng.Assert.assertEquals(Assert.java:652)
	at org.testng.Assert.assertEquals(Assert.java:662)
	at GT.GT.CreatingGroupTest.verifyCallFunctionalityFromUnMutedCount(CreatingGroupTest.java:2444)
	at sun.reflect.NativeMethodAccessorImpl.invoke0(Native Method)
	at sun.reflect.NativeMethodAccessorImpl.invoke(Unknown Source)
	at sun.reflect.DelegatingMethodAccessorImpl.invoke(Unknown Source)
	at java.lang.reflect.Method.invoke(Unknown Source)
	at org.testng.internal.MethodInvocationHelper.invokeMethod(MethodInvocationHelper.java:124)
	at org.testng.internal.Invoker.invokeMethod(Invoker.java:580)
	at org.testng.internal.Invoker.invokeTestMethod(Invoker.java:716)
	at org.testng.internal.Invoker.invokeTestMethods(Invoker.java:988)
	at org.testng.internal.TestMethodWorker.invokeTestMethods(TestMethodWorker.java:125)
	at org.testng.internal.TestMethodWorker.run(TestMethodWorker.java:109)
	at org.testng.TestRunner.privateRun(TestRunner.java:648)
	at org.testng.TestRunner.run(TestRunner.java:505)
	at org.testng.SuiteRunner.runTest(SuiteRunner.java:455)
	at org.testng.SuiteRunner.runSequentially(SuiteRunner.java:450)
	at org.testng.SuiteRunner.privateRun(SuiteRunner.java:415)
	at org.testng.SuiteRunner.run(SuiteRunner.java:364)
	at org.testng.SuiteRunnerWorker.runSuite(SuiteRunnerWorker.java:52)
	at org.testng.SuiteRunnerWorker.run(SuiteRunnerWorker.java:84)
	at org.testng.TestNG.runSuitesSequentially(TestNG.java:1208)
	at org.testng.TestNG.runSuitesLocally(TestNG.java:1137)
	at org.testng.TestNG.runSuites(TestNG.java:1049)
	at org.testng.TestNG.run(TestNG.java:1017)
	at org.testng.remote.AbstractRemoteTestNG.run(AbstractRemoteTestNG.java:114)
	at org.testng.remote.RemoteTestNG.initAndRun(RemoteTestNG.java:251)
	at org.testng.remote.RemoteTestNG.main(RemoteTestNG.java:77)
</div></td></tr></table><p class="totop"><a href="#summary">back to summary</a></p>
<h3 id="m1">GT.GT.CreatingGroupTest#verifyCallFunctionalityOfDialAllButtonInCallEndedTab</h3><table class="result"><tr><th>Exception</th></tr><tr><td><div class="stacktrace">java.lang.AssertionError: expected [2] but found [1]
	at org.testng.Assert.fail(Assert.java:96)
	at org.testng.Assert.failNotEquals(Assert.java:776)
	at org.testng.Assert.assertEqualsImpl(Assert.java:137)
	at org.testng.Assert.assertEquals(Assert.java:118)
	at org.testng.Assert.assertEquals(Assert.java:652)
	at org.testng.Assert.assertEquals(Assert.java:662)
	at GT.GT.CreatingGroupTest.verifyCallFunctionalityOfDialAllButtonInCallEndedTab(CreatingGroupTest.java:1988)
	at sun.reflect.NativeMethodAccessorImpl.invoke0(Native Method)
	at sun.reflect.NativeMethodAccessorImpl.invoke(Unknown Source)
	at sun.reflect.DelegatingMethodAccessorImpl.invoke(Unknown Source)
	at java.lang.reflect.Method.invoke(Unknown Source)
	at org.testng.internal.MethodInvocationHelper.invokeMethod(MethodInvocationHelper.java:124)
	at org.testng.internal.Invoker.invokeMethod(Invoker.java:580)
	at org.testng.internal.Invoker.invokeTestMethod(Invoker.java:716)
	at org.testng.internal.Invoker.invokeTestMethods(Invoker.java:988)
	at org.testng.internal.TestMethodWorker.invokeTestMethods(TestMethodWorker.java:125)
	at org.testng.internal.TestMethodWorker.run(TestMethodWorker.java:109)
	at org.testng.TestRunner.privateRun(TestRunner.java:648)
	at org.testng.TestRunner.run(TestRunner.java:505)
	at org.testng.SuiteRunner.runTest(SuiteRunner.java:455)
	at org.testng.SuiteRunner.runSequentially(SuiteRunner.java:450)
	at org.testng.SuiteRunner.privateRun(SuiteRunner.java:415)
	at org.testng.SuiteRunner.run(SuiteRunner.java:364)
	at org.testng.SuiteRunnerWorker.runSuite(SuiteRunnerWorker.java:52)
	at org.testng.SuiteRunnerWorker.run(SuiteRunnerWorker.java:84)
	at org.testng.TestNG.runSuitesSequentially(TestNG.java:1208)
	at org.testng.TestNG.runSuitesLocally(TestNG.java:1137)
	at org.testng.TestNG.runSuites(TestNG.java:1049)
	at org.testng.TestNG.run(TestNG.java:1017)
	at org.testng.remote.AbstractRemoteTestNG.run(AbstractRemoteTestNG.java:114)
	at org.testng.remote.RemoteTestNG.initAndRun(RemoteTestNG.java:251)
	at org.testng.remote.RemoteTestNG.main(RemoteTestNG.java:77)
</div></td></tr></table><p class="totop"><a href="#summary">back to summary</a></p>
<h3 id="m2">GT.GT.CreatingGroupTest#verifyCallFunctionalityOfIndividualDialInCallEndedTab</h3><table class="result"><tr><th>Exception</th></tr><tr><td><div class="stacktrace">java.lang.AssertionError: expected [2] but found [1]
	at org.testng.Assert.fail(Assert.java:96)
	at org.testng.Assert.failNotEquals(Assert.java:776)
	at org.testng.Assert.assertEqualsImpl(Assert.java:137)
	at org.testng.Assert.assertEquals(Assert.java:118)
	at org.testng.Assert.assertEquals(Assert.java:652)
	at org.testng.Assert.assertEquals(Assert.java:662)
	at GT.GT.CreatingGroupTest.verifyCallFunctionalityOfIndividualDialInCallEndedTab(CreatingGroupTest.java:2041)
	at sun.reflect.NativeMethodAccessorImpl.invoke0(Native Method)
	at sun.reflect.NativeMethodAccessorImpl.invoke(Unknown Source)
	at sun.reflect.DelegatingMethodAccessorImpl.invoke(Unknown Source)
	at java.lang.reflect.Method.invoke(Unknown Source)
	at org.testng.internal.MethodInvocationHelper.invokeMethod(MethodInvocationHelper.java:124)
	at org.testng.internal.Invoker.invokeMethod(Invoker.java:580)
	at org.testng.internal.Invoker.invokeTestMethod(Invoker.java:716)
	at org.testng.internal.Invoker.invokeTestMethods(Invoker.java:988)
	at org.testng.internal.TestMethodWorker.invokeTestMethods(TestMethodWorker.java:125)
	at org.testng.internal.TestMethodWorker.run(TestMethodWorker.java:109)
	at org.testng.TestRunner.privateRun(TestRunner.java:648)
	at org.testng.TestRunner.run(TestRunner.java:505)
	at org.testng.SuiteRunner.runTest(SuiteRunner.java:455)
	at org.testng.SuiteRunner.runSequentially(SuiteRunner.java:450)
	at org.testng.SuiteRunner.privateRun(SuiteRunner.java:415)
	at org.testng.SuiteRunner.run(SuiteRunner.java:364)
	at org.testng.SuiteRunnerWorker.runSuite(SuiteRunnerWorker.java:52)
	at org.testng.SuiteRunnerWorker.run(SuiteRunnerWorker.java:84)
	at org.testng.TestNG.runSuitesSequentially(TestNG.java:1208)
	at org.testng.TestNG.runSuitesLocally(TestNG.java:1137)
	at org.testng.TestNG.runSuites(TestNG.java:1049)
	at org.testng.TestNG.run(TestNG.java:1017)
	at org.testng.remote.AbstractRemoteTestNG.run(AbstractRemoteTestNG.java:114)
	at org.testng.remote.RemoteTestNG.initAndRun(RemoteTestNG.java:251)
	at org.testng.remote.RemoteTestNG.main(RemoteTestNG.java:77)
</div></td></tr></table><p class="totop"><a href="#summary">back to summary</a></p>
<h3 id="m3">GT.GT.CreatingGroupTest#verifyFooterTextDisplayedOnMyGrpTalksPage</h3><table class="result"><tr><th>Exception</th></tr><tr><td><div class="stacktrace">java.lang.AssertionError: expected [Copy rights © all rights are reserved 2018.] but found [Copy rights © all rights are reserved 2016.]
	at org.testng.Assert.fail(Assert.java:96)
	at org.testng.Assert.failNotEquals(Assert.java:776)
	at org.testng.Assert.assertEqualsImpl(Assert.java:137)
	at org.testng.Assert.assertEquals(Assert.java:118)
	at org.testng.Assert.assertEquals(Assert.java:453)
	at org.testng.Assert.assertEquals(Assert.java:463)
	at GT.GT.CreatingGroupTest.verifyFooterTextDisplayedOnMyGrpTalksPage(CreatingGroupTest.java:138)
	at sun.reflect.NativeMethodAccessorImpl.invoke0(Native Method)
	at sun.reflect.NativeMethodAccessorImpl.invoke(Unknown Source)
	at sun.reflect.DelegatingMethodAccessorImpl.invoke(Unknown Source)
	at java.lang.reflect.Method.invoke(Unknown Source)
	at org.testng.internal.MethodInvocationHelper.invokeMethod(MethodInvocationHelper.java:124)
	at org.testng.internal.Invoker.invokeMethod(Invoker.java:580)
	at org.testng.internal.Invoker.invokeTestMethod(Invoker.java:716)
	at org.testng.internal.Invoker.invokeTestMethods(Invoker.java:988)
	at org.testng.internal.TestMethodWorker.invokeTestMethods(TestMethodWorker.java:125)
	at org.testng.internal.TestMethodWorker.run(TestMethodWorker.java:109)
	at org.testng.TestRunner.privateRun(TestRunner.java:648)
	at org.testng.TestRunner.run(TestRunner.java:505)
	at org.testng.SuiteRunner.runTest(SuiteRunner.java:455)
	at org.testng.SuiteRunner.runSequentially(SuiteRunner.java:450)
	at org.testng.SuiteRunner.privateRun(SuiteRunner.java:415)
	at org.testng.SuiteRunner.run(SuiteRunner.java:364)
	at org.testng.SuiteRunnerWorker.runSuite(SuiteRunnerWorker.java:52)
	at org.testng.SuiteRunnerWorker.run(SuiteRunnerWorker.java:84)
	at org.testng.TestNG.runSuitesSequentially(TestNG.java:1208)
	at org.testng.TestNG.runSuitesLocally(TestNG.java:1137)
	at org.testng.TestNG.runSuites(TestNG.java:1049)
	at org.testng.TestNG.run(TestNG.java:1017)
	at org.testng.remote.AbstractRemoteTestNG.run(AbstractRemoteTestNG.java:114)
	at org.testng.remote.RemoteTestNG.initAndRun(RemoteTestNG.java:251)
	at org.testng.remote.RemoteTestNG.main(RemoteTestNG.java:77)
</div></td></tr></table><p class="totop"><a href="#summary">back to summary</a></p>
<h3 id="m4">GT.GT.CreatingGroupTest#verifyNumberOfUsersFromSelectedContactsTab</h3><table class="result"><tr><th>Exception</th></tr><tr><td><div class="stacktrace">org.openqa.selenium.WebDriverException: unknown error: Element &lt;button type=&quot;button&quot; class=&quot;btn btn-white&quot; id=&quot;createGrpTalk&quot;&gt;...&lt;/button&gt; is not clickable at point (168, 56). Other element would receive the click: &lt;div class=&quot;blockUI blockOverlay&quot; style=&quot;z-index: 1000; border: none; margin: 0px; padding: 0px; width: 100%; height: 100%; top: 0px; left: 0px; background-color: rgb(0, 0, 0); cursor: default; position: fixed; opacity: 0.000591981;&quot;&gt;&lt;/div&gt;
  (Session info: chrome=72.0.3626.109)
  (Driver info: chromedriver=2.43.600210 (68dcf5eebde37173d4027fa8635e332711d2874a),platform=Windows NT 10.0.15063 x86_64) (WARNING: The server did not provide any stacktrace information)
Command duration or timeout: 0 milliseconds
Build info: version: &apos;3.12.0&apos;, revision: &apos;7c6e0b3&apos;, time: &apos;2018-05-08T15:15:03.216Z&apos;
System info: host: &apos;DESKTOP-5HEF6VE&apos;, ip: &apos;192.168.75.122&apos;, os.name: &apos;Windows 10&apos;, os.arch: &apos;amd64&apos;, os.version: &apos;10.0&apos;, java.version: &apos;1.8.0_171&apos;
Driver info: org.openqa.selenium.chrome.ChromeDriver
Capabilities {acceptInsecureCerts: false, acceptSslCerts: false, applicationCacheEnabled: false, browserConnectionEnabled: false, browserName: chrome, chrome: {chromedriverVersion: 2.43.600210 (68dcf5eebde371..., userDataDir: C:\Users\smsc\AppData\Local...}, cssSelectorsEnabled: true, databaseEnabled: false, goog:chromeOptions: {debuggerAddress: localhost:15445}, handlesAlerts: true, hasTouchScreen: false, javascriptEnabled: true, locationContextEnabled: true, mobileEmulationEnabled: false, nativeEvents: true, networkConnectionEnabled: false, pageLoadStrategy: normal, platform: XP, platformName: XP, rotatable: false, setWindowRect: true, takesHeapSnapshot: true, takesScreenshot: true, unexpectedAlertBehaviour: , unhandledPromptBehavior: , version: 72.0.3626.109, webStorageEnabled: true}
Session ID: ea8dad07ec7cb990931ef4ba5de54fec
	at sun.reflect.NativeConstructorAccessorImpl.newInstance0(Native Method)
	at sun.reflect.NativeConstructorAccessorImpl.newInstance(Unknown Source)
	at sun.reflect.DelegatingConstructorAccessorImpl.newInstance(Unknown Source)
	at java.lang.reflect.Constructor.newInstance(Unknown Source)
	at org.openqa.selenium.remote.ErrorHandler.createThrowable(ErrorHandler.java:214)
	at org.openqa.selenium.remote.ErrorHandler.throwIfResponseFailed(ErrorHandler.java:166)
	at org.openqa.selenium.remote.http.JsonHttpResponseCodec.reconstructValue(JsonHttpResponseCodec.java:40)
	at org.openqa.selenium.remote.http.AbstractHttpResponseCodec.decode(AbstractHttpResponseCodec.java:80)
	at org.openqa.selenium.remote.http.AbstractHttpResponseCodec.decode(AbstractHttpResponseCodec.java:44)
	at org.openqa.selenium.remote.HttpCommandExecutor.execute(HttpCommandExecutor.java:158)
	at org.openqa.selenium.remote.service.DriverCommandExecutor.execute(DriverCommandExecutor.java:83)
	at org.openqa.selenium.remote.RemoteWebDriver.execute(RemoteWebDriver.java:543)
	at org.openqa.selenium.remote.RemoteWebElement.execute(RemoteWebElement.java:276)
	at org.openqa.selenium.remote.RemoteWebElement.click(RemoteWebElement.java:83)
	at GT.GT.CreatingGroup.clickCreateGrpButton(CreatingGroup.java:716)
	at GT.GT.CreatingGroupTest.verifyNumberOfUsersFromSelectedContactsTab(CreatingGroupTest.java:285)
	at sun.reflect.NativeMethodAccessorImpl.invoke0(Native Method)
	at sun.reflect.NativeMethodAccessorImpl.invoke(Unknown Source)
	at sun.reflect.DelegatingMethodAccessorImpl.invoke(Unknown Source)
	at java.lang.reflect.Method.invoke(Unknown Source)
	at org.testng.internal.MethodInvocationHelper.invokeMethod(MethodInvocationHelper.java:124)
	at org.testng.internal.Invoker.invokeMethod(Invoker.java:580)
	at org.testng.internal.Invoker.invokeTestMethod(Invoker.java:716)
	at org.testng.internal.Invoker.invokeTestMethods(Invoker.java:988)
	at org.testng.internal.TestMethodWorker.invokeTestMethods(TestMethodWorker.java:125)
	at org.testng.internal.TestMethodWorker.run(TestMethodWorker.java:109)
	at org.testng.TestRunner.privateRun(TestRunner.java:648)
	at org.testng.TestRunner.run(TestRunner.java:505)
	at org.testng.SuiteRunner.runTest(SuiteRunner.java:455)
	at org.testng.SuiteRunner.runSequentially(SuiteRunner.java:450)
	at org.testng.SuiteRunner.privateRun(SuiteRunner.java:415)
	at org.testng.SuiteRunner.run(SuiteRunner.java:364)
	at org.testng.SuiteRunnerWorker.runSuite(SuiteRunnerWorker.java:52)
	at org.testng.SuiteRunnerWorker.run(SuiteRunnerWorker.java:84)
	at org.testng.TestNG.runSuitesSequentially(TestNG.java:1208)
	at org.testng.TestNG.runSuitesLocally(TestNG.java:1137)
	at org.testng.TestNG.runSuites(TestNG.java:1049)
	at org.testng.TestNG.run(TestNG.java:1017)
	at org.testng.remote.AbstractRemoteTestNG.run(AbstractRemoteTestNG.java:114)
	at org.testng.remote.RemoteTestNG.initAndRun(RemoteTestNG.java:251)
	at org.testng.remote.RemoteTestNG.main(RemoteTestNG.java:77)
</div></td></tr></table><p class="totop"><a href="#summary">back to summary</a></p>
<h3 id="m5">GT.GT.CreatingGroupTest#verifyRemoveContactFromSavedGroupOnMyGrpTalkPage</h3><table class="result"><tr><th>Exception</th></tr><tr><td><div class="stacktrace">org.openqa.selenium.WebDriverException: unknown error: Element &lt;li class=&quot;selectedContacts&quot;&gt;...&lt;/li&gt; is not clickable at point (652, 181). Other element would receive the click: &lt;div class=&quot;blockUI blockOverlay&quot; style=&quot;z-index: 1000; border: none; margin: 0px; padding: 0px; width: 100%; height: 100%; top: 0px; left: 0px; background-color: rgb(0, 0, 0); cursor: wait; position: fixed; opacity: 0.6;&quot;&gt;&lt;/div&gt;
  (Session info: chrome=72.0.3626.109)
  (Driver info: chromedriver=2.43.600210 (68dcf5eebde37173d4027fa8635e332711d2874a),platform=Windows NT 10.0.15063 x86_64) (WARNING: The server did not provide any stacktrace information)
Command duration or timeout: 0 milliseconds
Build info: version: &apos;3.12.0&apos;, revision: &apos;7c6e0b3&apos;, time: &apos;2018-05-08T15:15:03.216Z&apos;
System info: host: &apos;DESKTOP-5HEF6VE&apos;, ip: &apos;192.168.75.122&apos;, os.name: &apos;Windows 10&apos;, os.arch: &apos;amd64&apos;, os.version: &apos;10.0&apos;, java.version: &apos;1.8.0_171&apos;
Driver info: org.openqa.selenium.chrome.ChromeDriver
Capabilities {acceptInsecureCerts: false, acceptSslCerts: false, applicationCacheEnabled: false, browserConnectionEnabled: false, browserName: chrome, chrome: {chromedriverVersion: 2.43.600210 (68dcf5eebde371..., userDataDir: C:\Users\smsc\AppData\Local...}, cssSelectorsEnabled: true, databaseEnabled: false, goog:chromeOptions: {debuggerAddress: localhost:15445}, handlesAlerts: true, hasTouchScreen: false, javascriptEnabled: true, locationContextEnabled: true, mobileEmulationEnabled: false, nativeEvents: true, networkConnectionEnabled: false, pageLoadStrategy: normal, platform: XP, platformName: XP, rotatable: false, setWindowRect: true, takesHeapSnapshot: true, takesScreenshot: true, unexpectedAlertBehaviour: , unhandledPromptBehavior: , version: 72.0.3626.109, webStorageEnabled: true}
Session ID: ea8dad07ec7cb990931ef4ba5de54fec
	at sun.reflect.NativeConstructorAccessorImpl.newInstance0(Native Method)
	at sun.reflect.NativeConstructorAccessorImpl.newInstance(Unknown Source)
	at sun.reflect.DelegatingConstructorAccessorImpl.newInstance(Unknown Source)
	at java.lang.reflect.Constructor.newInstance(Unknown Source)
	at org.openqa.selenium.remote.ErrorHandler.createThrowable(ErrorHandler.java:214)
	at org.openqa.selenium.remote.ErrorHandler.throwIfResponseFailed(ErrorHandler.java:166)
	at org.openqa.selenium.remote.http.JsonHttpResponseCodec.reconstructValue(JsonHttpResponseCodec.java:40)
	at org.openqa.selenium.remote.http.AbstractHttpResponseCodec.decode(AbstractHttpResponseCodec.java:80)
	at org.openqa.selenium.remote.http.AbstractHttpResponseCodec.decode(AbstractHttpResponseCodec.java:44)
	at org.openqa.selenium.remote.HttpCommandExecutor.execute(HttpCommandExecutor.java:158)
	at org.openqa.selenium.remote.service.DriverCommandExecutor.execute(DriverCommandExecutor.java:83)
	at org.openqa.selenium.remote.RemoteWebDriver.execute(RemoteWebDriver.java:543)
	at org.openqa.selenium.remote.RemoteWebElement.execute(RemoteWebElement.java:276)
	at org.openqa.selenium.remote.RemoteWebElement.click(RemoteWebElement.java:83)
	at GT.GT.CreatingGroup.selectedContactsTab(CreatingGroup.java:843)
	at GT.GT.CreatingGroup.removeContactFromSavedGroup(CreatingGroup.java:1118)
	at GT.GT.CreatingGroupTest.verifyRemoveContactFromSavedGroupOnMyGrpTalkPage(CreatingGroupTest.java:839)
	at sun.reflect.NativeMethodAccessorImpl.invoke0(Native Method)
	at sun.reflect.NativeMethodAccessorImpl.invoke(Unknown Source)
	at sun.reflect.DelegatingMethodAccessorImpl.invoke(Unknown Source)
	at java.lang.reflect.Method.invoke(Unknown Source)
	at org.testng.internal.MethodInvocationHelper.invokeMethod(MethodInvocationHelper.java:124)
	at org.testng.internal.Invoker.invokeMethod(Invoker.java:580)
	at org.testng.internal.Invoker.invokeTestMethod(Invoker.java:716)
	at org.testng.internal.Invoker.invokeTestMethods(Invoker.java:988)
	at org.testng.internal.TestMethodWorker.invokeTestMethods(TestMethodWorker.java:125)
	at org.testng.internal.TestMethodWorker.run(TestMethodWorker.java:109)
	at org.testng.TestRunner.privateRun(TestRunner.java:648)
	at org.testng.TestRunner.run(TestRunner.java:505)
	at org.testng.SuiteRunner.runTest(SuiteRunner.java:455)
	at org.testng.SuiteRunner.runSequentially(SuiteRunner.java:450)
	at org.testng.SuiteRunner.privateRun(SuiteRunner.java:415)
	at org.testng.SuiteRunner.run(SuiteRunner.java:364)
	at org.testng.SuiteRunnerWorker.runSuite(SuiteRunnerWorker.java:52)
	at org.testng.SuiteRunnerWorker.run(SuiteRunnerWorker.java:84)
	at org.testng.TestNG.runSuitesSequentially(TestNG.java:1208)
	at org.testng.TestNG.runSuitesLocally(TestNG.java:1137)
	at org.testng.TestNG.runSuites(TestNG.java:1049)
	at org.testng.TestNG.run(TestNG.java:1017)
	at org.testng.remote.AbstractRemoteTestNG.run(AbstractRemoteTestNG.java:114)
	at org.testng.remote.RemoteTestNG.initAndRun(RemoteTestNG.java:251)
	at org.testng.remote.RemoteTestNG.main(RemoteTestNG.java:77)
</div></td></tr></table><p class="totop"><a href="#summary">back to summary</a></p>
<h3 id="m6">GT.GT.CreatingGroupTest#verifyRepeatDaysFunctionalityOnEditGrpTalks</h3><table class="result"><tr><th>Exception</th></tr><tr><td><div class="stacktrace">org.openqa.selenium.WebDriverException: unknown error: Element &lt;input type=&quot;text&quot; style=&quot;background: #fff; width: 100%; text-align: left;&quot; placeholder=&quot;Sun, Mon, Tue, Wed, Thu, Fri, Sat&quot; value=&quot;&quot; size=&quot;16&quot; data-field=&quot;repeat weekdays&quot; data-target=&quot;#repeatCall&quot; class=&quot;form-control-inline repeatWeekDays custom-form&quot; id=&quot;repeat&quot; readonly=&quot;&quot;&gt; is not clickable at point (653, 546). Other element would receive the click: &lt;div class=&quot;blockUI blockOverlay&quot; style=&quot;z-index: 1000; border: none; margin: 0px; padding: 0px; width: 100%; height: 100%; top: 0px; left: 0px; background-color: rgb(0, 0, 0); cursor: wait; position: fixed; opacity: 0.6;&quot;&gt;&lt;/div&gt;
  (Session info: chrome=72.0.3626.109)
  (Driver info: chromedriver=2.43.600210 (68dcf5eebde37173d4027fa8635e332711d2874a),platform=Windows NT 10.0.15063 x86_64) (WARNING: The server did not provide any stacktrace information)
Command duration or timeout: 0 milliseconds
Build info: version: &apos;3.12.0&apos;, revision: &apos;7c6e0b3&apos;, time: &apos;2018-05-08T15:15:03.216Z&apos;
System info: host: &apos;DESKTOP-5HEF6VE&apos;, ip: &apos;192.168.75.122&apos;, os.name: &apos;Windows 10&apos;, os.arch: &apos;amd64&apos;, os.version: &apos;10.0&apos;, java.version: &apos;1.8.0_171&apos;
Driver info: org.openqa.selenium.chrome.ChromeDriver
Capabilities {acceptInsecureCerts: false, acceptSslCerts: false, applicationCacheEnabled: false, browserConnectionEnabled: false, browserName: chrome, chrome: {chromedriverVersion: 2.43.600210 (68dcf5eebde371..., userDataDir: C:\Users\smsc\AppData\Local...}, cssSelectorsEnabled: true, databaseEnabled: false, goog:chromeOptions: {debuggerAddress: localhost:15445}, handlesAlerts: true, hasTouchScreen: false, javascriptEnabled: true, locationContextEnabled: true, mobileEmulationEnabled: false, nativeEvents: true, networkConnectionEnabled: false, pageLoadStrategy: normal, platform: XP, platformName: XP, rotatable: false, setWindowRect: true, takesHeapSnapshot: true, takesScreenshot: true, unexpectedAlertBehaviour: , unhandledPromptBehavior: , version: 72.0.3626.109, webStorageEnabled: true}
Session ID: ea8dad07ec7cb990931ef4ba5de54fec
	at sun.reflect.NativeConstructorAccessorImpl.newInstance0(Native Method)
	at sun.reflect.NativeConstructorAccessorImpl.newInstance(Unknown Source)
	at sun.reflect.DelegatingConstructorAccessorImpl.newInstance(Unknown Source)
	at java.lang.reflect.Constructor.newInstance(Unknown Source)
	at org.openqa.selenium.remote.ErrorHandler.createThrowable(ErrorHandler.java:214)
	at org.openqa.selenium.remote.ErrorHandler.throwIfResponseFailed(ErrorHandler.java:166)
	at org.openqa.selenium.remote.http.JsonHttpResponseCodec.reconstructValue(JsonHttpResponseCodec.java:40)
	at org.openqa.selenium.remote.http.AbstractHttpResponseCodec.decode(AbstractHttpResponseCodec.java:80)
	at org.openqa.selenium.remote.http.AbstractHttpResponseCodec.decode(AbstractHttpResponseCodec.java:44)
	at org.openqa.selenium.remote.HttpCommandExecutor.execute(HttpCommandExecutor.java:158)
	at org.openqa.selenium.remote.service.DriverCommandExecutor.execute(DriverCommandExecutor.java:83)
	at org.openqa.selenium.remote.RemoteWebDriver.execute(RemoteWebDriver.java:543)
	at org.openqa.selenium.remote.RemoteWebElement.execute(RemoteWebElement.java:276)
	at org.openqa.selenium.remote.RemoteWebElement.click(RemoteWebElement.java:83)
	at GT.GT.CreatingGroup.clickRepeatDaysFiledOnEditGrpTalk(CreatingGroup.java:508)
	at GT.GT.CreatingGroupTest.verifyRepeatDaysFunctionalityOnEditGrpTalks(CreatingGroupTest.java:1710)
	at sun.reflect.NativeMethodAccessorImpl.invoke0(Native Method)
	at sun.reflect.NativeMethodAccessorImpl.invoke(Unknown Source)
	at sun.reflect.DelegatingMethodAccessorImpl.invoke(Unknown Source)
	at java.lang.reflect.Method.invoke(Unknown Source)
	at org.testng.internal.MethodInvocationHelper.invokeMethod(MethodInvocationHelper.java:124)
	at org.testng.internal.Invoker.invokeMethod(Invoker.java:580)
	at org.testng.internal.Invoker.invokeTestMethod(Invoker.java:716)
	at org.testng.internal.Invoker.invokeTestMethods(Invoker.java:988)
	at org.testng.internal.TestMethodWorker.invokeTestMethods(TestMethodWorker.java:125)
	at org.testng.internal.TestMethodWorker.run(TestMethodWorker.java:109)
	at org.testng.TestRunner.privateRun(TestRunner.java:648)
	at org.testng.TestRunner.run(TestRunner.java:505)
	at org.testng.SuiteRunner.runTest(SuiteRunner.java:455)
	at org.testng.SuiteRunner.runSequentially(SuiteRunner.java:450)
	at org.testng.SuiteRunner.privateRun(SuiteRunner.java:415)
	at org.testng.SuiteRunner.run(SuiteRunner.java:364)
	at org.testng.SuiteRunnerWorker.runSuite(SuiteRunnerWorker.java:52)
	at org.testng.SuiteRunnerWorker.run(SuiteRunnerWorker.java:84)
	at org.testng.TestNG.runSuitesSequentially(TestNG.java:1208)
	at org.testng.TestNG.runSuitesLocally(TestNG.java:1137)
	at org.testng.TestNG.runSuites(TestNG.java:1049)
	at org.testng.TestNG.run(TestNG.java:1017)
	at org.testng.remote.AbstractRemoteTestNG.run(AbstractRemoteTestNG.java:114)
	at org.testng.remote.RemoteTestNG.initAndRun(RemoteTestNG.java:251)
	at org.testng.remote.RemoteTestNG.main(RemoteTestNG.java:77)
</div></td></tr></table><p class="totop"><a href="#summary">back to summary</a></p>
<h3 id="m7">GT.GT.CreatingGroupTest#verifyRepeatGrpCalEveryDayFunctionalityThroughHistory</h3><table class="result"><tr><th>Exception</th></tr><tr><td><div class="stacktrace">java.lang.AssertionError: expected [true] but found [false]
	at org.testng.Assert.fail(Assert.java:96)
	at org.testng.Assert.failNotEquals(Assert.java:776)
	at org.testng.Assert.assertTrue(Assert.java:44)
	at org.testng.Assert.assertTrue(Assert.java:54)
	at GT.GT.CreatingGroupTest.verifyRepeatGrpCalEveryDayFunctionalityThroughHistory(CreatingGroupTest.java:2619)
	at sun.reflect.NativeMethodAccessorImpl.invoke0(Native Method)
	at sun.reflect.NativeMethodAccessorImpl.invoke(Unknown Source)
	at sun.reflect.DelegatingMethodAccessorImpl.invoke(Unknown Source)
	at java.lang.reflect.Method.invoke(Unknown Source)
	at org.testng.internal.MethodInvocationHelper.invokeMethod(MethodInvocationHelper.java:124)
	at org.testng.internal.Invoker.invokeMethod(Invoker.java:580)
	at org.testng.internal.Invoker.invokeTestMethod(Invoker.java:716)
	at org.testng.internal.Invoker.invokeTestMethods(Invoker.java:988)
	at org.testng.internal.TestMethodWorker.invokeTestMethods(TestMethodWorker.java:125)
	at org.testng.internal.TestMethodWorker.run(TestMethodWorker.java:109)
	at org.testng.TestRunner.privateRun(TestRunner.java:648)
	at org.testng.TestRunner.run(TestRunner.java:505)
	at org.testng.SuiteRunner.runTest(SuiteRunner.java:455)
	at org.testng.SuiteRunner.runSequentially(SuiteRunner.java:450)
	at org.testng.SuiteRunner.privateRun(SuiteRunner.java:415)
	at org.testng.SuiteRunner.run(SuiteRunner.java:364)
	at org.testng.SuiteRunnerWorker.runSuite(SuiteRunnerWorker.java:52)
	at org.testng.SuiteRunnerWorker.run(SuiteRunnerWorker.java:84)
	at org.testng.TestNG.runSuitesSequentially(TestNG.java:1208)
	at org.testng.TestNG.runSuitesLocally(TestNG.java:1137)
	at org.testng.TestNG.runSuites(TestNG.java:1049)
	at org.testng.TestNG.run(TestNG.java:1017)
	at org.testng.remote.AbstractRemoteTestNG.run(AbstractRemoteTestNG.java:114)
	at org.testng.remote.RemoteTestNG.initAndRun(RemoteTestNG.java:251)
	at org.testng.remote.RemoteTestNG.main(RemoteTestNG.java:77)
</div></td></tr></table><p class="totop"><a href="#summary">back to summary</a></p>
<h3 id="m8">GT.GT.CreatingGroupTest#VerifyAllowNonMembersOptionInAdvancedSettingsOnOverlayInEditGrpTalk</h3><table class="result"><tr><th class="invisible"/></tr></table><p class="totop"><a href="#summary">back to summary</a></p>
<h3 id="m9">GT.GT.CreatingGroupTest#VerifyAssignCallManagerOptionInAdvancedSettingsOnOverlayForSchedule</h3><table class="result"><tr><th class="invisible"/></tr></table><p class="totop"><a href="#summary">back to summary</a></p>
<h3 id="m10">GT.GT.CreatingGroupTest#VerifyDialInOptionAndAllowNonMembersOptionInAdvancedSettingsOnOverlayInEditGrpTalk</h3><table class="result"><tr><th class="invisible"/></tr></table><p class="totop"><a href="#summary">back to summary</a></p>
<h3 id="m11">GT.GT.CreatingGroupTest#VerifyDialInOptionInAdvancedSettingsOnOverlayForSchedule</h3><table class="result"><tr><th class="invisible"/></tr></table><p class="totop"><a href="#summary">back to summary</a></p>
<h3 id="m12">GT.GT.CreatingGroupTest#VerifyDialInOptionInAdvancedSettingsOnOverlayInEditGrpTalk</h3><table class="result"><tr><th class="invisible"/></tr></table><p class="totop"><a href="#summary">back to summary</a></p>
<h3 id="m13">GT.GT.CreatingGroupTest#verifyAddContactsFromContactsListByEditngSavedGroupOnMyGrpTalkPage</h3><table class="result"><tr><th class="invisible"/></tr></table><p class="totop"><a href="#summary">back to summary</a></p>
<h3 id="m14">GT.GT.CreatingGroupTest#verifyAddMemberInOnGoingGrpCallFromCreateGroupTalkPageByCreatingNewGroup</h3><table class="result"><tr><th class="invisible"/></tr></table><p class="totop"><a href="#summary">back to summary</a></p>
<h3 id="m15">GT.GT.CreatingGroupTest#verifyAddMemberInOnGoingGrpCallThroughContacts</h3><table class="result"><tr><th class="invisible"/></tr></table><p class="totop"><a href="#summary">back to summary</a></p>
<h3 id="m16">GT.GT.CreatingGroupTest#verifyAddMemberInOnGoingGrpCallThroughWebList</h3><table class="result"><tr><th class="invisible"/></tr></table><p class="totop"><a href="#summary">back to summary</a></p>
<h3 id="m17">GT.GT.CreatingGroupTest#verifyAddMoreNumberOfUsersthanMaximunLimitFromContactList</h3><table class="result"><tr><th class="invisible"/></tr></table><p class="totop"><a href="#summary">back to summary</a></p>
<h3 id="m18">GT.GT.CreatingGroupTest#verifyAllButtonsDisplayedOnCallOverlay</h3><table class="result"><tr><th class="invisible"/></tr></table><p class="totop"><a href="#summary">back to summary</a></p>
<h3 id="m19">GT.GT.CreatingGroupTest#verifyCallFunctionalityForPrivateRoomTab</h3><table class="result"><tr><th class="invisible"/></tr></table><p class="totop"><a href="#summary">back to summary</a></p>
<h3 id="m20">GT.GT.CreatingGroupTest#verifyCallFunctionalityFromAllMembersTab</h3><table class="result"><tr><th class="invisible"/></tr></table><p class="totop"><a href="#summary">back to summary</a></p>
<h3 id="m21">GT.GT.CreatingGroupTest#verifyCallFunctionalityFromCreateGroupTalkPageByCreatingNewGroup</h3><table class="result"><tr><th class="invisible"/></tr></table><p class="totop"><a href="#summary">back to summary</a></p>
<h3 id="m22">GT.GT.CreatingGroupTest#verifyCallFunctionalityFromOnCallTab</h3><table class="result"><tr><th class="invisible"/></tr></table><p class="totop"><a href="#summary">back to summary</a></p>
<h3 id="m23">GT.GT.CreatingGroupTest#verifyCallFunctionalityFromQuickDialButtonInMyGrpTalk</h3><table class="result"><tr><th class="invisible"/></tr></table><p class="totop"><a href="#summary">back to summary</a></p>
<h3 id="m24">GT.GT.CreatingGroupTest#verifyCallFunctionalityOfSavedGrpTalkGroupOnMyGrpTalkPage</h3><table class="result"><tr><th class="invisible"/></tr></table><p class="totop"><a href="#summary">back to summary</a></p>
<h3 id="m25">GT.GT.CreatingGroupTest#verifyCallFunctionalityOfTestContactsFromCreateGroupTalkPage</h3><table class="result"><tr><th class="invisible"/></tr></table><p class="totop"><a href="#summary">back to summary</a></p>
<h3 id="m26">GT.GT.CreatingGroupTest#verifyCallFunctionalityWhenMuteAllButtonIsClickedInUnMutedTab</h3><table class="result"><tr><th class="invisible"/></tr></table><p class="totop"><a href="#summary">back to summary</a></p>
<h3 id="m27">GT.GT.CreatingGroupTest#verifyCanclefunctionalityOnOverlayInGrpCall</h3><table class="result"><tr><th class="invisible"/></tr></table><p class="totop"><a href="#summary">back to summary</a></p>
<h3 id="m28">GT.GT.CreatingGroupTest#verifyContactListInPhoneContacts</h3><table class="result"><tr><th class="invisible"/></tr></table><p class="totop"><a href="#summary">back to summary</a></p>
<h3 id="m29">GT.GT.CreatingGroupTest#verifyCreateWebLIst</h3><table class="result"><tr><th class="invisible"/></tr></table><p class="totop"><a href="#summary">back to summary</a></p>
<h3 id="m30">GT.GT.CreatingGroupTest#verifyDatePickerFunctionalityForScheduleOnEditGrpTalks</h3><table class="result"><tr><th class="invisible"/></tr></table><p class="totop"><a href="#summary">back to summary</a></p>
<h3 id="m31">GT.GT.CreatingGroupTest#verifyDatePickerFunctionalityOnEditGrpTalks</h3><table class="result"><tr><th class="invisible"/></tr></table><p class="totop"><a href="#summary">back to summary</a></p>
<h3 id="m32">GT.GT.CreatingGroupTest#verifyDialFunctionalityOfScheduleGroup</h3><table class="result"><tr><th class="invisible"/></tr></table><p class="totop"><a href="#summary">back to summary</a></p>
<h3 id="m33">GT.GT.CreatingGroupTest#verifyErrorMessageWhenJunkDataGivenInSearchBox</h3><table class="result"><tr><th class="invisible"/></tr></table><p class="totop"><a href="#summary">back to summary</a></p>
<h3 id="m34">GT.GT.CreatingGroupTest#verifyErrorMsgWhenWeSubmitSaveButtonWithOutEnterGrpTalkName</h3><table class="result"><tr><th class="invisible"/></tr></table><p class="totop"><a href="#summary">back to summary</a></p>
<h3 id="m35">GT.GT.CreatingGroupTest#verifyErrorMsgWhenWeSubmitSaveButtonWithOutSelectingAnyPhoneContacts</h3><table class="result"><tr><th class="invisible"/></tr></table><p class="totop"><a href="#summary">back to summary</a></p>
<h3 id="m36">GT.GT.CreatingGroupTest#verifyErrorMsgWhenWeSubmitScheduleButtonWithOutEnterGrpTalkName</h3><table class="result"><tr><th class="invisible"/></tr></table><p class="totop"><a href="#summary">back to summary</a></p>
<h3 id="m37">GT.GT.CreatingGroupTest#verifyErrorMsgWhenWeSubmitScheduleButtonWithOutSelectingAnyPhoneContacts</h3><table class="result"><tr><th class="invisible"/></tr></table><p class="totop"><a href="#summary">back to summary</a></p>
<h3 id="m38">GT.GT.CreatingGroupTest#verifyErrorMsgWhenWeSubmitStartNowButtonWithOutEnterGrpTalkName</h3><table class="result"><tr><th class="invisible"/></tr></table><p class="totop"><a href="#summary">back to summary</a></p>
<h3 id="m39">GT.GT.CreatingGroupTest#verifyErrorMsgWhenWeSubmitStartNowButtonWithOutSelectingAnyPhoneContacts</h3><table class="result"><tr><th class="invisible"/></tr></table><p class="totop"><a href="#summary">back to summary</a></p>
<h3 id="m40">GT.GT.CreatingGroupTest#verifyGrpTalkNameFieldOnCreateGroupTalk</h3><table class="result"><tr><th class="invisible"/></tr></table><p class="totop"><a href="#summary">back to summary</a></p>
<h3 id="m41">GT.GT.CreatingGroupTest#verifyHangUpInOnGoingCallOfindividualUser</h3><table class="result"><tr><th class="invisible"/></tr></table><p class="totop"><a href="#summary">back to summary</a></p>
<h3 id="m42">GT.GT.CreatingGroupTest#verifyHeaderTabsAndLogosDisplayedOnMyGrpTalksPage</h3><table class="result"><tr><th class="invisible"/></tr></table><p class="totop"><a href="#summary">back to summary</a></p>
<h3 id="m43">GT.GT.CreatingGroupTest#verifyHistoryOfGroup</h3><table class="result"><tr><th class="invisible"/></tr></table><p class="totop"><a href="#summary">back to summary</a></p>
<h3 id="m44">GT.GT.CreatingGroupTest#verifyMuteCallFunctionalityFromCreateGroupTalkPageByCreatingNewGroup</h3><table class="result"><tr><th class="invisible"/></tr></table><p class="totop"><a href="#summary">back to summary</a></p>
<h3 id="m45">GT.GT.CreatingGroupTest#verifyMuteDialFunctionalityFromScheduleOverlay</h3><table class="result"><tr><th class="invisible"/></tr></table><p class="totop"><a href="#summary">back to summary</a></p>
<h3 id="m46">GT.GT.CreatingGroupTest#verifyMuteDialfunctionalityOnOverlayInGrpCall</h3><table class="result"><tr><th class="invisible"/></tr></table><p class="totop"><a href="#summary">back to summary</a></p>
<h3 id="m47">GT.GT.CreatingGroupTest#verifyMuteFunctionalityInOnGoingGrpCallThroughNormalDial</h3><table class="result"><tr><th class="invisible"/></tr></table><p class="totop"><a href="#summary">back to summary</a></p>
<h3 id="m48">GT.GT.CreatingGroupTest#verifyNonRepeatedGroupCallFunctionalityThroughHistory</h3><table class="result"><tr><th class="invisible"/></tr></table><p class="totop"><a href="#summary">back to summary</a></p>
<h3 id="m49">GT.GT.CreatingGroupTest#verifyQuickDialButtonFunctionalityofGroupsInMyGrpTalk</h3><table class="result"><tr><th class="invisible"/></tr></table><p class="totop"><a href="#summary">back to summary</a></p>
<h3 id="m50">GT.GT.CreatingGroupTest#verifyRemoveFunctionalityOfSavedGroupsOnMyGrpTalkPage</h3><table class="result"><tr><th class="invisible"/></tr></table><p class="totop"><a href="#summary">back to summary</a></p>
<h3 id="m51">GT.GT.CreatingGroupTest#verifyScheduleGrpTalk</h3><table class="result"><tr><th class="invisible"/></tr></table><p class="totop"><a href="#summary">back to summary</a></p>
<h3 id="m52">GT.GT.CreatingGroupTest#verifySearchOptionWithPartialValidUserName</h3><table class="result"><tr><th class="invisible"/></tr></table><p class="totop"><a href="#summary">back to summary</a></p>
<h3 id="m53">GT.GT.CreatingGroupTest#verifySearchOptionWithfullValidUserName</h3><table class="result"><tr><th class="invisible"/></tr></table><p class="totop"><a href="#summary">back to summary</a></p>
<h3 id="m54">GT.GT.CreatingGroupTest#verifySelectContactFromContactList</h3><table class="result"><tr><th class="invisible"/></tr></table><p class="totop"><a href="#summary">back to summary</a></p>
<h3 id="m55">GT.GT.CreatingGroupTest#verifySelectSpecificCharacterOfContactsInPhoneContacts</h3><table class="result"><tr><th class="invisible"/></tr></table><p class="totop"><a href="#summary">back to summary</a></p>
<h3 id="m56">GT.GT.CreatingGroupTest#verifyUnMuteFromMuteDialfunctionalityInGrpCall</h3><table class="result"><tr><th class="invisible"/></tr></table><p class="totop"><a href="#summary">back to summary</a></p>
<h3 id="m57">GT.GT.CreatingGroupTest#verify_list_Of_Group_Users_On_MyGrpTalk_Page</h3><table class="result"><tr><th class="invisible"/></tr></table><p class="totop"><a href="#summary">back to summary</a></p>
<h3 id="m58">GT.GT.CreatingGroupTest#verifyfunctionalityOfExcelReportDownloadOptionOnHistory</h3><table class="result"><tr><th class="invisible"/></tr></table><p class="totop"><a href="#summary">back to summary</a></p>
</body>
</html>
