<?xml version="1.0" encoding="UTF-8"?>
<testng-results skipped="0" failed="6" ignored="1" total="31" passed="24">
  <reporter-output>
  </reporter-output>
  <suite name="Suite" duration-ms="1004370" started-at="2019-07-08T06:37:47Z" finished-at="2019-07-08T06:54:31Z">
    <groups>
    </groups>
    <test name="Test" duration-ms="1004370" started-at="2019-07-08T06:37:47Z" finished-at="2019-07-08T06:54:31Z">
      <class name="GT.GT.HomePageTest">
        <test-method status="PASS" signature="setup(java.lang.String, java.lang.String)[pri:0, instance:GT.GT.HomePageTest@4232c52b]" name="setup" is-config="true" duration-ms="15306" started-at="2019-07-08T06:37:47Z" finished-at="2019-07-08T06:38:02Z">
          <params>
            <param index="0">
              <value>
                <![CDATA[Chrome]]>
              </value>
            </param>
            <param index="1">
              <value>
                <![CDATA[stagingHomePage]]>
              </value>
            </param>
          </params>
          <reporter-output>
          </reporter-output>
        </test-method> <!-- setup -->
        <test-method status="PASS" signature="beforeCalss()[pri:0, instance:GT.GT.HomePageTest@4232c52b]" name="beforeCalss" is-config="true" duration-ms="1" started-at="2019-07-08T06:38:02Z" finished-at="2019-07-08T06:38:02Z">
          <reporter-output>
          </reporter-output>
        </test-method> <!-- beforeCalss -->
        <test-method status="PASS" signature="verifyAboutLinkInFooterSection()[pri:0, instance:GT.GT.HomePageTest@4232c52b]" name="verifyAboutLinkInFooterSection" duration-ms="764" started-at="2019-07-08T06:38:02Z" finished-at="2019-07-08T06:38:03Z">
          <reporter-output>
          </reporter-output>
        </test-method> <!-- verifyAboutLinkInFooterSection -->
        <test-method status="PASS" signature="tearDown(org.testng.ITestResult)[pri:0, instance:GT.GT.HomePageTest@4232c52b]" name="tearDown" is-config="true" duration-ms="31234" started-at="2019-07-08T06:38:03Z" finished-at="2019-07-08T06:38:34Z">
          <params>
            <param index="0">
              <value>
                <![CDATA[[TestResult name=verifyAboutLinkInFooterSection status=SUCCESS method=HomePageTest.verifyAboutLinkInFooterSection()[pri:0, instance:GT.GT.HomePageTest@4232c52b] output={null}]]]>
              </value>
            </param>
          </params>
          <reporter-output>
          </reporter-output>
        </test-method> <!-- tearDown -->
        <test-method status="FAIL" signature="verifyAppStoreTabFunctionality()[pri:0, instance:GT.GT.HomePageTest@4232c52b]" name="verifyAppStoreTabFunctionality" duration-ms="5613" started-at="2019-07-08T06:38:34Z" finished-at="2019-07-08T06:38:40Z">
          <exception class="java.lang.AssertionError">
            <message>
              <![CDATA[expected [https://apps.apple.com/in/app/grptalk/id1074172134?gclid=&ls=1&referrer=utm_source%3D%26utm_medium%3Dcpc&source=] but found [https://apps.apple.com/in/app/grptalk/id1074172134?gclid=&ls=1&referrer=utm_source%3D%26utm_medium%3D&source=]]]>
            </message>
            <full-stacktrace>
              <![CDATA[java.lang.AssertionError: expected [https://apps.apple.com/in/app/grptalk/id1074172134?gclid=&ls=1&referrer=utm_source%3D%26utm_medium%3Dcpc&source=] but found [https://apps.apple.com/in/app/grptalk/id1074172134?gclid=&ls=1&referrer=utm_source%3D%26utm_medium%3D&source=]
at org.testng.Assert.fail(Assert.java:96)
at org.testng.Assert.failNotEquals(Assert.java:776)
at org.testng.Assert.assertEqualsImpl(Assert.java:137)
at org.testng.Assert.assertEquals(Assert.java:118)
at org.testng.Assert.assertEquals(Assert.java:453)
at org.testng.Assert.assertEquals(Assert.java:463)
at GT.GT.HomePageTest.verifyAppStoreTabFunctionality(HomePageTest.java:203)
at sun.reflect.NativeMethodAccessorImpl.invoke0(Native Method)
at sun.reflect.NativeMethodAccessorImpl.invoke(Unknown Source)
at sun.reflect.DelegatingMethodAccessorImpl.invoke(Unknown Source)
at java.lang.reflect.Method.invoke(Unknown Source)
at org.testng.internal.MethodInvocationHelper.invokeMethod(MethodInvocationHelper.java:124)
at org.testng.internal.Invoker.invokeMethod(Invoker.java:583)
at org.testng.internal.Invoker.invokeTestMethod(Invoker.java:719)
at org.testng.internal.Invoker.invokeTestMethods(Invoker.java:989)
at org.testng.internal.TestMethodWorker.invokeTestMethods(TestMethodWorker.java:125)
at org.testng.internal.TestMethodWorker.run(TestMethodWorker.java:109)
at org.testng.TestRunner.privateRun(TestRunner.java:648)
at org.testng.TestRunner.run(TestRunner.java:505)
at org.testng.SuiteRunner.runTest(SuiteRunner.java:455)
at org.testng.SuiteRunner.runSequentially(SuiteRunner.java:450)
at org.testng.SuiteRunner.privateRun(SuiteRunner.java:415)
at org.testng.SuiteRunner.run(SuiteRunner.java:364)
at org.testng.SuiteRunnerWorker.runSuite(SuiteRunnerWorker.java:52)
at org.testng.SuiteRunnerWorker.run(SuiteRunnerWorker.java:84)
at org.testng.TestNG.runSuitesSequentially(TestNG.java:1208)
at org.testng.TestNG.runSuitesLocally(TestNG.java:1137)
at org.testng.TestNG.runSuites(TestNG.java:1049)
at org.testng.TestNG.run(TestNG.java:1017)
at org.testng.remote.AbstractRemoteTestNG.run(AbstractRemoteTestNG.java:114)
at org.testng.remote.RemoteTestNG.initAndRun(RemoteTestNG.java:251)
at org.testng.remote.RemoteTestNG.main(RemoteTestNG.java:77)
]]>
            </full-stacktrace>
          </exception> <!-- java.lang.AssertionError -->
          <reporter-output>
          </reporter-output>
        </test-method> <!-- verifyAppStoreTabFunctionality -->
        <test-method status="PASS" signature="tearDown(org.testng.ITestResult)[pri:0, instance:GT.GT.HomePageTest@4232c52b]" name="tearDown" is-config="true" duration-ms="31322" started-at="2019-07-08T06:38:40Z" finished-at="2019-07-08T06:39:11Z">
          <params>
            <param index="0">
              <value>
                <![CDATA[[TestResult name=verifyAppStoreTabFunctionality status=FAILURE method=HomePageTest.verifyAppStoreTabFunctionality()[pri:0, instance:GT.GT.HomePageTest@4232c52b] output={null}]]]>
              </value>
            </param>
          </params>
          <reporter-output>
          </reporter-output>
        </test-method> <!-- tearDown -->
        <test-method status="FAIL" signature="verifyBlogLinkInFooterSection()[pri:0, instance:GT.GT.HomePageTest@4232c52b]" name="verifyBlogLinkInFooterSection" duration-ms="6336" started-at="2019-07-08T06:39:11Z" finished-at="2019-07-08T06:39:18Z">
          <exception class="java.lang.AssertionError">
            <message>
              <![CDATA[expected [http://staging.grptalk.com/login] but found [http://staging.grptalk.com/]]]>
            </message>
            <full-stacktrace>
              <![CDATA[java.lang.AssertionError: expected [http://staging.grptalk.com/login] but found [http://staging.grptalk.com/]
at org.testng.Assert.fail(Assert.java:96)
at org.testng.Assert.failNotEquals(Assert.java:776)
at org.testng.Assert.assertEqualsImpl(Assert.java:137)
at org.testng.Assert.assertEquals(Assert.java:118)
at org.testng.Assert.assertEquals(Assert.java:453)
at org.testng.Assert.assertEquals(Assert.java:463)
at GT.GT.HomePageTest.verifyBlogLinkInFooterSection(HomePageTest.java:417)
at sun.reflect.NativeMethodAccessorImpl.invoke0(Native Method)
at sun.reflect.NativeMethodAccessorImpl.invoke(Unknown Source)
at sun.reflect.DelegatingMethodAccessorImpl.invoke(Unknown Source)
at java.lang.reflect.Method.invoke(Unknown Source)
at org.testng.internal.MethodInvocationHelper.invokeMethod(MethodInvocationHelper.java:124)
at org.testng.internal.Invoker.invokeMethod(Invoker.java:583)
at org.testng.internal.Invoker.invokeTestMethod(Invoker.java:719)
at org.testng.internal.Invoker.invokeTestMethods(Invoker.java:989)
at org.testng.internal.TestMethodWorker.invokeTestMethods(TestMethodWorker.java:125)
at org.testng.internal.TestMethodWorker.run(TestMethodWorker.java:109)
at org.testng.TestRunner.privateRun(TestRunner.java:648)
at org.testng.TestRunner.run(TestRunner.java:505)
at org.testng.SuiteRunner.runTest(SuiteRunner.java:455)
at org.testng.SuiteRunner.runSequentially(SuiteRunner.java:450)
at org.testng.SuiteRunner.privateRun(SuiteRunner.java:415)
at org.testng.SuiteRunner.run(SuiteRunner.java:364)
at org.testng.SuiteRunnerWorker.runSuite(SuiteRunnerWorker.java:52)
at org.testng.SuiteRunnerWorker.run(SuiteRunnerWorker.java:84)
at org.testng.TestNG.runSuitesSequentially(TestNG.java:1208)
at org.testng.TestNG.runSuitesLocally(TestNG.java:1137)
at org.testng.TestNG.runSuites(TestNG.java:1049)
at org.testng.TestNG.run(TestNG.java:1017)
at org.testng.remote.AbstractRemoteTestNG.run(AbstractRemoteTestNG.java:114)
at org.testng.remote.RemoteTestNG.initAndRun(RemoteTestNG.java:251)
at org.testng.remote.RemoteTestNG.main(RemoteTestNG.java:77)
]]>
            </full-stacktrace>
          </exception> <!-- java.lang.AssertionError -->
          <reporter-output>
          </reporter-output>
        </test-method> <!-- verifyBlogLinkInFooterSection -->
        <test-method status="PASS" signature="tearDown(org.testng.ITestResult)[pri:0, instance:GT.GT.HomePageTest@4232c52b]" name="tearDown" is-config="true" duration-ms="31152" started-at="2019-07-08T06:39:18Z" finished-at="2019-07-08T06:39:49Z">
          <params>
            <param index="0">
              <value>
                <![CDATA[[TestResult name=verifyBlogLinkInFooterSection status=FAILURE method=HomePageTest.verifyBlogLinkInFooterSection()[pri:0, instance:GT.GT.HomePageTest@4232c52b] output={null}]]]>
              </value>
            </param>
          </params>
          <reporter-output>
          </reporter-output>
        </test-method> <!-- tearDown -->
        <test-method status="PASS" signature="verifyContactLinkInFooterSection()[pri:0, instance:GT.GT.HomePageTest@4232c52b]" name="verifyContactLinkInFooterSection" duration-ms="850" started-at="2019-07-08T06:39:49Z" finished-at="2019-07-08T06:39:50Z">
          <reporter-output>
          </reporter-output>
        </test-method> <!-- verifyContactLinkInFooterSection -->
        <test-method status="PASS" signature="tearDown(org.testng.ITestResult)[pri:0, instance:GT.GT.HomePageTest@4232c52b]" name="tearDown" is-config="true" duration-ms="30885" started-at="2019-07-08T06:39:50Z" finished-at="2019-07-08T06:40:21Z">
          <params>
            <param index="0">
              <value>
                <![CDATA[[TestResult name=verifyContactLinkInFooterSection status=SUCCESS method=HomePageTest.verifyContactLinkInFooterSection()[pri:0, instance:GT.GT.HomePageTest@4232c52b] output={null}]]]>
              </value>
            </param>
          </params>
          <reporter-output>
          </reporter-output>
        </test-method> <!-- tearDown -->
        <test-method status="PASS" signature="verifyContactSalesButtonFunctionality()[pri:0, instance:GT.GT.HomePageTest@4232c52b]" name="verifyContactSalesButtonFunctionality" duration-ms="6347" started-at="2019-07-08T06:40:21Z" finished-at="2019-07-08T06:40:27Z">
          <reporter-output>
          </reporter-output>
        </test-method> <!-- verifyContactSalesButtonFunctionality -->
        <test-method status="PASS" signature="tearDown(org.testng.ITestResult)[pri:0, instance:GT.GT.HomePageTest@4232c52b]" name="tearDown" is-config="true" duration-ms="30970" started-at="2019-07-08T06:40:27Z" finished-at="2019-07-08T06:40:58Z">
          <params>
            <param index="0">
              <value>
                <![CDATA[[TestResult name=verifyContactSalesButtonFunctionality status=SUCCESS method=HomePageTest.verifyContactSalesButtonFunctionality()[pri:0, instance:GT.GT.HomePageTest@4232c52b] output={null}]]]>
              </value>
            </param>
          </params>
          <reporter-output>
          </reporter-output>
        </test-method> <!-- tearDown -->
        <test-method status="PASS" signature="verifyCopyRightTextInFooterSection()[pri:0, instance:GT.GT.HomePageTest@4232c52b]" name="verifyCopyRightTextInFooterSection" duration-ms="105" started-at="2019-07-08T06:40:58Z" finished-at="2019-07-08T06:40:58Z">
          <reporter-output>
          </reporter-output>
        </test-method> <!-- verifyCopyRightTextInFooterSection -->
        <test-method status="PASS" signature="tearDown(org.testng.ITestResult)[pri:0, instance:GT.GT.HomePageTest@4232c52b]" name="tearDown" is-config="true" duration-ms="30827" started-at="2019-07-08T06:40:58Z" finished-at="2019-07-08T06:41:29Z">
          <params>
            <param index="0">
              <value>
                <![CDATA[[TestResult name=verifyCopyRightTextInFooterSection status=SUCCESS method=HomePageTest.verifyCopyRightTextInFooterSection()[pri:0, instance:GT.GT.HomePageTest@4232c52b] output={null}]]]>
              </value>
            </param>
          </params>
          <reporter-output>
          </reporter-output>
        </test-method> <!-- tearDown -->
        <test-method status="PASS" signature="verifyCustomerStoriesLinkInFooterSection()[pri:0, instance:GT.GT.HomePageTest@4232c52b]" name="verifyCustomerStoriesLinkInFooterSection" duration-ms="705" started-at="2019-07-08T06:41:29Z" finished-at="2019-07-08T06:41:30Z">
          <reporter-output>
          </reporter-output>
        </test-method> <!-- verifyCustomerStoriesLinkInFooterSection -->
        <test-method status="PASS" signature="tearDown(org.testng.ITestResult)[pri:0, instance:GT.GT.HomePageTest@4232c52b]" name="tearDown" is-config="true" duration-ms="30806" started-at="2019-07-08T06:41:30Z" finished-at="2019-07-08T06:42:00Z">
          <params>
            <param index="0">
              <value>
                <![CDATA[[TestResult name=verifyCustomerStoriesLinkInFooterSection status=SUCCESS method=HomePageTest.verifyCustomerStoriesLinkInFooterSection()[pri:0, instance:GT.GT.HomePageTest@4232c52b] output={null}]]]>
              </value>
            </param>
          </params>
          <reporter-output>
          </reporter-output>
        </test-method> <!-- tearDown -->
        <test-method status="PASS" signature="verifyCustomerStoriesTabFunctionality()[pri:0, instance:GT.GT.HomePageTest@4232c52b]" name="verifyCustomerStoriesTabFunctionality" duration-ms="548" started-at="2019-07-08T06:42:00Z" finished-at="2019-07-08T06:42:01Z">
          <reporter-output>
          </reporter-output>
        </test-method> <!-- verifyCustomerStoriesTabFunctionality -->
        <test-method status="PASS" signature="tearDown(org.testng.ITestResult)[pri:0, instance:GT.GT.HomePageTest@4232c52b]" name="tearDown" is-config="true" duration-ms="30868" started-at="2019-07-08T06:42:01Z" finished-at="2019-07-08T06:42:32Z">
          <params>
            <param index="0">
              <value>
                <![CDATA[[TestResult name=verifyCustomerStoriesTabFunctionality status=SUCCESS method=HomePageTest.verifyCustomerStoriesTabFunctionality()[pri:0, instance:GT.GT.HomePageTest@4232c52b] output={null}]]]>
              </value>
            </param>
          </params>
          <reporter-output>
          </reporter-output>
        </test-method> <!-- tearDown -->
        <test-method status="PASS" signature="verifyFeaturesLinkInFooterSection()[pri:0, instance:GT.GT.HomePageTest@4232c52b]" name="verifyFeaturesLinkInFooterSection" duration-ms="575" started-at="2019-07-08T06:42:32Z" finished-at="2019-07-08T06:42:32Z">
          <reporter-output>
          </reporter-output>
        </test-method> <!-- verifyFeaturesLinkInFooterSection -->
        <test-method status="PASS" signature="tearDown(org.testng.ITestResult)[pri:0, instance:GT.GT.HomePageTest@4232c52b]" name="tearDown" is-config="true" duration-ms="30845" started-at="2019-07-08T06:42:32Z" finished-at="2019-07-08T06:43:03Z">
          <params>
            <param index="0">
              <value>
                <![CDATA[[TestResult name=verifyFeaturesLinkInFooterSection status=SUCCESS method=HomePageTest.verifyFeaturesLinkInFooterSection()[pri:0, instance:GT.GT.HomePageTest@4232c52b] output={null}]]]>
              </value>
            </param>
          </params>
          <reporter-output>
          </reporter-output>
        </test-method> <!-- tearDown -->
        <test-method status="PASS" signature="verifyFeaturesTabFunctionality()[pri:0, instance:GT.GT.HomePageTest@4232c52b]" name="verifyFeaturesTabFunctionality" duration-ms="523" started-at="2019-07-08T06:43:03Z" finished-at="2019-07-08T06:43:04Z">
          <reporter-output>
          </reporter-output>
        </test-method> <!-- verifyFeaturesTabFunctionality -->
        <test-method status="PASS" signature="tearDown(org.testng.ITestResult)[pri:0, instance:GT.GT.HomePageTest@4232c52b]" name="tearDown" is-config="true" duration-ms="30926" started-at="2019-07-08T06:43:04Z" finished-at="2019-07-08T06:43:35Z">
          <params>
            <param index="0">
              <value>
                <![CDATA[[TestResult name=verifyFeaturesTabFunctionality status=SUCCESS method=HomePageTest.verifyFeaturesTabFunctionality()[pri:0, instance:GT.GT.HomePageTest@4232c52b] output={null}]]]>
              </value>
            </param>
          </params>
          <reporter-output>
          </reporter-output>
        </test-method> <!-- tearDown -->
        <test-method status="FAIL" signature="verifyFunctionalityOfFacebookLogoInFooterSection()[pri:0, instance:GT.GT.HomePageTest@4232c52b]" name="verifyFunctionalityOfFacebookLogoInFooterSection" duration-ms="10358" started-at="2019-07-08T06:43:35Z" finished-at="2019-07-08T06:43:45Z">
          <exception class="java.lang.AssertionError">
            <message>
              <![CDATA[expected [http://staging.grptalk.com/login] but found [http://staging.grptalk.com/]]]>
            </message>
            <full-stacktrace>
              <![CDATA[java.lang.AssertionError: expected [http://staging.grptalk.com/login] but found [http://staging.grptalk.com/]
at org.testng.Assert.fail(Assert.java:96)
at org.testng.Assert.failNotEquals(Assert.java:776)
at org.testng.Assert.assertEqualsImpl(Assert.java:137)
at org.testng.Assert.assertEquals(Assert.java:118)
at org.testng.Assert.assertEquals(Assert.java:453)
at org.testng.Assert.assertEquals(Assert.java:463)
at GT.GT.HomePageTest.verifyFunctionalityOfFacebookLogoInFooterSection(HomePageTest.java:443)
at sun.reflect.NativeMethodAccessorImpl.invoke0(Native Method)
at sun.reflect.NativeMethodAccessorImpl.invoke(Unknown Source)
at sun.reflect.DelegatingMethodAccessorImpl.invoke(Unknown Source)
at java.lang.reflect.Method.invoke(Unknown Source)
at org.testng.internal.MethodInvocationHelper.invokeMethod(MethodInvocationHelper.java:124)
at org.testng.internal.Invoker.invokeMethod(Invoker.java:583)
at org.testng.internal.Invoker.invokeTestMethod(Invoker.java:719)
at org.testng.internal.Invoker.invokeTestMethods(Invoker.java:989)
at org.testng.internal.TestMethodWorker.invokeTestMethods(TestMethodWorker.java:125)
at org.testng.internal.TestMethodWorker.run(TestMethodWorker.java:109)
at org.testng.TestRunner.privateRun(TestRunner.java:648)
at org.testng.TestRunner.run(TestRunner.java:505)
at org.testng.SuiteRunner.runTest(SuiteRunner.java:455)
at org.testng.SuiteRunner.runSequentially(SuiteRunner.java:450)
at org.testng.SuiteRunner.privateRun(SuiteRunner.java:415)
at org.testng.SuiteRunner.run(SuiteRunner.java:364)
at org.testng.SuiteRunnerWorker.runSuite(SuiteRunnerWorker.java:52)
at org.testng.SuiteRunnerWorker.run(SuiteRunnerWorker.java:84)
at org.testng.TestNG.runSuitesSequentially(TestNG.java:1208)
at org.testng.TestNG.runSuitesLocally(TestNG.java:1137)
at org.testng.TestNG.runSuites(TestNG.java:1049)
at org.testng.TestNG.run(TestNG.java:1017)
at org.testng.remote.AbstractRemoteTestNG.run(AbstractRemoteTestNG.java:114)
at org.testng.remote.RemoteTestNG.initAndRun(RemoteTestNG.java:251)
at org.testng.remote.RemoteTestNG.main(RemoteTestNG.java:77)
]]>
            </full-stacktrace>
          </exception> <!-- java.lang.AssertionError -->
          <reporter-output>
          </reporter-output>
        </test-method> <!-- verifyFunctionalityOfFacebookLogoInFooterSection -->
        <test-method status="PASS" signature="tearDown(org.testng.ITestResult)[pri:0, instance:GT.GT.HomePageTest@4232c52b]" name="tearDown" is-config="true" duration-ms="31150" started-at="2019-07-08T06:43:45Z" finished-at="2019-07-08T06:44:16Z">
          <params>
            <param index="0">
              <value>
                <![CDATA[[TestResult name=verifyFunctionalityOfFacebookLogoInFooterSection status=FAILURE method=HomePageTest.verifyFunctionalityOfFacebookLogoInFooterSection()[pri:0, instance:GT.GT.HomePageTest@4232c52b] output={null}]]]>
              </value>
            </param>
          </params>
          <reporter-output>
          </reporter-output>
        </test-method> <!-- tearDown -->
        <test-method status="FAIL" signature="verifyFunctionalityOfTwitterLogoInFooterSection()[pri:0, instance:GT.GT.HomePageTest@4232c52b]" name="verifyFunctionalityOfTwitterLogoInFooterSection" duration-ms="86" started-at="2019-07-08T06:44:16Z" finished-at="2019-07-08T06:44:16Z">
          <exception class="org.openqa.selenium.WebDriverException">
            <message>
              <![CDATA[unknown error: Element <span class="bgSocialIcon twitter"></span> is not clickable at point (1071, 594). Other element would receive the click: <iframe id="pop_frame" class="POP_iframe" src="https://lib.pop.telebu.com/5d036b9d7ebfba16d5afdbd9/chat?domain=staging.grptalk.com&amp;referrer=" title="Telebu POP" tabindex="-1" style="border: none; display: block; position: fixed; top: auto; left: auto; bottom: 10px; right: 10px; width: auto; height: 70px; visibility: visible; z-index: 2147483647; max-height: 100vh; max-width: 100vw; transition: none 0s ease 0s; background: none transparent; opacity: 1;"></iframe>
  (Session info: chrome=75.0.3770.100)
  (Driver info: chromedriver=2.43.600210 (68dcf5eebde37173d4027fa8635e332711d2874a),platform=Windows NT 10.0.15063 x86_64) (WARNING: The server did not provide any stacktrace information)
Command duration or timeout: 0 milliseconds
Build info: version: '3.12.0', revision: '7c6e0b3', time: '2018-05-08T15:15:03.216Z'
System info: host: 'DESKTOP-5HEF6VE', ip: '192.168.72.155', os.name: 'Windows 10', os.arch: 'amd64', os.version: '10.0', java.version: '1.8.0_171'
Driver info: org.openqa.selenium.chrome.ChromeDriver
Capabilities {acceptInsecureCerts: false, acceptSslCerts: false, applicationCacheEnabled: false, browserConnectionEnabled: false, browserName: chrome, chrome: {chromedriverVersion: 2.43.600210 (68dcf5eebde371..., userDataDir: C:\Users\smsc\AppData\Local...}, cssSelectorsEnabled: true, databaseEnabled: false, goog:chromeOptions: {debuggerAddress: localhost:62591}, handlesAlerts: true, hasTouchScreen: false, javascriptEnabled: true, locationContextEnabled: true, mobileEmulationEnabled: false, nativeEvents: true, networkConnectionEnabled: false, pageLoadStrategy: normal, platform: XP, platformName: XP, rotatable: false, setWindowRect: true, takesHeapSnapshot: true, takesScreenshot: true, unexpectedAlertBehaviour: , unhandledPromptBehavior: , version: 75.0.3770.100, webStorageEnabled: true}
Session ID: 7eb1e5e5eedd2379836f38d36ffd35f5]]>
            </message>
            <full-stacktrace>
              <![CDATA[org.openqa.selenium.WebDriverException: unknown error: Element <span class="bgSocialIcon twitter"></span> is not clickable at point (1071, 594). Other element would receive the click: <iframe id="pop_frame" class="POP_iframe" src="https://lib.pop.telebu.com/5d036b9d7ebfba16d5afdbd9/chat?domain=staging.grptalk.com&amp;referrer=" title="Telebu POP" tabindex="-1" style="border: none; display: block; position: fixed; top: auto; left: auto; bottom: 10px; right: 10px; width: auto; height: 70px; visibility: visible; z-index: 2147483647; max-height: 100vh; max-width: 100vw; transition: none 0s ease 0s; background: none transparent; opacity: 1;"></iframe>
  (Session info: chrome=75.0.3770.100)
  (Driver info: chromedriver=2.43.600210 (68dcf5eebde37173d4027fa8635e332711d2874a),platform=Windows NT 10.0.15063 x86_64) (WARNING: The server did not provide any stacktrace information)
Command duration or timeout: 0 milliseconds
Build info: version: '3.12.0', revision: '7c6e0b3', time: '2018-05-08T15:15:03.216Z'
System info: host: 'DESKTOP-5HEF6VE', ip: '192.168.72.155', os.name: 'Windows 10', os.arch: 'amd64', os.version: '10.0', java.version: '1.8.0_171'
Driver info: org.openqa.selenium.chrome.ChromeDriver
Capabilities {acceptInsecureCerts: false, acceptSslCerts: false, applicationCacheEnabled: false, browserConnectionEnabled: false, browserName: chrome, chrome: {chromedriverVersion: 2.43.600210 (68dcf5eebde371..., userDataDir: C:\Users\smsc\AppData\Local...}, cssSelectorsEnabled: true, databaseEnabled: false, goog:chromeOptions: {debuggerAddress: localhost:62591}, handlesAlerts: true, hasTouchScreen: false, javascriptEnabled: true, locationContextEnabled: true, mobileEmulationEnabled: false, nativeEvents: true, networkConnectionEnabled: false, pageLoadStrategy: normal, platform: XP, platformName: XP, rotatable: false, setWindowRect: true, takesHeapSnapshot: true, takesScreenshot: true, unexpectedAlertBehaviour: , unhandledPromptBehavior: , version: 75.0.3770.100, webStorageEnabled: true}
Session ID: 7eb1e5e5eedd2379836f38d36ffd35f5
at sun.reflect.NativeConstructorAccessorImpl.newInstance0(Native Method)
at sun.reflect.NativeConstructorAccessorImpl.newInstance(Unknown Source)
at sun.reflect.DelegatingConstructorAccessorImpl.newInstance(Unknown Source)
at java.lang.reflect.Constructor.newInstance(Unknown Source)
at org.openqa.selenium.remote.ErrorHandler.createThrowable(ErrorHandler.java:214)
at org.openqa.selenium.remote.ErrorHandler.throwIfResponseFailed(ErrorHandler.java:166)
at org.openqa.selenium.remote.http.JsonHttpResponseCodec.reconstructValue(JsonHttpResponseCodec.java:40)
at org.openqa.selenium.remote.http.AbstractHttpResponseCodec.decode(AbstractHttpResponseCodec.java:80)
at org.openqa.selenium.remote.http.AbstractHttpResponseCodec.decode(AbstractHttpResponseCodec.java:44)
at org.openqa.selenium.remote.HttpCommandExecutor.execute(HttpCommandExecutor.java:158)
at org.openqa.selenium.remote.service.DriverCommandExecutor.execute(DriverCommandExecutor.java:83)
at org.openqa.selenium.remote.RemoteWebDriver.execute(RemoteWebDriver.java:543)
at org.openqa.selenium.remote.RemoteWebElement.execute(RemoteWebElement.java:276)
at org.openqa.selenium.remote.RemoteWebElement.click(RemoteWebElement.java:83)
at GT.GT.HomePage.clickTwitterLogoInFooterSection(HomePage.java:253)
at GT.GT.HomePageTest.verifyFunctionalityOfTwitterLogoInFooterSection(HomePageTest.java:463)
at sun.reflect.NativeMethodAccessorImpl.invoke0(Native Method)
at sun.reflect.NativeMethodAccessorImpl.invoke(Unknown Source)
at sun.reflect.DelegatingMethodAccessorImpl.invoke(Unknown Source)
at java.lang.reflect.Method.invoke(Unknown Source)
at org.testng.internal.MethodInvocationHelper.invokeMethod(MethodInvocationHelper.java:124)
at org.testng.internal.Invoker.invokeMethod(Invoker.java:583)
at org.testng.internal.Invoker.invokeTestMethod(Invoker.java:719)
at org.testng.internal.Invoker.invokeTestMethods(Invoker.java:989)
at org.testng.internal.TestMethodWorker.invokeTestMethods(TestMethodWorker.java:125)
at org.testng.internal.TestMethodWorker.run(TestMethodWorker.java:109)
at org.testng.TestRunner.privateRun(TestRunner.java:648)
at org.testng.TestRunner.run(TestRunner.java:505)
at org.testng.SuiteRunner.runTest(SuiteRunner.java:455)
at org.testng.SuiteRunner.runSequentially(SuiteRunner.java:450)
at org.testng.SuiteRunner.privateRun(SuiteRunner.java:415)
at org.testng.SuiteRunner.run(SuiteRunner.java:364)
at org.testng.SuiteRunnerWorker.runSuite(SuiteRunnerWorker.java:52)
at org.testng.SuiteRunnerWorker.run(SuiteRunnerWorker.java:84)
at org.testng.TestNG.runSuitesSequentially(TestNG.java:1208)
at org.testng.TestNG.runSuitesLocally(TestNG.java:1137)
at org.testng.TestNG.runSuites(TestNG.java:1049)
at org.testng.TestNG.run(TestNG.java:1017)
at org.testng.remote.AbstractRemoteTestNG.run(AbstractRemoteTestNG.java:114)
at org.testng.remote.RemoteTestNG.initAndRun(RemoteTestNG.java:251)
at org.testng.remote.RemoteTestNG.main(RemoteTestNG.java:77)
]]>
            </full-stacktrace>
          </exception> <!-- org.openqa.selenium.WebDriverException -->
          <reporter-output>
          </reporter-output>
        </test-method> <!-- verifyFunctionalityOfTwitterLogoInFooterSection -->
        <test-method status="PASS" signature="tearDown(org.testng.ITestResult)[pri:0, instance:GT.GT.HomePageTest@4232c52b]" name="tearDown" is-config="true" duration-ms="31179" started-at="2019-07-08T06:44:16Z" finished-at="2019-07-08T06:44:47Z">
          <params>
            <param index="0">
              <value>
                <![CDATA[[TestResult name=verifyFunctionalityOfTwitterLogoInFooterSection status=FAILURE method=HomePageTest.verifyFunctionalityOfTwitterLogoInFooterSection()[pri:0, instance:GT.GT.HomePageTest@4232c52b] output={null}]]]>
              </value>
            </param>
          </params>
          <reporter-output>
          </reporter-output>
        </test-method> <!-- tearDown -->
        <test-method status="FAIL" signature="verifyFunctionalityOfYoutubeLogoInFooterSection()[pri:0, instance:GT.GT.HomePageTest@4232c52b]" name="verifyFunctionalityOfYoutubeLogoInFooterSection" duration-ms="142" started-at="2019-07-08T06:44:47Z" finished-at="2019-07-08T06:44:48Z">
          <exception class="org.openqa.selenium.WebDriverException">
            <message>
              <![CDATA[unknown error: Element <span class="bgSocialIcon youtube"></span> is not clickable at point (1114, 594). Other element would receive the click: <iframe id="pop_frame" class="POP_iframe" src="https://lib.pop.telebu.com/5d036b9d7ebfba16d5afdbd9/chat?domain=staging.grptalk.com&amp;referrer=" title="Telebu POP" tabindex="-1" style="border: none; display: block; position: fixed; top: auto; left: auto; bottom: 10px; right: 10px; width: auto; height: 70px; visibility: visible; z-index: 2147483647; max-height: 100vh; max-width: 100vw; transition: none 0s ease 0s; background: none transparent; opacity: 1;"></iframe>
  (Session info: chrome=75.0.3770.100)
  (Driver info: chromedriver=2.43.600210 (68dcf5eebde37173d4027fa8635e332711d2874a),platform=Windows NT 10.0.15063 x86_64) (WARNING: The server did not provide any stacktrace information)
Command duration or timeout: 0 milliseconds
Build info: version: '3.12.0', revision: '7c6e0b3', time: '2018-05-08T15:15:03.216Z'
System info: host: 'DESKTOP-5HEF6VE', ip: '192.168.72.155', os.name: 'Windows 10', os.arch: 'amd64', os.version: '10.0', java.version: '1.8.0_171'
Driver info: org.openqa.selenium.chrome.ChromeDriver
Capabilities {acceptInsecureCerts: false, acceptSslCerts: false, applicationCacheEnabled: false, browserConnectionEnabled: false, browserName: chrome, chrome: {chromedriverVersion: 2.43.600210 (68dcf5eebde371..., userDataDir: C:\Users\smsc\AppData\Local...}, cssSelectorsEnabled: true, databaseEnabled: false, goog:chromeOptions: {debuggerAddress: localhost:62591}, handlesAlerts: true, hasTouchScreen: false, javascriptEnabled: true, locationContextEnabled: true, mobileEmulationEnabled: false, nativeEvents: true, networkConnectionEnabled: false, pageLoadStrategy: normal, platform: XP, platformName: XP, rotatable: false, setWindowRect: true, takesHeapSnapshot: true, takesScreenshot: true, unexpectedAlertBehaviour: , unhandledPromptBehavior: , version: 75.0.3770.100, webStorageEnabled: true}
Session ID: 7eb1e5e5eedd2379836f38d36ffd35f5]]>
            </message>
            <full-stacktrace>
              <![CDATA[org.openqa.selenium.WebDriverException: unknown error: Element <span class="bgSocialIcon youtube"></span> is not clickable at point (1114, 594). Other element would receive the click: <iframe id="pop_frame" class="POP_iframe" src="https://lib.pop.telebu.com/5d036b9d7ebfba16d5afdbd9/chat?domain=staging.grptalk.com&amp;referrer=" title="Telebu POP" tabindex="-1" style="border: none; display: block; position: fixed; top: auto; left: auto; bottom: 10px; right: 10px; width: auto; height: 70px; visibility: visible; z-index: 2147483647; max-height: 100vh; max-width: 100vw; transition: none 0s ease 0s; background: none transparent; opacity: 1;"></iframe>
  (Session info: chrome=75.0.3770.100)
  (Driver info: chromedriver=2.43.600210 (68dcf5eebde37173d4027fa8635e332711d2874a),platform=Windows NT 10.0.15063 x86_64) (WARNING: The server did not provide any stacktrace information)
Command duration or timeout: 0 milliseconds
Build info: version: '3.12.0', revision: '7c6e0b3', time: '2018-05-08T15:15:03.216Z'
System info: host: 'DESKTOP-5HEF6VE', ip: '192.168.72.155', os.name: 'Windows 10', os.arch: 'amd64', os.version: '10.0', java.version: '1.8.0_171'
Driver info: org.openqa.selenium.chrome.ChromeDriver
Capabilities {acceptInsecureCerts: false, acceptSslCerts: false, applicationCacheEnabled: false, browserConnectionEnabled: false, browserName: chrome, chrome: {chromedriverVersion: 2.43.600210 (68dcf5eebde371..., userDataDir: C:\Users\smsc\AppData\Local...}, cssSelectorsEnabled: true, databaseEnabled: false, goog:chromeOptions: {debuggerAddress: localhost:62591}, handlesAlerts: true, hasTouchScreen: false, javascriptEnabled: true, locationContextEnabled: true, mobileEmulationEnabled: false, nativeEvents: true, networkConnectionEnabled: false, pageLoadStrategy: normal, platform: XP, platformName: XP, rotatable: false, setWindowRect: true, takesHeapSnapshot: true, takesScreenshot: true, unexpectedAlertBehaviour: , unhandledPromptBehavior: , version: 75.0.3770.100, webStorageEnabled: true}
Session ID: 7eb1e5e5eedd2379836f38d36ffd35f5
at sun.reflect.NativeConstructorAccessorImpl.newInstance0(Native Method)
at sun.reflect.NativeConstructorAccessorImpl.newInstance(Unknown Source)
at sun.reflect.DelegatingConstructorAccessorImpl.newInstance(Unknown Source)
at java.lang.reflect.Constructor.newInstance(Unknown Source)
at org.openqa.selenium.remote.ErrorHandler.createThrowable(ErrorHandler.java:214)
at org.openqa.selenium.remote.ErrorHandler.throwIfResponseFailed(ErrorHandler.java:166)
at org.openqa.selenium.remote.http.JsonHttpResponseCodec.reconstructValue(JsonHttpResponseCodec.java:40)
at org.openqa.selenium.remote.http.AbstractHttpResponseCodec.decode(AbstractHttpResponseCodec.java:80)
at org.openqa.selenium.remote.http.AbstractHttpResponseCodec.decode(AbstractHttpResponseCodec.java:44)
at org.openqa.selenium.remote.HttpCommandExecutor.execute(HttpCommandExecutor.java:158)
at org.openqa.selenium.remote.service.DriverCommandExecutor.execute(DriverCommandExecutor.java:83)
at org.openqa.selenium.remote.RemoteWebDriver.execute(RemoteWebDriver.java:543)
at org.openqa.selenium.remote.RemoteWebElement.execute(RemoteWebElement.java:276)
at org.openqa.selenium.remote.RemoteWebElement.click(RemoteWebElement.java:83)
at GT.GT.HomePage.clickYoutubeLogoInFooterSection(HomePage.java:261)
at GT.GT.HomePageTest.verifyFunctionalityOfYoutubeLogoInFooterSection(HomePageTest.java:525)
at sun.reflect.NativeMethodAccessorImpl.invoke0(Native Method)
at sun.reflect.NativeMethodAccessorImpl.invoke(Unknown Source)
at sun.reflect.DelegatingMethodAccessorImpl.invoke(Unknown Source)
at java.lang.reflect.Method.invoke(Unknown Source)
at org.testng.internal.MethodInvocationHelper.invokeMethod(MethodInvocationHelper.java:124)
at org.testng.internal.Invoker.invokeMethod(Invoker.java:583)
at org.testng.internal.Invoker.invokeTestMethod(Invoker.java:719)
at org.testng.internal.Invoker.invokeTestMethods(Invoker.java:989)
at org.testng.internal.TestMethodWorker.invokeTestMethods(TestMethodWorker.java:125)
at org.testng.internal.TestMethodWorker.run(TestMethodWorker.java:109)
at org.testng.TestRunner.privateRun(TestRunner.java:648)
at org.testng.TestRunner.run(TestRunner.java:505)
at org.testng.SuiteRunner.runTest(SuiteRunner.java:455)
at org.testng.SuiteRunner.runSequentially(SuiteRunner.java:450)
at org.testng.SuiteRunner.privateRun(SuiteRunner.java:415)
at org.testng.SuiteRunner.run(SuiteRunner.java:364)
at org.testng.SuiteRunnerWorker.runSuite(SuiteRunnerWorker.java:52)
at org.testng.SuiteRunnerWorker.run(SuiteRunnerWorker.java:84)
at org.testng.TestNG.runSuitesSequentially(TestNG.java:1208)
at org.testng.TestNG.runSuitesLocally(TestNG.java:1137)
at org.testng.TestNG.runSuites(TestNG.java:1049)
at org.testng.TestNG.run(TestNG.java:1017)
at org.testng.remote.AbstractRemoteTestNG.run(AbstractRemoteTestNG.java:114)
at org.testng.remote.RemoteTestNG.initAndRun(RemoteTestNG.java:251)
at org.testng.remote.RemoteTestNG.main(RemoteTestNG.java:77)
]]>
            </full-stacktrace>
          </exception> <!-- org.openqa.selenium.WebDriverException -->
          <reporter-output>
          </reporter-output>
        </test-method> <!-- verifyFunctionalityOfYoutubeLogoInFooterSection -->
        <test-method status="PASS" signature="tearDown(org.testng.ITestResult)[pri:0, instance:GT.GT.HomePageTest@4232c52b]" name="tearDown" is-config="true" duration-ms="31124" started-at="2019-07-08T06:44:48Z" finished-at="2019-07-08T06:45:19Z">
          <params>
            <param index="0">
              <value>
                <![CDATA[[TestResult name=verifyFunctionalityOfYoutubeLogoInFooterSection status=FAILURE method=HomePageTest.verifyFunctionalityOfYoutubeLogoInFooterSection()[pri:0, instance:GT.GT.HomePageTest@4232c52b] output={null}]]]>
              </value>
            </param>
          </params>
          <reporter-output>
          </reporter-output>
        </test-method> <!-- tearDown -->
        <test-method status="PASS" signature="verifyGrpTalkEmailAndContactDisplayedInHeaderScetion()[pri:0, instance:GT.GT.HomePageTest@4232c52b]" name="verifyGrpTalkEmailAndContactDisplayedInHeaderScetion" duration-ms="153" started-at="2019-07-08T06:45:19Z" finished-at="2019-07-08T06:45:19Z">
          <reporter-output>
          </reporter-output>
        </test-method> <!-- verifyGrpTalkEmailAndContactDisplayedInHeaderScetion -->
        <test-method status="PASS" signature="tearDown(org.testng.ITestResult)[pri:0, instance:GT.GT.HomePageTest@4232c52b]" name="tearDown" is-config="true" duration-ms="30813" started-at="2019-07-08T06:45:19Z" finished-at="2019-07-08T06:45:50Z">
          <params>
            <param index="0">
              <value>
                <![CDATA[[TestResult name=verifyGrpTalkEmailAndContactDisplayedInHeaderScetion status=SUCCESS method=HomePageTest.verifyGrpTalkEmailAndContactDisplayedInHeaderScetion()[pri:0, instance:GT.GT.HomePageTest@4232c52b] output={null}]]]>
              </value>
            </param>
          </params>
          <reporter-output>
          </reporter-output>
        </test-method> <!-- tearDown -->
        <test-method status="PASS" signature="verifyHomeLinkInFooterSection()[pri:0, instance:GT.GT.HomePageTest@4232c52b]" name="verifyHomeLinkInFooterSection" duration-ms="716" started-at="2019-07-08T06:45:50Z" finished-at="2019-07-08T06:45:50Z">
          <reporter-output>
          </reporter-output>
        </test-method> <!-- verifyHomeLinkInFooterSection -->
        <test-method status="PASS" signature="tearDown(org.testng.ITestResult)[pri:0, instance:GT.GT.HomePageTest@4232c52b]" name="tearDown" is-config="true" duration-ms="30766" started-at="2019-07-08T06:45:50Z" finished-at="2019-07-08T06:46:21Z">
          <params>
            <param index="0">
              <value>
                <![CDATA[[TestResult name=verifyHomeLinkInFooterSection status=SUCCESS method=HomePageTest.verifyHomeLinkInFooterSection()[pri:0, instance:GT.GT.HomePageTest@4232c52b] output={null}]]]>
              </value>
            </param>
          </params>
          <reporter-output>
          </reporter-output>
        </test-method> <!-- tearDown -->
        <test-method status="PASS" signature="verifyHowItWorksLinkInFooterSection()[pri:0, instance:GT.GT.HomePageTest@4232c52b]" name="verifyHowItWorksLinkInFooterSection" duration-ms="611" started-at="2019-07-08T06:46:21Z" finished-at="2019-07-08T06:46:22Z">
          <reporter-output>
          </reporter-output>
        </test-method> <!-- verifyHowItWorksLinkInFooterSection -->
        <test-method status="PASS" signature="tearDown(org.testng.ITestResult)[pri:0, instance:GT.GT.HomePageTest@4232c52b]" name="tearDown" is-config="true" duration-ms="30805" started-at="2019-07-08T06:46:22Z" finished-at="2019-07-08T06:46:53Z">
          <params>
            <param index="0">
              <value>
                <![CDATA[[TestResult name=verifyHowItWorksLinkInFooterSection status=SUCCESS method=HomePageTest.verifyHowItWorksLinkInFooterSection()[pri:0, instance:GT.GT.HomePageTest@4232c52b] output={null}]]]>
              </value>
            </param>
          </params>
          <reporter-output>
          </reporter-output>
        </test-method> <!-- tearDown -->
        <test-method status="PASS" signature="verifyHowItWorksTabFunctionality()[pri:0, instance:GT.GT.HomePageTest@4232c52b]" name="verifyHowItWorksTabFunctionality" duration-ms="701" started-at="2019-07-08T06:46:53Z" finished-at="2019-07-08T06:46:53Z">
          <reporter-output>
          </reporter-output>
        </test-method> <!-- verifyHowItWorksTabFunctionality -->
        <test-method status="PASS" signature="tearDown(org.testng.ITestResult)[pri:0, instance:GT.GT.HomePageTest@4232c52b]" name="tearDown" is-config="true" duration-ms="30811" started-at="2019-07-08T06:46:53Z" finished-at="2019-07-08T06:47:24Z">
          <params>
            <param index="0">
              <value>
                <![CDATA[[TestResult name=verifyHowItWorksTabFunctionality status=SUCCESS method=HomePageTest.verifyHowItWorksTabFunctionality()[pri:0, instance:GT.GT.HomePageTest@4232c52b] output={null}]]]>
              </value>
            </param>
          </params>
          <reporter-output>
          </reporter-output>
        </test-method> <!-- tearDown -->
        <test-method status="FAIL" signature="verifyPlayStoreTabFunctionality()[pri:0, instance:GT.GT.HomePageTest@4232c52b]" name="verifyPlayStoreTabFunctionality" duration-ms="1638" started-at="2019-07-08T06:47:24Z" finished-at="2019-07-08T06:47:26Z">
          <exception class="java.lang.AssertionError">
            <message>
              <![CDATA[expected [https://play.google.com/store/apps/details?id=com.mobile.android.grptalk&source=&gclid=&referrer=utm_source%3D%26utm_medium%3Dcpc&] but found [https://play.google.com/store/apps/details?id=com.mobile.android.grptalk&source=&gclid=&referrer=utm_source%3D%26utm_medium%3D&]]]>
            </message>
            <full-stacktrace>
              <![CDATA[java.lang.AssertionError: expected [https://play.google.com/store/apps/details?id=com.mobile.android.grptalk&source=&gclid=&referrer=utm_source%3D%26utm_medium%3Dcpc&] but found [https://play.google.com/store/apps/details?id=com.mobile.android.grptalk&source=&gclid=&referrer=utm_source%3D%26utm_medium%3D&]
at org.testng.Assert.fail(Assert.java:96)
at org.testng.Assert.failNotEquals(Assert.java:776)
at org.testng.Assert.assertEqualsImpl(Assert.java:137)
at org.testng.Assert.assertEquals(Assert.java:118)
at org.testng.Assert.assertEquals(Assert.java:453)
at org.testng.Assert.assertEquals(Assert.java:463)
at GT.GT.HomePageTest.verifyPlayStoreTabFunctionality(HomePageTest.java:216)
at sun.reflect.NativeMethodAccessorImpl.invoke0(Native Method)
at sun.reflect.NativeMethodAccessorImpl.invoke(Unknown Source)
at sun.reflect.DelegatingMethodAccessorImpl.invoke(Unknown Source)
at java.lang.reflect.Method.invoke(Unknown Source)
at org.testng.internal.MethodInvocationHelper.invokeMethod(MethodInvocationHelper.java:124)
at org.testng.internal.Invoker.invokeMethod(Invoker.java:583)
at org.testng.internal.Invoker.invokeTestMethod(Invoker.java:719)
at org.testng.internal.Invoker.invokeTestMethods(Invoker.java:989)
at org.testng.internal.TestMethodWorker.invokeTestMethods(TestMethodWorker.java:125)
at org.testng.internal.TestMethodWorker.run(TestMethodWorker.java:109)
at org.testng.TestRunner.privateRun(TestRunner.java:648)
at org.testng.TestRunner.run(TestRunner.java:505)
at org.testng.SuiteRunner.runTest(SuiteRunner.java:455)
at org.testng.SuiteRunner.runSequentially(SuiteRunner.java:450)
at org.testng.SuiteRunner.privateRun(SuiteRunner.java:415)
at org.testng.SuiteRunner.run(SuiteRunner.java:364)
at org.testng.SuiteRunnerWorker.runSuite(SuiteRunnerWorker.java:52)
at org.testng.SuiteRunnerWorker.run(SuiteRunnerWorker.java:84)
at org.testng.TestNG.runSuitesSequentially(TestNG.java:1208)
at org.testng.TestNG.runSuitesLocally(TestNG.java:1137)
at org.testng.TestNG.runSuites(TestNG.java:1049)
at org.testng.TestNG.run(TestNG.java:1017)
at org.testng.remote.AbstractRemoteTestNG.run(AbstractRemoteTestNG.java:114)
at org.testng.remote.RemoteTestNG.initAndRun(RemoteTestNG.java:251)
at org.testng.remote.RemoteTestNG.main(RemoteTestNG.java:77)
]]>
            </full-stacktrace>
          </exception> <!-- java.lang.AssertionError -->
          <reporter-output>
          </reporter-output>
        </test-method> <!-- verifyPlayStoreTabFunctionality -->
        <test-method status="PASS" signature="tearDown(org.testng.ITestResult)[pri:0, instance:GT.GT.HomePageTest@4232c52b]" name="tearDown" is-config="true" duration-ms="31372" started-at="2019-07-08T06:47:26Z" finished-at="2019-07-08T06:47:57Z">
          <params>
            <param index="0">
              <value>
                <![CDATA[[TestResult name=verifyPlayStoreTabFunctionality status=FAILURE method=HomePageTest.verifyPlayStoreTabFunctionality()[pri:0, instance:GT.GT.HomePageTest@4232c52b] output={null}]]]>
              </value>
            </param>
          </params>
          <reporter-output>
          </reporter-output>
        </test-method> <!-- tearDown -->
        <test-method status="PASS" signature="verifyPricingLinkInFooterSection()[pri:0, instance:GT.GT.HomePageTest@4232c52b]" name="verifyPricingLinkInFooterSection" duration-ms="712" started-at="2019-07-08T06:47:57Z" finished-at="2019-07-08T06:47:58Z">
          <reporter-output>
          </reporter-output>
        </test-method> <!-- verifyPricingLinkInFooterSection -->
        <test-method status="PASS" signature="tearDown(org.testng.ITestResult)[pri:0, instance:GT.GT.HomePageTest@4232c52b]" name="tearDown" is-config="true" duration-ms="30877" started-at="2019-07-08T06:47:58Z" finished-at="2019-07-08T06:48:29Z">
          <params>
            <param index="0">
              <value>
                <![CDATA[[TestResult name=verifyPricingLinkInFooterSection status=SUCCESS method=HomePageTest.verifyPricingLinkInFooterSection()[pri:0, instance:GT.GT.HomePageTest@4232c52b] output={null}]]]>
              </value>
            </param>
          </params>
          <reporter-output>
          </reporter-output>
        </test-method> <!-- tearDown -->
        <test-method status="PASS" signature="verifyPricingTabFunctionality()[pri:0, instance:GT.GT.HomePageTest@4232c52b]" name="verifyPricingTabFunctionality" duration-ms="3559" started-at="2019-07-08T06:48:29Z" finished-at="2019-07-08T06:48:32Z">
          <reporter-output>
          </reporter-output>
        </test-method> <!-- verifyPricingTabFunctionality -->
        <test-method status="PASS" signature="tearDown(org.testng.ITestResult)[pri:0, instance:GT.GT.HomePageTest@4232c52b]" name="tearDown" is-config="true" duration-ms="30818" started-at="2019-07-08T06:48:32Z" finished-at="2019-07-08T06:49:03Z">
          <params>
            <param index="0">
              <value>
                <![CDATA[[TestResult name=verifyPricingTabFunctionality status=SUCCESS method=HomePageTest.verifyPricingTabFunctionality()[pri:0, instance:GT.GT.HomePageTest@4232c52b] output={null}]]]>
              </value>
            </param>
          </params>
          <reporter-output>
          </reporter-output>
        </test-method> <!-- tearDown -->
        <test-method status="PASS" signature="verifyPrivacyAndDataUsageLinkInFooterSection()[pri:0, instance:GT.GT.HomePageTest@4232c52b]" name="verifyPrivacyAndDataUsageLinkInFooterSection" duration-ms="544" started-at="2019-07-08T06:49:03Z" finished-at="2019-07-08T06:49:04Z">
          <reporter-output>
          </reporter-output>
        </test-method> <!-- verifyPrivacyAndDataUsageLinkInFooterSection -->
        <test-method status="PASS" signature="tearDown(org.testng.ITestResult)[pri:0, instance:GT.GT.HomePageTest@4232c52b]" name="tearDown" is-config="true" duration-ms="30824" started-at="2019-07-08T06:49:04Z" finished-at="2019-07-08T06:49:34Z">
          <params>
            <param index="0">
              <value>
                <![CDATA[[TestResult name=verifyPrivacyAndDataUsageLinkInFooterSection status=SUCCESS method=HomePageTest.verifyPrivacyAndDataUsageLinkInFooterSection()[pri:0, instance:GT.GT.HomePageTest@4232c52b] output={null}]]]>
              </value>
            </param>
          </params>
          <reporter-output>
          </reporter-output>
        </test-method> <!-- tearDown -->
        <test-method status="PASS" signature="verifyRequest_A_PriceTabFunctionality()[pri:0, instance:GT.GT.HomePageTest@4232c52b]" name="verifyRequest_A_PriceTabFunctionality" duration-ms="2989" started-at="2019-07-08T06:49:34Z" finished-at="2019-07-08T06:49:37Z">
          <reporter-output>
          </reporter-output>
        </test-method> <!-- verifyRequest_A_PriceTabFunctionality -->
        <test-method status="PASS" signature="tearDown(org.testng.ITestResult)[pri:0, instance:GT.GT.HomePageTest@4232c52b]" name="tearDown" is-config="true" duration-ms="30860" started-at="2019-07-08T06:49:37Z" finished-at="2019-07-08T06:50:08Z">
          <params>
            <param index="0">
              <value>
                <![CDATA[[TestResult name=verifyRequest_A_PriceTabFunctionality status=SUCCESS method=HomePageTest.verifyRequest_A_PriceTabFunctionality()[pri:0, instance:GT.GT.HomePageTest@4232c52b] output={null}]]]>
              </value>
            </param>
          </params>
          <reporter-output>
          </reporter-output>
        </test-method> <!-- tearDown -->
        <test-method status="PASS" signature="verifyScanQRCodeTabFunctionality()[pri:0, instance:GT.GT.HomePageTest@4232c52b]" name="verifyScanQRCodeTabFunctionality" duration-ms="1150" started-at="2019-07-08T06:50:08Z" finished-at="2019-07-08T06:50:09Z">
          <reporter-output>
          </reporter-output>
        </test-method> <!-- verifyScanQRCodeTabFunctionality -->
        <test-method status="PASS" signature="tearDown(org.testng.ITestResult)[pri:0, instance:GT.GT.HomePageTest@4232c52b]" name="tearDown" is-config="true" duration-ms="31000" started-at="2019-07-08T06:50:09Z" finished-at="2019-07-08T06:50:40Z">
          <params>
            <param index="0">
              <value>
                <![CDATA[[TestResult name=verifyScanQRCodeTabFunctionality status=SUCCESS method=HomePageTest.verifyScanQRCodeTabFunctionality()[pri:0, instance:GT.GT.HomePageTest@4232c52b] output={null}]]]>
              </value>
            </param>
          </params>
          <reporter-output>
          </reporter-output>
        </test-method> <!-- tearDown -->
        <test-method status="PASS" signature="verifySolutionsTabFunctionality()[pri:0, instance:GT.GT.HomePageTest@4232c52b]" name="verifySolutionsTabFunctionality" duration-ms="2075" started-at="2019-07-08T06:50:40Z" finished-at="2019-07-08T06:50:43Z">
          <reporter-output>
          </reporter-output>
        </test-method> <!-- verifySolutionsTabFunctionality -->
        <test-method status="PASS" signature="tearDown(org.testng.ITestResult)[pri:0, instance:GT.GT.HomePageTest@4232c52b]" name="tearDown" is-config="true" duration-ms="30798" started-at="2019-07-08T06:50:43Z" finished-at="2019-07-08T06:51:13Z">
          <params>
            <param index="0">
              <value>
                <![CDATA[[TestResult name=verifySolutionsTabFunctionality status=SUCCESS method=HomePageTest.verifySolutionsTabFunctionality()[pri:0, instance:GT.GT.HomePageTest@4232c52b] output={null}]]]>
              </value>
            </param>
          </params>
          <reporter-output>
          </reporter-output>
        </test-method> <!-- tearDown -->
        <test-method status="PASS" signature="verifyStartDemoFunctionality()[pri:0, instance:GT.GT.HomePageTest@4232c52b]" name="verifyStartDemoFunctionality" duration-ms="4004" started-at="2019-07-08T06:51:13Z" finished-at="2019-07-08T06:51:17Z">
          <reporter-output>
          </reporter-output>
        </test-method> <!-- verifyStartDemoFunctionality -->
        <test-method status="PASS" signature="tearDown(org.testng.ITestResult)[pri:0, instance:GT.GT.HomePageTest@4232c52b]" name="tearDown" is-config="true" duration-ms="30739" started-at="2019-07-08T06:51:17Z" finished-at="2019-07-08T06:51:48Z">
          <params>
            <param index="0">
              <value>
                <![CDATA[[TestResult name=verifyStartDemoFunctionality status=SUCCESS method=HomePageTest.verifyStartDemoFunctionality()[pri:0, instance:GT.GT.HomePageTest@4232c52b] output={null}]]]>
              </value>
            </param>
          </params>
          <reporter-output>
          </reporter-output>
        </test-method> <!-- tearDown -->
        <test-method status="PASS" signature="verifyTermsAndConditionsLinkInFooterSection()[pri:0, instance:GT.GT.HomePageTest@4232c52b]" name="verifyTermsAndConditionsLinkInFooterSection" duration-ms="4721" started-at="2019-07-08T06:51:48Z" finished-at="2019-07-08T06:51:53Z">
          <reporter-output>
          </reporter-output>
        </test-method> <!-- verifyTermsAndConditionsLinkInFooterSection -->
        <test-method status="PASS" signature="tearDown(org.testng.ITestResult)[pri:0, instance:GT.GT.HomePageTest@4232c52b]" name="tearDown" is-config="true" duration-ms="30803" started-at="2019-07-08T06:51:53Z" finished-at="2019-07-08T06:52:24Z">
          <params>
            <param index="0">
              <value>
                <![CDATA[[TestResult name=verifyTermsAndConditionsLinkInFooterSection status=SUCCESS method=HomePageTest.verifyTermsAndConditionsLinkInFooterSection()[pri:0, instance:GT.GT.HomePageTest@4232c52b] output={null}]]]>
              </value>
            </param>
          </params>
          <reporter-output>
          </reporter-output>
        </test-method> <!-- tearDown -->
        <test-method status="PASS" signature="verifyWebLoginFunctionality()[pri:0, instance:GT.GT.HomePageTest@4232c52b]" name="verifyWebLoginFunctionality" duration-ms="1402" started-at="2019-07-08T06:52:24Z" finished-at="2019-07-08T06:52:25Z">
          <reporter-output>
          </reporter-output>
        </test-method> <!-- verifyWebLoginFunctionality -->
        <test-method status="PASS" signature="tearDown(org.testng.ITestResult)[pri:0, instance:GT.GT.HomePageTest@4232c52b]" name="tearDown" is-config="true" duration-ms="31057" started-at="2019-07-08T06:52:25Z" finished-at="2019-07-08T06:52:56Z">
          <params>
            <param index="0">
              <value>
                <![CDATA[[TestResult name=verifyWebLoginFunctionality status=SUCCESS method=HomePageTest.verifyWebLoginFunctionality()[pri:0, instance:GT.GT.HomePageTest@4232c52b] output={null}]]]>
              </value>
            </param>
          </params>
          <reporter-output>
          </reporter-output>
        </test-method> <!-- tearDown -->
        <test-method status="PASS" signature="verifyWebLoginLinkInFooterSection()[pri:0, instance:GT.GT.HomePageTest@4232c52b]" name="verifyWebLoginLinkInFooterSection" duration-ms="1197" started-at="2019-07-08T06:52:56Z" finished-at="2019-07-08T06:52:57Z">
          <reporter-output>
          </reporter-output>
        </test-method> <!-- verifyWebLoginLinkInFooterSection -->
        <test-method status="PASS" signature="tearDown(org.testng.ITestResult)[pri:0, instance:GT.GT.HomePageTest@4232c52b]" name="tearDown" is-config="true" duration-ms="30952" started-at="2019-07-08T06:52:57Z" finished-at="2019-07-08T06:53:28Z">
          <params>
            <param index="0">
              <value>
                <![CDATA[[TestResult name=verifyWebLoginLinkInFooterSection status=SUCCESS method=HomePageTest.verifyWebLoginLinkInFooterSection()[pri:0, instance:GT.GT.HomePageTest@4232c52b] output={null}]]]>
              </value>
            </param>
          </params>
          <reporter-output>
          </reporter-output>
        </test-method> <!-- tearDown -->
        <test-method status="PASS" signature="verifyYouTubeVideoFunctionality()[pri:0, instance:GT.GT.HomePageTest@4232c52b]" name="verifyYouTubeVideoFunctionality" duration-ms="42" started-at="2019-07-08T06:53:28Z" finished-at="2019-07-08T06:53:28Z">
          <reporter-output>
          </reporter-output>
        </test-method> <!-- verifyYouTubeVideoFunctionality -->
        <test-method status="PASS" signature="tearDown(org.testng.ITestResult)[pri:0, instance:GT.GT.HomePageTest@4232c52b]" name="tearDown" is-config="true" duration-ms="30789" started-at="2019-07-08T06:53:28Z" finished-at="2019-07-08T06:53:59Z">
          <params>
            <param index="0">
              <value>
                <![CDATA[[TestResult name=verifyYouTubeVideoFunctionality status=SUCCESS method=HomePageTest.verifyYouTubeVideoFunctionality()[pri:0, instance:GT.GT.HomePageTest@4232c52b] output={null}]]]>
              </value>
            </param>
          </params>
          <reporter-output>
          </reporter-output>
        </test-method> <!-- tearDown -->
        <test-method status="PASS" signature="verify_FAQ_LinkInFooterSection()[pri:0, instance:GT.GT.HomePageTest@4232c52b]" name="verify_FAQ_LinkInFooterSection" duration-ms="630" started-at="2019-07-08T06:53:59Z" finished-at="2019-07-08T06:54:00Z">
          <reporter-output>
          </reporter-output>
        </test-method> <!-- verify_FAQ_LinkInFooterSection -->
        <test-method status="PASS" signature="tearDown(org.testng.ITestResult)[pri:0, instance:GT.GT.HomePageTest@4232c52b]" name="tearDown" is-config="true" duration-ms="30966" started-at="2019-07-08T06:54:00Z" finished-at="2019-07-08T06:54:31Z">
          <params>
            <param index="0">
              <value>
                <![CDATA[[TestResult name=verify_FAQ_LinkInFooterSection status=SUCCESS method=HomePageTest.verify_FAQ_LinkInFooterSection()[pri:0, instance:GT.GT.HomePageTest@4232c52b] output={null}]]]>
              </value>
            </param>
          </params>
          <reporter-output>
          </reporter-output>
        </test-method> <!-- tearDown -->
        <test-method status="PASS" signature="closeBrowser1(java.lang.String)[pri:0, instance:GT.GT.HomePageTest@4232c52b]" name="closeBrowser1" is-config="true" duration-ms="839" started-at="2019-07-08T06:54:31Z" finished-at="2019-07-08T06:54:31Z">
          <params>
            <param index="0">
              <value>
                <![CDATA[Chrome]]>
              </value>
            </param>
          </params>
          <reporter-output>
          </reporter-output>
        </test-method> <!-- closeBrowser1 -->
      </class> <!-- GT.GT.HomePageTest -->
    </test> <!-- Test -->
  </suite> <!-- Suite -->
</testng-results>
