<?xml version="1.0" encoding="UTF-8"?>
<!-- Generated by org.testng.reporters.JUnitXMLReporter -->
<testsuite hostname="DESKTOP-5HEF6VE" ignored="2" name="AccountPageTest" tests="18" failures="2" timestamp="04 Jul 2019 09:26:53 GMT" time="820.261" errors="0">
  <testcase name="verifyAddAccountManagerFunctionalityByGivingNonRegisteredNumberInAccountManagersTab" time="4.84" classname="GT.GT.AccountPageTest"/>
  <testcase name="verifyAddBalanceFunctionalityToExistingSubAccountInSubAccountsTab" time="13.106" classname="GT.GT.AccountPageTest">
    <failure type="org.openqa.selenium.NoSuchElementException" message="no such element: Unable to locate element: {&amp;quot;method&amp;quot;:&amp;quot;xpath&amp;quot;,&amp;quot;selector&amp;quot;:&amp;quot;//*[@mobileno=&amp;apos;919550866282&amp;apos;]//*[@class=&amp;apos;CAddBalance&amp;apos;]&amp;quot;}
  (Session info: chrome=75.0.3770.100)
  (Driver info: chromedriver=2.43.600210 (68dcf5eebde37173d4027fa8635e332711d2874a),platform=Windows NT 10.0.15063 x86_64) (WARNING: The server did not provide any stacktrace information)
Command duration or timeout: 0 milliseconds
For documentation on this error, please visit: http://seleniumhq.org/exceptions/no_such_element.html
Build info: version: &amp;apos;3.12.0&amp;apos;, revision: &amp;apos;7c6e0b3&amp;apos;, time: &amp;apos;2018-05-08T15:15:03.216Z&amp;apos;
System info: host: &amp;apos;DESKTOP-5HEF6VE&amp;apos;, ip: &amp;apos;192.168.72.155&amp;apos;, os.name: &amp;apos;Windows 10&amp;apos;, os.arch: &amp;apos;amd64&amp;apos;, os.version: &amp;apos;10.0&amp;apos;, java.version: &amp;apos;1.8.0_171&amp;apos;
Driver info: org.openqa.selenium.chrome.ChromeDriver
Capabilities {acceptInsecureCerts: false, acceptSslCerts: false, applicationCacheEnabled: false, browserConnectionEnabled: false, browserName: chrome, chrome: {chromedriverVersion: 2.43.600210 (68dcf5eebde371..., userDataDir: C:\Users\smsc\AppData\Local...}, cssSelectorsEnabled: true, databaseEnabled: false, goog:chromeOptions: {debuggerAddress: localhost:22111}, handlesAlerts: true, hasTouchScreen: false, javascriptEnabled: true, locationContextEnabled: true, mobileEmulationEnabled: false, nativeEvents: true, networkConnectionEnabled: false, pageLoadStrategy: normal, platform: XP, platformName: XP, rotatable: false, setWindowRect: true, takesHeapSnapshot: true, takesScreenshot: true, unexpectedAlertBehaviour: , unhandledPromptBehavior: , version: 75.0.3770.100, webStorageEnabled: true}
Session ID: cf66b153975957eec20d2ccda65746ff
*** Element info: {Using=xpath, value=//*[@mobileno=&amp;apos;919550866282&amp;apos;]//*[@class=&amp;apos;CAddBalance&amp;apos;]}">
      <![CDATA[org.openqa.selenium.NoSuchElementException: no such element: Unable to locate element: {"method":"xpath","selector":"//*[@mobileno='919550866282']//*[@class='CAddBalance']"}
  (Session info: chrome=75.0.3770.100)
  (Driver info: chromedriver=2.43.600210 (68dcf5eebde37173d4027fa8635e332711d2874a),platform=Windows NT 10.0.15063 x86_64) (WARNING: The server did not provide any stacktrace information)
Command duration or timeout: 0 milliseconds
For documentation on this error, please visit: http://seleniumhq.org/exceptions/no_such_element.html
Build info: version: '3.12.0', revision: '7c6e0b3', time: '2018-05-08T15:15:03.216Z'
System info: host: 'DESKTOP-5HEF6VE', ip: '192.168.72.155', os.name: 'Windows 10', os.arch: 'amd64', os.version: '10.0', java.version: '1.8.0_171'
Driver info: org.openqa.selenium.chrome.ChromeDriver
Capabilities {acceptInsecureCerts: false, acceptSslCerts: false, applicationCacheEnabled: false, browserConnectionEnabled: false, browserName: chrome, chrome: {chromedriverVersion: 2.43.600210 (68dcf5eebde371..., userDataDir: C:\Users\smsc\AppData\Local...}, cssSelectorsEnabled: true, databaseEnabled: false, goog:chromeOptions: {debuggerAddress: localhost:22111}, handlesAlerts: true, hasTouchScreen: false, javascriptEnabled: true, locationContextEnabled: true, mobileEmulationEnabled: false, nativeEvents: true, networkConnectionEnabled: false, pageLoadStrategy: normal, platform: XP, platformName: XP, rotatable: false, setWindowRect: true, takesHeapSnapshot: true, takesScreenshot: true, unexpectedAlertBehaviour: , unhandledPromptBehavior: , version: 75.0.3770.100, webStorageEnabled: true}
Session ID: cf66b153975957eec20d2ccda65746ff
*** Element info: {Using=xpath, value=//*[@mobileno='919550866282']//*[@class='CAddBalance']}
at org.openqa.selenium.remote.ErrorHandler.createThrowable(ErrorHandler.java:214)
at org.openqa.selenium.remote.ErrorHandler.throwIfResponseFailed(ErrorHandler.java:166)
at org.openqa.selenium.remote.http.JsonHttpResponseCodec.reconstructValue(JsonHttpResponseCodec.java:40)
at org.openqa.selenium.remote.http.AbstractHttpResponseCodec.decode(AbstractHttpResponseCodec.java:80)
at org.openqa.selenium.remote.http.AbstractHttpResponseCodec.decode(AbstractHttpResponseCodec.java:44)
at org.openqa.selenium.remote.HttpCommandExecutor.execute(HttpCommandExecutor.java:158)
at org.openqa.selenium.remote.service.DriverCommandExecutor.execute(DriverCommandExecutor.java:83)
at org.openqa.selenium.remote.RemoteWebDriver.execute(RemoteWebDriver.java:543)
at org.openqa.selenium.remote.RemoteWebDriver.findElement(RemoteWebDriver.java:317)
at org.openqa.selenium.remote.RemoteWebDriver.findElementByXPath(RemoteWebDriver.java:419)
at org.openqa.selenium.By$ByXPath.findElement(By.java:353)
at org.openqa.selenium.remote.RemoteWebDriver.findElement(RemoteWebDriver.java:309)
at GT.GT.AccountPage.addBalanceToActiveSubAccount(AccountPage.java:203)
at GT.GT.AccountPageTest.verifyAddBalanceFunctionalityToExistingSubAccountInSubAccountsTab(AccountPageTest.java:533)
... Removed 28 stack frames]]>
    </failure>
  </testcase> <!-- verifyAddBalanceFunctionalityToExistingSubAccountInSubAccountsTab -->
  <testcase name="verifyAddSubAccountFunctionalityByGivingNonRegisteredNumberInSubAccountsTab" time="3.966" classname="GT.GT.AccountPageTest"/>
  <testcase name="verifyAddSubAccountFunctionalityWhenSelectPoolAsSubAccountType" time="6.028" classname="GT.GT.AccountPageTest"/>
  <testcase name="verifyAddSubAccountFunctionalityWithAlreadyExistedMainAccount" time="3.802" classname="GT.GT.AccountPageTest"/>
  <testcase name="verifyAddSubAccountFunctionalityWithAlreadyExistedSubAccount" time="3.729" classname="GT.GT.AccountPageTest"/>
  <testcase name="verifyAllAndRechargesTabsOnMyAccountPage" time="3.131" classname="GT.GT.AccountPageTest"/>
  <testcase name="verifyAllTabsAreDisplayedOnMyAccountPage" time="3.109" classname="GT.GT.AccountPageTest"/>
  <testcase name="verifyConfigureClipsFunctionalityOnProfilePage" time="32.924" classname="GT.GT.AccountPageTest"/>
  <testcase name="verifyEditSubAccountFunctionalityInSubAccountsTab" time="7.882" classname="GT.GT.AccountPageTest">
    <failure type="java.lang.AssertionError" message="expected [Sub Account Have Edited Successfully] but found [you can&amp;apos;t edit this Sub-Account, This Sub Account is already active for Other Main Account]">
      <![CDATA[java.lang.AssertionError: expected [Sub Account Have Edited Successfully] but found [you can't edit this Sub-Account, This Sub Account is already active for Other Main Account]
at GT.GT.AccountPageTest.verifyEditSubAccountFunctionalityInSubAccountsTab(AccountPageTest.java:573)
... Removed 31 stack frames]]>
    </failure>
  </testcase> <!-- verifyEditSubAccountFunctionalityInSubAccountsTab -->
  <testcase name="verifyEditUserProfile" time="25.211" classname="GT.GT.AccountPageTest"/>
  <testcase name="verifyErrorMsgOnAddSubAccountOverlayWhenMemeberLimitExceedsMainAccountMaxMemberLimit" time="6.206" classname="GT.GT.AccountPageTest"/>
  <testcase name="verifyErrorMsgOnAddSubAccountOverlayWhenTransferAmountExceedsMainAccountAvailableAmountLimit" time="6.152" classname="GT.GT.AccountPageTest"/>
  <testcase name="verifyRechargeWithPaytm" time="5.815" classname="GT.GT.AccountPageTest"/>
  <testcase name="verifyTheCountOfAccountManagersInAccountManagersTab" time="13.582" classname="GT.GT.AccountPageTest"/>
  <testcase name="verifyTotalAmountUsedByUser" time="67.014" classname="GT.GT.AccountPageTest"/>
  <testcase name="verifyViewSubAccountDetailsFunctionalityInSubAccountsTab" time="4.08" classname="GT.GT.AccountPageTest"/>
  <testcase name="verifyaaAccountManagerFunctionalityInAccountManagersTab" time="30.172" classname="GT.GT.AccountPageTest"/>
  <testcase name="verifyAddSubAccountFunctionalityInSubAccountsTab" time="0.0" classname="GT.GT.AccountPageTest">
    <ignored/>
  </testcase> <!-- verifyAddSubAccountFunctionalityInSubAccountsTab -->
  <testcase name="verifyExistingSubAccountFunctionalityInSubAccountsTab" time="0.0" classname="GT.GT.AccountPageTest">
    <ignored/>
  </testcase> <!-- verifyExistingSubAccountFunctionalityInSubAccountsTab -->
</testsuite> <!-- AccountPageTest -->
