<?xml version="1.0" encoding="UTF-8"?>
<!-- Generated by org.testng.reporters.JUnitXMLReporter -->
<testsuite hostname="DESKTOP-U3PMRBE" ignored="17" name="failed methods in accounts page" tests="5" failures="3" timestamp="2019-10-17T14:38:55 IST" time="482.884" errors="0">
  <testcase name="verifyAccountManagerFunctionalityInAccountManagersTab" time="5.788" classname="GT.GT.AccountPageTest">
    <failure type="java.lang.AssertionError">
      <![CDATA[java.lang.AssertionError: 
at GT.GT.AccountPageTest.verifyAccountManagerFunctionalityInAccountManagersTab(AccountPageTest.java:288)
at java.util.ArrayList.forEach(Unknown Source)
... Removed 30 stack frames]]>
    </failure>
  </testcase> <!-- verifyAccountManagerFunctionalityInAccountManagersTab -->
  <testcase name="verifyConfigureClipsFunctionalityOnProfilePage" time="46.885" classname="GT.GT.AccountPageTest">
    <failure type="org.openqa.selenium.TimeoutException" message="Expected condition failed: waiting for visibility of element located by By.xpath: //*[@id=&amp;apos;NormalClipAudio&amp;apos;]//*[@id=&amp;apos;spNormalClip&amp;apos;] (tried for 20 second(s) with 500 milliseconds interval)">
      <![CDATA[org.openqa.selenium.TimeoutException: Expected condition failed: waiting for visibility of element located by By.xpath: //*[@id='NormalClipAudio']//*[@id='spNormalClip'] (tried for 20 second(s) with 500 milliseconds interval)
at org.openqa.selenium.support.ui.WebDriverWait.timeoutException(WebDriverWait.java:82)
at org.openqa.selenium.support.ui.FluentWait.until(FluentWait.java:272)
at utility.CommonMethods.explicitWaitForElementVisibility(CommonMethods.java:165)
at GT.GT.AccountPage.visibliltyOfDownloadOptionForNormalClip(AccountPage.java:352)
at GT.GT.AccountPageTest.verifyConfigureClipsFunctionalityOnProfilePage(AccountPageTest.java:125)
at java.util.ArrayList.forEach(Unknown Source)
Caused by: org.openqa.selenium.NoSuchElementException: Cannot locate an element using By.xpath: //*[@id='NormalClipAudio']//*[@id='spNormalClip']
For documentation on this error, please visit: http://seleniumhq.org/exceptions/no_such_element.html
Build info: version: '3.10.0', revision: '176b4a9', time: '2018-03-02T19:03:16.397Z'
System info: host: 'DESKTOP-U3PMRBE', ip: '169.254.86.53', os.name: 'Windows 10', os.arch: 'amd64', os.version: '10.0', java.version: '1.8.0_221'
Driver info: driver.version: unknown
at org.openqa.selenium.support.ui.ExpectedConditions.lambda$findElement$0(ExpectedConditions.java:896)
at java.util.Optional.orElseThrow(Unknown Source)
at org.openqa.selenium.support.ui.ExpectedConditions.findElement(ExpectedConditions.java:895)
at org.openqa.selenium.support.ui.ExpectedConditions.access$000(ExpectedConditions.java:44)
at org.openqa.selenium.support.ui.ExpectedConditions$7.apply(ExpectedConditions.java:206)
at org.openqa.selenium.support.ui.ExpectedConditions$7.apply(ExpectedConditions.java:202)
at org.openqa.selenium.support.ui.FluentWait.until(FluentWait.java:249)
... 31 more
... Removed 27 stack frames]]>
    </failure>
  </testcase> <!-- verifyConfigureClipsFunctionalityOnProfilePage -->
  <testcase name="verifyErrorMsgOnAddSubAccountOverlayWhenMemeberLimitExceedsMainAccountMaxMemberLimit" time="9.164" classname="GT.GT.AccountPageTest"/>
  <testcase name="verifyErrorMsgOnAddSubAccountOverlayWhenTransferAmountExceedsMainAccountAvailableAmountLimit" time="30.816" classname="GT.GT.AccountPageTest"/>
  <testcase name="verifyTotalAmountUsedByUser" time="225.609" classname="GT.GT.AccountPageTest">
    <failure type="java.lang.NumberFormatException" message="empty String">
      <![CDATA[java.lang.NumberFormatException: empty String
at sun.misc.FloatingDecimal.readJavaFormatString(Unknown Source)
at sun.misc.FloatingDecimal.parseDouble(Unknown Source)
at java.lang.Double.parseDouble(Unknown Source)
at GT.GT.GrpTalks.totalAmountChargedForGrpcall(GrpTalks.java:701)
at GT.GT.AccountPageTest.verifyTotalAmountUsedByUser(AccountPageTest.java:177)
at java.util.ArrayList.forEach(Unknown Source)
... Removed 27 stack frames]]>
    </failure>
  </testcase> <!-- verifyTotalAmountUsedByUser -->
  <testcase name="verifycallManagerFunctionalityInAccountManagersTab" time="0.0" classname="GT.GT.AccountPageTest">
    <ignored/>
  </testcase> <!-- verifycallManagerFunctionalityInAccountManagersTab -->
  <testcase name="verifyViewSubAccountDetailsFunctionalityInSubAccountsTab" time="0.0" classname="GT.GT.AccountPageTest">
    <ignored/>
  </testcase> <!-- verifyViewSubAccountDetailsFunctionalityInSubAccountsTab -->
  <testcase name="verifyAddSubAccountFunctionalityByGivingNonRegisteredNumberInSubAccountsTab" time="0.0" classname="GT.GT.AccountPageTest">
    <ignored/>
  </testcase> <!-- verifyAddSubAccountFunctionalityByGivingNonRegisteredNumberInSubAccountsTab -->
  <testcase name="verifyRechargeWithPaytm" time="0.0" classname="GT.GT.AccountPageTest">
    <ignored/>
  </testcase> <!-- verifyRechargeWithPaytm -->
  <testcase name="verifyAddSubAccountFunctionalityWithAlreadyExistedSubAccount" time="0.0" classname="GT.GT.AccountPageTest">
    <ignored/>
  </testcase> <!-- verifyAddSubAccountFunctionalityWithAlreadyExistedSubAccount -->
  <testcase name="verifyAddSubAccountFunctionalityWithAlreadyExistedMainAccount" time="0.0" classname="GT.GT.AccountPageTest">
    <ignored/>
  </testcase> <!-- verifyAddSubAccountFunctionalityWithAlreadyExistedMainAccount -->
  <testcase name="verifyTheCountOfAccountManagersInAccountManagersTab" time="0.0" classname="GT.GT.AccountPageTest">
    <ignored/>
  </testcase> <!-- verifyTheCountOfAccountManagersInAccountManagersTab -->
  <testcase name="verifyAddSubAccountFunctionalityInSubAccountsTab" time="0.0" classname="GT.GT.AccountPageTest">
    <ignored/>
  </testcase> <!-- verifyAddSubAccountFunctionalityInSubAccountsTab -->
  <testcase name="verifyAddBalanceFunctionalityToExistingSubAccountInSubAccountsTab" time="0.0" classname="GT.GT.AccountPageTest">
    <ignored/>
  </testcase> <!-- verifyAddBalanceFunctionalityToExistingSubAccountInSubAccountsTab -->
  <testcase name="verifyAllAndRechargesTabsOnMyAccountPage" time="0.0" classname="GT.GT.AccountPageTest">
    <ignored/>
  </testcase> <!-- verifyAllAndRechargesTabsOnMyAccountPage -->
  <testcase name="verifyAddSubAccountFunctionalityWhenSelectPoolAsSubAccountType" time="0.0" classname="GT.GT.AccountPageTest">
    <ignored/>
  </testcase> <!-- verifyAddSubAccountFunctionalityWhenSelectPoolAsSubAccountType -->
  <testcase name="verifyEditSubAccountFunctionalityInSubAccountsTab" time="0.0" classname="GT.GT.AccountPageTest">
    <ignored/>
  </testcase> <!-- verifyEditSubAccountFunctionalityInSubAccountsTab -->
  <testcase name="verifybalancecheckinsubaccounts" time="0.0" classname="GT.GT.AccountPageTest">
    <ignored/>
  </testcase> <!-- verifybalancecheckinsubaccounts -->
  <testcase name="verifyExistingSubAccountFunctionalityInSubAccountsTab" time="0.0" classname="GT.GT.AccountPageTest">
    <ignored/>
  </testcase> <!-- verifyExistingSubAccountFunctionalityInSubAccountsTab -->
  <testcase name="verifyAllTabsAreDisplayedOnMyAccountPage" time="0.0" classname="GT.GT.AccountPageTest">
    <ignored/>
  </testcase> <!-- verifyAllTabsAreDisplayedOnMyAccountPage -->
  <testcase name="verifyAddAccountManagerFunctionalityByGivingNonRegisteredNumberInAccountManagersTab" time="0.0" classname="GT.GT.AccountPageTest">
    <ignored/>
  </testcase> <!-- verifyAddAccountManagerFunctionalityByGivingNonRegisteredNumberInAccountManagersTab -->
  <testcase name="verifyEditUserProfile" time="0.0" classname="GT.GT.AccountPageTest">
    <ignored/>
  </testcase> <!-- verifyEditUserProfile -->
</testsuite> <!-- failed methods in accounts page -->
