<html>
<head>
<title>TestNG:  HomeTest</title>
<link href="../testng.css" rel="stylesheet" type="text/css" />
<link href="../my-testng.css" rel="stylesheet" type="text/css" />

<style type="text/css">
.log { display: none;} 
.stack-trace { display: none;} 
</style>
<script type="text/javascript">
<!--
function flip(e) {
  current = e.style.display;
  if (current == 'block') {
    e.style.display = 'none';
    return 0;
  }
  else {
    e.style.display = 'block';
    return 1;
  }
}

function toggleBox(szDivId, elem, msg1, msg2)
{
  var res = -1;  if (document.getElementById) {
    res = flip(document.getElementById(szDivId));
  }
  else if (document.all) {
    // this is the way old msie versions work
    res = flip(document.all[szDivId]);
  }
  if(elem) {
    if(res == 0) elem.innerHTML = msg1; else elem.innerHTML = msg2;
  }

}

function toggleAllBoxes() {
  if (document.getElementsByTagName) {
    d = document.getElementsByTagName('div');
    for (i = 0; i < d.length; i++) {
      if (d[i].className == 'log') {
        flip(d[i]);
      }
    }
  }
}

// -->
</script>

</head>
<body>
<h2 align='center'>HomeTest</h2><table border='1' align="center">
<tr>
<td>Tests passed/Failed/Skipped:</td><td>25/5/0</td>
</tr><tr>
<td>Started on:</td><td>Wed Jun 19 21:40:14 IST 2019</td>
</tr>
<tr><td>Total time:</td><td>176 seconds (176549 ms)</td>
</tr><tr>
<td>Included groups:</td><td></td>
</tr><tr>
<td>Excluded groups:</td><td></td>
</tr>
</table><p/>
<small><i>(Hover the method name to see the test class name)</i></small><p/>
<table width='100%' border='1' class='invocation-failed'>
<tr><td colspan='4' align='center'><b>FAILED TESTS</b></td></tr>
<tr><td><b>Test method</b></td>
<td width="30%"><b>Exception</b></td>
<td width="10%"><b>Time (seconds)</b></td>
<td><b>Instance</b></td>
</tr>
<tr>
<td title='GT.GT.HomePageTest.verifyBlogLinkInFooterSection()'><b>verifyBlogLinkInFooterSection</b><br>Test class: GT.GT.HomePageTest</td>
<td><div><pre>java.lang.AssertionError: expected [http://staging.grptalk.com] but found [http://staging.grptalk.com/]
	at GT.GT.HomePageTest.verifyBlogLinkInFooterSection(HomePageTest.java:507)
... Removed 31 stack frames</pre></div><a href='#' onClick='toggleBox("stack-trace996084195", this, "Click to show all stack frames", "Click to hide stack frames")'>Click to show all stack frames</a>
<div class='stack-trace' id='stack-trace996084195'><pre>java.lang.AssertionError: expected [http://staging.grptalk.com] but found [http://staging.grptalk.com/]
	at org.testng.Assert.fail(Assert.java:96)
	at org.testng.Assert.failNotEquals(Assert.java:776)
	at org.testng.Assert.assertEqualsImpl(Assert.java:137)
	at org.testng.Assert.assertEquals(Assert.java:118)
	at org.testng.Assert.assertEquals(Assert.java:453)
	at org.testng.Assert.assertEquals(Assert.java:463)
	at GT.GT.HomePageTest.verifyBlogLinkInFooterSection(HomePageTest.java:507)
	at sun.reflect.NativeMethodAccessorImpl.invoke0(Native Method)
	at sun.reflect.NativeMethodAccessorImpl.invoke(Unknown Source)
	at sun.reflect.DelegatingMethodAccessorImpl.invoke(Unknown Source)
	at java.lang.reflect.Method.invoke(Unknown Source)
	at org.testng.internal.MethodInvocationHelper.invokeMethod(MethodInvocationHelper.java:124)
	at org.testng.internal.Invoker.invokeMethod(Invoker.java:580)
	at org.testng.internal.Invoker.invokeTestMethod(Invoker.java:716)
	at org.testng.internal.Invoker.invokeTestMethods(Invoker.java:988)
	at org.testng.internal.TestMethodWorker.invokeTestMethods(TestMethodWorker.java:125)
	at org.testng.internal.TestMethodWorker.run(TestMethodWorker.java:109)
	at org.testng.TestRunner.privateRun(TestRunner.java:648)
	at org.testng.TestRunner.run(TestRunner.java:505)
	at org.testng.SuiteRunner.runTest(SuiteRunner.java:455)
	at org.testng.SuiteRunner.runSequentially(SuiteRunner.java:450)
	at org.testng.SuiteRunner.privateRun(SuiteRunner.java:415)
	at org.testng.SuiteRunner.run(SuiteRunner.java:364)
	at org.testng.SuiteRunnerWorker.runSuite(SuiteRunnerWorker.java:52)
	at org.testng.SuiteRunnerWorker.run(SuiteRunnerWorker.java:84)
	at org.testng.TestNG.runSuitesSequentially(TestNG.java:1208)
	at org.testng.TestNG.runSuitesLocally(TestNG.java:1137)
	at org.testng.TestNG.runSuites(TestNG.java:1049)
	at org.testng.TestNG.run(TestNG.java:1017)
	at org.testng.remote.AbstractRemoteTestNG.run(AbstractRemoteTestNG.java:114)
	at org.testng.remote.RemoteTestNG.initAndRun(RemoteTestNG.java:251)
	at org.testng.remote.RemoteTestNG.main(RemoteTestNG.java:77)
</pre></div></td>
<td>3</td>
<td>GT.GT.HomePageTest@45820e51</td></tr>
<tr>
<td title='GT.GT.HomePageTest.verifyGrpTalkEmailAndContactDisplayedInHeaderScetion()'><b>verifyGrpTalkEmailAndContactDisplayedInHeaderScetion</b><br>Test class: GT.GT.HomePageTest</td>
<td><div><pre>java.lang.AssertionError: expected [+91-40-38119919] but found [+91-40-47475544]
	at GT.GT.HomePageTest.verifyGrpTalkEmailAndContactDisplayedInHeaderScetion(HomePageTest.java:217)
... Removed 31 stack frames</pre></div><a href='#' onClick='toggleBox("stack-trace1987689248", this, "Click to show all stack frames", "Click to hide stack frames")'>Click to show all stack frames</a>
<div class='stack-trace' id='stack-trace1987689248'><pre>java.lang.AssertionError: expected [+91-40-38119919] but found [+91-40-47475544]
	at org.testng.Assert.fail(Assert.java:96)
	at org.testng.Assert.failNotEquals(Assert.java:776)
	at org.testng.Assert.assertEqualsImpl(Assert.java:137)
	at org.testng.Assert.assertEquals(Assert.java:118)
	at org.testng.Assert.assertEquals(Assert.java:453)
	at org.testng.Assert.assertEquals(Assert.java:463)
	at GT.GT.HomePageTest.verifyGrpTalkEmailAndContactDisplayedInHeaderScetion(HomePageTest.java:217)
	at sun.reflect.NativeMethodAccessorImpl.invoke0(Native Method)
	at sun.reflect.NativeMethodAccessorImpl.invoke(Unknown Source)
	at sun.reflect.DelegatingMethodAccessorImpl.invoke(Unknown Source)
	at java.lang.reflect.Method.invoke(Unknown Source)
	at org.testng.internal.MethodInvocationHelper.invokeMethod(MethodInvocationHelper.java:124)
	at org.testng.internal.Invoker.invokeMethod(Invoker.java:580)
	at org.testng.internal.Invoker.invokeTestMethod(Invoker.java:716)
	at org.testng.internal.Invoker.invokeTestMethods(Invoker.java:988)
	at org.testng.internal.TestMethodWorker.invokeTestMethods(TestMethodWorker.java:125)
	at org.testng.internal.TestMethodWorker.run(TestMethodWorker.java:109)
	at org.testng.TestRunner.privateRun(TestRunner.java:648)
	at org.testng.TestRunner.run(TestRunner.java:505)
	at org.testng.SuiteRunner.runTest(SuiteRunner.java:455)
	at org.testng.SuiteRunner.runSequentially(SuiteRunner.java:450)
	at org.testng.SuiteRunner.privateRun(SuiteRunner.java:415)
	at org.testng.SuiteRunner.run(SuiteRunner.java:364)
	at org.testng.SuiteRunnerWorker.runSuite(SuiteRunnerWorker.java:52)
	at org.testng.SuiteRunnerWorker.run(SuiteRunnerWorker.java:84)
	at org.testng.TestNG.runSuitesSequentially(TestNG.java:1208)
	at org.testng.TestNG.runSuitesLocally(TestNG.java:1137)
	at org.testng.TestNG.runSuites(TestNG.java:1049)
	at org.testng.TestNG.run(TestNG.java:1017)
	at org.testng.remote.AbstractRemoteTestNG.run(AbstractRemoteTestNG.java:114)
	at org.testng.remote.RemoteTestNG.initAndRun(RemoteTestNG.java:251)
	at org.testng.remote.RemoteTestNG.main(RemoteTestNG.java:77)
</pre></div></td>
<td>0</td>
<td>GT.GT.HomePageTest@45820e51</td></tr>
<tr>
<td title='GT.GT.HomePageTest.verifyPricingTabFunctionality()'><b>verifyPricingTabFunctionality</b><br>Test class: GT.GT.HomePageTest</td>
<td><div><pre>org.openqa.selenium.TimeoutException: Expected condition failed: waiting for text (&apos;Get the perfect conferencing plan for your needs!&apos;) to be present in element found by By.id: bannerHeading1 (tried for 5 second(s) with 500 milliseconds interval)
Build info: version: &apos;3.12.0&apos;, revision: &apos;7c6e0b3&apos;, time: &apos;2018-05-08T15:15:03.216Z&apos;
System info: host: &apos;DESKTOP-5HEF6VE&apos;, ip: &apos;192.168.72.155&apos;, os.name: &apos;Windows 10&apos;, os.arch: &apos;amd64&apos;, os.version: &apos;10.0&apos;, java.version: &apos;1.8.0_171&apos;
Driver info: org.openqa.selenium.chrome.ChromeDriver
Capabilities {acceptInsecureCerts: false, acceptSslCerts: false, applicationCacheEnabled: false, browserConnectionEnabled: false, browserName: chrome, chrome: {chromedriverVersion: 2.43.600210 (68dcf5eebde371..., userDataDir: C:\Users\smsc\AppData\Local...}, cssSelectorsEnabled: true, databaseEnabled: false, goog:chromeOptions: {debuggerAddress: localhost:58014}, handlesAlerts: true, hasTouchScreen: false, javascriptEnabled: true, locationContextEnabled: true, mobileEmulationEnabled: false, nativeEvents: true, networkConnectionEnabled: false, pageLoadStrategy: normal, platform: XP, platformName: XP, rotatable: false, setWindowRect: true, takesHeapSnapshot: true, takesScreenshot: true, unexpectedAlertBehaviour: , unhandledPromptBehavior: , version: 74.0.3729.169, webStorageEnabled: true}
Session ID: dc45a8fc938efe12f601fd2ad5607d7e
	at org.openqa.selenium.support.ui.WebDriverWait.timeoutException(WebDriverWait.java:81)
	at org.openqa.selenium.support.ui.FluentWait.until(FluentWait.java:271)
	at GT.GT.HomePage.pricingTabFunctionality(HomePage.java:325)
	at GT.GT.HomePageTest.verifyPricingTabFunctionality(HomePageTest.java:248)
... Removed 25 stack frames</pre></div><a href='#' onClick='toggleBox("stack-trace2030906210", this, "Click to show all stack frames", "Click to hide stack frames")'>Click to show all stack frames</a>
<div class='stack-trace' id='stack-trace2030906210'><pre>org.openqa.selenium.TimeoutException: Expected condition failed: waiting for text (&apos;Get the perfect conferencing plan for your needs!&apos;) to be present in element found by By.id: bannerHeading1 (tried for 5 second(s) with 500 milliseconds interval)
Build info: version: &apos;3.12.0&apos;, revision: &apos;7c6e0b3&apos;, time: &apos;2018-05-08T15:15:03.216Z&apos;
System info: host: &apos;DESKTOP-5HEF6VE&apos;, ip: &apos;192.168.72.155&apos;, os.name: &apos;Windows 10&apos;, os.arch: &apos;amd64&apos;, os.version: &apos;10.0&apos;, java.version: &apos;1.8.0_171&apos;
Driver info: org.openqa.selenium.chrome.ChromeDriver
Capabilities {acceptInsecureCerts: false, acceptSslCerts: false, applicationCacheEnabled: false, browserConnectionEnabled: false, browserName: chrome, chrome: {chromedriverVersion: 2.43.600210 (68dcf5eebde371..., userDataDir: C:\Users\smsc\AppData\Local...}, cssSelectorsEnabled: true, databaseEnabled: false, goog:chromeOptions: {debuggerAddress: localhost:58014}, handlesAlerts: true, hasTouchScreen: false, javascriptEnabled: true, locationContextEnabled: true, mobileEmulationEnabled: false, nativeEvents: true, networkConnectionEnabled: false, pageLoadStrategy: normal, platform: XP, platformName: XP, rotatable: false, setWindowRect: true, takesHeapSnapshot: true, takesScreenshot: true, unexpectedAlertBehaviour: , unhandledPromptBehavior: , version: 74.0.3729.169, webStorageEnabled: true}
Session ID: dc45a8fc938efe12f601fd2ad5607d7e
	at org.openqa.selenium.support.ui.WebDriverWait.timeoutException(WebDriverWait.java:81)
	at org.openqa.selenium.support.ui.FluentWait.until(FluentWait.java:271)
	at GT.GT.HomePage.pricingTabFunctionality(HomePage.java:325)
	at GT.GT.HomePageTest.verifyPricingTabFunctionality(HomePageTest.java:248)
	at sun.reflect.NativeMethodAccessorImpl.invoke0(Native Method)
	at sun.reflect.NativeMethodAccessorImpl.invoke(Unknown Source)
	at sun.reflect.DelegatingMethodAccessorImpl.invoke(Unknown Source)
	at java.lang.reflect.Method.invoke(Unknown Source)
	at org.testng.internal.MethodInvocationHelper.invokeMethod(MethodInvocationHelper.java:124)
	at org.testng.internal.Invoker.invokeMethod(Invoker.java:580)
	at org.testng.internal.Invoker.invokeTestMethod(Invoker.java:716)
	at org.testng.internal.Invoker.invokeTestMethods(Invoker.java:988)
	at org.testng.internal.TestMethodWorker.invokeTestMethods(TestMethodWorker.java:125)
	at org.testng.internal.TestMethodWorker.run(TestMethodWorker.java:109)
	at org.testng.TestRunner.privateRun(TestRunner.java:648)
	at org.testng.TestRunner.run(TestRunner.java:505)
	at org.testng.SuiteRunner.runTest(SuiteRunner.java:455)
	at org.testng.SuiteRunner.runSequentially(SuiteRunner.java:450)
	at org.testng.SuiteRunner.privateRun(SuiteRunner.java:415)
	at org.testng.SuiteRunner.run(SuiteRunner.java:364)
	at org.testng.SuiteRunnerWorker.runSuite(SuiteRunnerWorker.java:52)
	at org.testng.SuiteRunnerWorker.run(SuiteRunnerWorker.java:84)
	at org.testng.TestNG.runSuitesSequentially(TestNG.java:1208)
	at org.testng.TestNG.runSuitesLocally(TestNG.java:1137)
	at org.testng.TestNG.runSuites(TestNG.java:1049)
	at org.testng.TestNG.run(TestNG.java:1017)
	at org.testng.remote.AbstractRemoteTestNG.run(AbstractRemoteTestNG.java:114)
	at org.testng.remote.RemoteTestNG.initAndRun(RemoteTestNG.java:251)
	at org.testng.remote.RemoteTestNG.main(RemoteTestNG.java:77)
</pre></div></td>
<td>5</td>
<td>GT.GT.HomePageTest@45820e51</td></tr>
<tr>
<td title='GT.GT.HomePageTest.verifyRequest_A_PriceTabFunctionality()'><b>verifyRequest_A_PriceTabFunctionality</b><br>Test class: GT.GT.HomePageTest</td>
<td><div><pre>org.openqa.selenium.TimeoutException: Expected condition failed: waiting for text (&apos;Get the perfect conferencing plan for your needs!&apos;) to be present in element found by By.id: bannerHeading1 (tried for 5 second(s) with 500 milliseconds interval)
Build info: version: &apos;3.12.0&apos;, revision: &apos;7c6e0b3&apos;, time: &apos;2018-05-08T15:15:03.216Z&apos;
System info: host: &apos;DESKTOP-5HEF6VE&apos;, ip: &apos;192.168.72.155&apos;, os.name: &apos;Windows 10&apos;, os.arch: &apos;amd64&apos;, os.version: &apos;10.0&apos;, java.version: &apos;1.8.0_171&apos;
Driver info: org.openqa.selenium.chrome.ChromeDriver
Capabilities {acceptInsecureCerts: false, acceptSslCerts: false, applicationCacheEnabled: false, browserConnectionEnabled: false, browserName: chrome, chrome: {chromedriverVersion: 2.43.600210 (68dcf5eebde371..., userDataDir: C:\Users\smsc\AppData\Local...}, cssSelectorsEnabled: true, databaseEnabled: false, goog:chromeOptions: {debuggerAddress: localhost:58014}, handlesAlerts: true, hasTouchScreen: false, javascriptEnabled: true, locationContextEnabled: true, mobileEmulationEnabled: false, nativeEvents: true, networkConnectionEnabled: false, pageLoadStrategy: normal, platform: XP, platformName: XP, rotatable: false, setWindowRect: true, takesHeapSnapshot: true, takesScreenshot: true, unexpectedAlertBehaviour: , unhandledPromptBehavior: , version: 74.0.3729.169, webStorageEnabled: true}
Session ID: dc45a8fc938efe12f601fd2ad5607d7e
	at org.openqa.selenium.support.ui.WebDriverWait.timeoutException(WebDriverWait.java:81)
	at org.openqa.selenium.support.ui.FluentWait.until(FluentWait.java:271)
	at GT.GT.HomePage.request_A_PriceTabFunctionality(HomePage.java:341)
	at GT.GT.HomePageTest.verifyRequest_A_PriceTabFunctionality(HomePageTest.java:689)
... Removed 25 stack frames</pre></div><a href='#' onClick='toggleBox("stack-trace1254904985", this, "Click to show all stack frames", "Click to hide stack frames")'>Click to show all stack frames</a>
<div class='stack-trace' id='stack-trace1254904985'><pre>org.openqa.selenium.TimeoutException: Expected condition failed: waiting for text (&apos;Get the perfect conferencing plan for your needs!&apos;) to be present in element found by By.id: bannerHeading1 (tried for 5 second(s) with 500 milliseconds interval)
Build info: version: &apos;3.12.0&apos;, revision: &apos;7c6e0b3&apos;, time: &apos;2018-05-08T15:15:03.216Z&apos;
System info: host: &apos;DESKTOP-5HEF6VE&apos;, ip: &apos;192.168.72.155&apos;, os.name: &apos;Windows 10&apos;, os.arch: &apos;amd64&apos;, os.version: &apos;10.0&apos;, java.version: &apos;1.8.0_171&apos;
Driver info: org.openqa.selenium.chrome.ChromeDriver
Capabilities {acceptInsecureCerts: false, acceptSslCerts: false, applicationCacheEnabled: false, browserConnectionEnabled: false, browserName: chrome, chrome: {chromedriverVersion: 2.43.600210 (68dcf5eebde371..., userDataDir: C:\Users\smsc\AppData\Local...}, cssSelectorsEnabled: true, databaseEnabled: false, goog:chromeOptions: {debuggerAddress: localhost:58014}, handlesAlerts: true, hasTouchScreen: false, javascriptEnabled: true, locationContextEnabled: true, mobileEmulationEnabled: false, nativeEvents: true, networkConnectionEnabled: false, pageLoadStrategy: normal, platform: XP, platformName: XP, rotatable: false, setWindowRect: true, takesHeapSnapshot: true, takesScreenshot: true, unexpectedAlertBehaviour: , unhandledPromptBehavior: , version: 74.0.3729.169, webStorageEnabled: true}
Session ID: dc45a8fc938efe12f601fd2ad5607d7e
	at org.openqa.selenium.support.ui.WebDriverWait.timeoutException(WebDriverWait.java:81)
	at org.openqa.selenium.support.ui.FluentWait.until(FluentWait.java:271)
	at GT.GT.HomePage.request_A_PriceTabFunctionality(HomePage.java:341)
	at GT.GT.HomePageTest.verifyRequest_A_PriceTabFunctionality(HomePageTest.java:689)
	at sun.reflect.NativeMethodAccessorImpl.invoke0(Native Method)
	at sun.reflect.NativeMethodAccessorImpl.invoke(Unknown Source)
	at sun.reflect.DelegatingMethodAccessorImpl.invoke(Unknown Source)
	at java.lang.reflect.Method.invoke(Unknown Source)
	at org.testng.internal.MethodInvocationHelper.invokeMethod(MethodInvocationHelper.java:124)
	at org.testng.internal.Invoker.invokeMethod(Invoker.java:580)
	at org.testng.internal.Invoker.invokeTestMethod(Invoker.java:716)
	at org.testng.internal.Invoker.invokeTestMethods(Invoker.java:988)
	at org.testng.internal.TestMethodWorker.invokeTestMethods(TestMethodWorker.java:125)
	at org.testng.internal.TestMethodWorker.run(TestMethodWorker.java:109)
	at org.testng.TestRunner.privateRun(TestRunner.java:648)
	at org.testng.TestRunner.run(TestRunner.java:505)
	at org.testng.SuiteRunner.runTest(SuiteRunner.java:455)
	at org.testng.SuiteRunner.runSequentially(SuiteRunner.java:450)
	at org.testng.SuiteRunner.privateRun(SuiteRunner.java:415)
	at org.testng.SuiteRunner.run(SuiteRunner.java:364)
	at org.testng.SuiteRunnerWorker.runSuite(SuiteRunnerWorker.java:52)
	at org.testng.SuiteRunnerWorker.run(SuiteRunnerWorker.java:84)
	at org.testng.TestNG.runSuitesSequentially(TestNG.java:1208)
	at org.testng.TestNG.runSuitesLocally(TestNG.java:1137)
	at org.testng.TestNG.runSuites(TestNG.java:1049)
	at org.testng.TestNG.run(TestNG.java:1017)
	at org.testng.remote.AbstractRemoteTestNG.run(AbstractRemoteTestNG.java:114)
	at org.testng.remote.RemoteTestNG.initAndRun(RemoteTestNG.java:251)
	at org.testng.remote.RemoteTestNG.main(RemoteTestNG.java:77)
</pre></div></td>
<td>5</td>
<td>GT.GT.HomePageTest@45820e51</td></tr>
<tr>
<td title='GT.GT.HomePageTest.verifyScanQRCodeTabFunctionality()'><b>verifyScanQRCodeTabFunctionality</b><br>Test class: GT.GT.HomePageTest</td>
<td><div><pre>java.lang.AssertionError: expected [http://staging.grptalk.com] but found [https://web.grptalk.com/]
	at GT.GT.HomePageTest.verifyScanQRCodeTabFunctionality(HomePageTest.java:391)
... Removed 31 stack frames</pre></div><a href='#' onClick='toggleBox("stack-trace1715009028", this, "Click to show all stack frames", "Click to hide stack frames")'>Click to show all stack frames</a>
<div class='stack-trace' id='stack-trace1715009028'><pre>java.lang.AssertionError: expected [http://staging.grptalk.com] but found [https://web.grptalk.com/]
	at org.testng.Assert.fail(Assert.java:96)
	at org.testng.Assert.failNotEquals(Assert.java:776)
	at org.testng.Assert.assertEqualsImpl(Assert.java:137)
	at org.testng.Assert.assertEquals(Assert.java:118)
	at org.testng.Assert.assertEquals(Assert.java:453)
	at org.testng.Assert.assertEquals(Assert.java:463)
	at GT.GT.HomePageTest.verifyScanQRCodeTabFunctionality(HomePageTest.java:391)
	at sun.reflect.NativeMethodAccessorImpl.invoke0(Native Method)
	at sun.reflect.NativeMethodAccessorImpl.invoke(Unknown Source)
	at sun.reflect.DelegatingMethodAccessorImpl.invoke(Unknown Source)
	at java.lang.reflect.Method.invoke(Unknown Source)
	at org.testng.internal.MethodInvocationHelper.invokeMethod(MethodInvocationHelper.java:124)
	at org.testng.internal.Invoker.invokeMethod(Invoker.java:580)
	at org.testng.internal.Invoker.invokeTestMethod(Invoker.java:716)
	at org.testng.internal.Invoker.invokeTestMethods(Invoker.java:988)
	at org.testng.internal.TestMethodWorker.invokeTestMethods(TestMethodWorker.java:125)
	at org.testng.internal.TestMethodWorker.run(TestMethodWorker.java:109)
	at org.testng.TestRunner.privateRun(TestRunner.java:648)
	at org.testng.TestRunner.run(TestRunner.java:505)
	at org.testng.SuiteRunner.runTest(SuiteRunner.java:455)
	at org.testng.SuiteRunner.runSequentially(SuiteRunner.java:450)
	at org.testng.SuiteRunner.privateRun(SuiteRunner.java:415)
	at org.testng.SuiteRunner.run(SuiteRunner.java:364)
	at org.testng.SuiteRunnerWorker.runSuite(SuiteRunnerWorker.java:52)
	at org.testng.SuiteRunnerWorker.run(SuiteRunnerWorker.java:84)
	at org.testng.TestNG.runSuitesSequentially(TestNG.java:1208)
	at org.testng.TestNG.runSuitesLocally(TestNG.java:1137)
	at org.testng.TestNG.runSuites(TestNG.java:1049)
	at org.testng.TestNG.run(TestNG.java:1017)
	at org.testng.remote.AbstractRemoteTestNG.run(AbstractRemoteTestNG.java:114)
	at org.testng.remote.RemoteTestNG.initAndRun(RemoteTestNG.java:251)
	at org.testng.remote.RemoteTestNG.main(RemoteTestNG.java:77)
</pre></div></td>
<td>1</td>
<td>GT.GT.HomePageTest@45820e51</td></tr>
</table><p>
<table width='100%' border='1' class='invocation-passed'>
<tr><td colspan='4' align='center'><b>PASSED TESTS</b></td></tr>
<tr><td><b>Test method</b></td>
<td width="30%"><b>Exception</b></td>
<td width="10%"><b>Time (seconds)</b></td>
<td><b>Instance</b></td>
</tr>
<tr>
<td title='GT.GT.HomePageTest.verifyAboutLinkInFooterSection()'><b>verifyAboutLinkInFooterSection</b><br>Test class: GT.GT.HomePageTest</td>
<td></td>
<td>0</td>
<td>GT.GT.HomePageTest@45820e51</td></tr>
<tr>
<td title='GT.GT.HomePageTest.verifyAppStoreTabFunctionality()'><b>verifyAppStoreTabFunctionality</b><br>Test class: GT.GT.HomePageTest</td>
<td></td>
<td>2</td>
<td>GT.GT.HomePageTest@45820e51</td></tr>
<tr>
<td title='GT.GT.HomePageTest.verifyContactLinkInFooterSection()'><b>verifyContactLinkInFooterSection</b><br>Test class: GT.GT.HomePageTest</td>
<td></td>
<td>0</td>
<td>GT.GT.HomePageTest@45820e51</td></tr>
<tr>
<td title='GT.GT.HomePageTest.verifyContactSalesButtonFunctionality()'><b>verifyContactSalesButtonFunctionality</b><br>Test class: GT.GT.HomePageTest</td>
<td></td>
<td>5</td>
<td>GT.GT.HomePageTest@45820e51</td></tr>
<tr>
<td title='GT.GT.HomePageTest.verifyCopyRightTextInFooterSection()'><b>verifyCopyRightTextInFooterSection</b><br>Test class: GT.GT.HomePageTest</td>
<td></td>
<td>0</td>
<td>GT.GT.HomePageTest@45820e51</td></tr>
<tr>
<td title='GT.GT.HomePageTest.verifyCustomerStoriesLinkInFooterSection()'><b>verifyCustomerStoriesLinkInFooterSection</b><br>Test class: GT.GT.HomePageTest</td>
<td></td>
<td>0</td>
<td>GT.GT.HomePageTest@45820e51</td></tr>
<tr>
<td title='GT.GT.HomePageTest.verifyCustomerStoriesTabFunctionality()'><b>verifyCustomerStoriesTabFunctionality</b><br>Test class: GT.GT.HomePageTest</td>
<td></td>
<td>0</td>
<td>GT.GT.HomePageTest@45820e51</td></tr>
<tr>
<td title='GT.GT.HomePageTest.verifyFeaturesLinkInFooterSection()'><b>verifyFeaturesLinkInFooterSection</b><br>Test class: GT.GT.HomePageTest</td>
<td></td>
<td>0</td>
<td>GT.GT.HomePageTest@45820e51</td></tr>
<tr>
<td title='GT.GT.HomePageTest.verifyFeaturesTabFunctionality()'><b>verifyFeaturesTabFunctionality</b><br>Test class: GT.GT.HomePageTest</td>
<td></td>
<td>0</td>
<td>GT.GT.HomePageTest@45820e51</td></tr>
<tr>
<td title='GT.GT.HomePageTest.verifyFunctionalityOfFacebookLogoInFooterSection()'><b>verifyFunctionalityOfFacebookLogoInFooterSection</b><br>Test class: GT.GT.HomePageTest</td>
<td></td>
<td>6</td>
<td>GT.GT.HomePageTest@45820e51</td></tr>
<tr>
<td title='GT.GT.HomePageTest.verifyFunctionalityOfTwitterLogoInFooterSection()'><b>verifyFunctionalityOfTwitterLogoInFooterSection</b><br>Test class: GT.GT.HomePageTest</td>
<td></td>
<td>6</td>
<td>GT.GT.HomePageTest@45820e51</td></tr>
<tr>
<td title='GT.GT.HomePageTest.verifyFunctionalityOfYoutubeLogoInFooterSection()'><b>verifyFunctionalityOfYoutubeLogoInFooterSection</b><br>Test class: GT.GT.HomePageTest</td>
<td></td>
<td>6</td>
<td>GT.GT.HomePageTest@45820e51</td></tr>
<tr>
<td title='GT.GT.HomePageTest.verifyHomeLinkInFooterSection()'><b>verifyHomeLinkInFooterSection</b><br>Test class: GT.GT.HomePageTest</td>
<td></td>
<td>0</td>
<td>GT.GT.HomePageTest@45820e51</td></tr>
<tr>
<td title='GT.GT.HomePageTest.verifyHowItWorksLinkInFooterSection()'><b>verifyHowItWorksLinkInFooterSection</b><br>Test class: GT.GT.HomePageTest</td>
<td></td>
<td>0</td>
<td>GT.GT.HomePageTest@45820e51</td></tr>
<tr>
<td title='GT.GT.HomePageTest.verifyHowItWorksTabFunctionality()'><b>verifyHowItWorksTabFunctionality</b><br>Test class: GT.GT.HomePageTest</td>
<td></td>
<td>0</td>
<td>GT.GT.HomePageTest@45820e51</td></tr>
<tr>
<td title='GT.GT.HomePageTest.verifyPlayStoreTabFunctionality()'><b>verifyPlayStoreTabFunctionality</b><br>Test class: GT.GT.HomePageTest</td>
<td></td>
<td>2</td>
<td>GT.GT.HomePageTest@45820e51</td></tr>
<tr>
<td title='GT.GT.HomePageTest.verifyPricingLinkInFooterSection()'><b>verifyPricingLinkInFooterSection</b><br>Test class: GT.GT.HomePageTest</td>
<td></td>
<td>0</td>
<td>GT.GT.HomePageTest@45820e51</td></tr>
<tr>
<td title='GT.GT.HomePageTest.verifyPrivacyAndDataUsageLinkInFooterSection()'><b>verifyPrivacyAndDataUsageLinkInFooterSection</b><br>Test class: GT.GT.HomePageTest</td>
<td></td>
<td>0</td>
<td>GT.GT.HomePageTest@45820e51</td></tr>
<tr>
<td title='GT.GT.HomePageTest.verifySolutionsTabFunctionality()'><b>verifySolutionsTabFunctionality</b><br>Test class: GT.GT.HomePageTest</td>
<td></td>
<td>2</td>
<td>GT.GT.HomePageTest@45820e51</td></tr>
<tr>
<td title='GT.GT.HomePageTest.verifyStartDemoFunctionality()'><b>verifyStartDemoFunctionality</b><br>Test class: GT.GT.HomePageTest</td>
<td></td>
<td>4</td>
<td>GT.GT.HomePageTest@45820e51</td></tr>
<tr>
<td title='GT.GT.HomePageTest.verifyTermsAndConditionsLinkInFooterSection()'><b>verifyTermsAndConditionsLinkInFooterSection</b><br>Test class: GT.GT.HomePageTest</td>
<td></td>
<td>4</td>
<td>GT.GT.HomePageTest@45820e51</td></tr>
<tr>
<td title='GT.GT.HomePageTest.verifyWebLoginFunctionality()'><b>verifyWebLoginFunctionality</b><br>Test class: GT.GT.HomePageTest</td>
<td></td>
<td>1</td>
<td>GT.GT.HomePageTest@45820e51</td></tr>
<tr>
<td title='GT.GT.HomePageTest.verifyWebLoginLinkInFooterSection()'><b>verifyWebLoginLinkInFooterSection</b><br>Test class: GT.GT.HomePageTest</td>
<td></td>
<td>1</td>
<td>GT.GT.HomePageTest@45820e51</td></tr>
<tr>
<td title='GT.GT.HomePageTest.verifyYouTubeVideoFunctionality()'><b>verifyYouTubeVideoFunctionality</b><br>Test class: GT.GT.HomePageTest</td>
<td></td>
<td>0</td>
<td>GT.GT.HomePageTest@45820e51</td></tr>
<tr>
<td title='GT.GT.HomePageTest.verify_FAQ_LinkInFooterSection()'><b>verify_FAQ_LinkInFooterSection</b><br>Test class: GT.GT.HomePageTest</td>
<td></td>
<td>0</td>
<td>GT.GT.HomePageTest@45820e51</td></tr>
</table><p>
</body>
</html>