<?xml version="1.0" encoding="UTF-8"?>
<!-- Generated by org.testng.reporters.JUnitXMLReporter -->
<testsuite hostname="DESKTOP-5HEF6VE" ignored="0" name="LiveGrpTalkWebPage" tests="28" failures="10" timestamp="20 Jun 2019 19:36:11 GMT" time="208.685" errors="0">
  <testcase name="verifyAAAlogLinkInFooterSection" time="4.992" classname="GT.Production.LiveGrpTalkWebPage">
    <failure type="java.lang.AssertionError" message="expected [https://web.grptalk.com] but found [https://web.grptalk.com/]">
      <![CDATA[java.lang.AssertionError: expected [https://web.grptalk.com] but found [https://web.grptalk.com/]
at GT.Production.LiveGrpTalkWebPage.verifyAAAlogLinkInFooterSection(LiveGrpTalkWebPage.java:420)
... Removed 31 stack frames]]>
    </failure>
  </testcase> <!-- verifyAAAlogLinkInFooterSection -->
  <testcase name="verifyAboutLinkInFooterSection" time="7.468" classname="GT.Production.LiveGrpTalkWebPage"/>
  <testcase name="verifyAppStoreTabFunctionality" time="5.314" classname="GT.Production.LiveGrpTalkWebPage"/>
  <testcase name="verifyContactLinkInFooterSection" time="1.94" classname="GT.Production.LiveGrpTalkWebPage"/>
  <testcase name="verifyContactSalesButtonFunctionality" time="8.289" classname="GT.Production.LiveGrpTalkWebPage"/>
  <testcase name="verifyCopyRightTextInFooterSection" time="0.096" classname="GT.Production.LiveGrpTalkWebPage"/>
  <testcase name="verifyCustomerStoriesLinkInFooterSection" time="1.433" classname="GT.Production.LiveGrpTalkWebPage"/>
  <testcase name="verifyCustomerStoriesTabFunctionality" time="0.531" classname="GT.Production.LiveGrpTalkWebPage"/>
  <testcase name="verifyFeaturesLinkInFooterSection" time="1.12" classname="GT.Production.LiveGrpTalkWebPage"/>
  <testcase name="verifyFeaturesTabFunctionality" time="0.438" classname="GT.Production.LiveGrpTalkWebPage"/>
  <testcase name="verifyFunctionalityOfFacebookLogoInFooterSection" time="6.474" classname="GT.Production.LiveGrpTalkWebPage">
    <failure type="java.lang.AssertionError" message="expected [https://web.grptalk.com] but found [https://web.grptalk.com/]">
      <![CDATA[java.lang.AssertionError: expected [https://web.grptalk.com] but found [https://web.grptalk.com/]
at GT.Production.LiveGrpTalkWebPage.verifyFunctionalityOfFacebookLogoInFooterSection(LiveGrpTalkWebPage.java:443)
... Removed 31 stack frames]]>
    </failure>
  </testcase> <!-- verifyFunctionalityOfFacebookLogoInFooterSection -->
  <testcase name="verifyFunctionalityOfTwitterLogoInFooterSection" time="6.557" classname="GT.Production.LiveGrpTalkWebPage">
    <failure type="java.lang.AssertionError" message="expected [https://web.grptalk.com] but found [https://web.grptalk.com/]">
      <![CDATA[java.lang.AssertionError: expected [https://web.grptalk.com] but found [https://web.grptalk.com/]
at GT.Production.LiveGrpTalkWebPage.verifyFunctionalityOfTwitterLogoInFooterSection(LiveGrpTalkWebPage.java:466)
... Removed 31 stack frames]]>
    </failure>
  </testcase> <!-- verifyFunctionalityOfTwitterLogoInFooterSection -->
  <testcase name="verifyFunctionalityOfYoutubeLogoInFooterSection" time="6.324" classname="GT.Production.LiveGrpTalkWebPage">
    <failure type="java.lang.AssertionError" message="expected [https://web.grptalk.com] but found [https://web.grptalk.com/]">
      <![CDATA[java.lang.AssertionError: expected [https://web.grptalk.com] but found [https://web.grptalk.com/]
at GT.Production.LiveGrpTalkWebPage.verifyFunctionalityOfYoutubeLogoInFooterSection(LiveGrpTalkWebPage.java:489)
... Removed 31 stack frames]]>
    </failure>
  </testcase> <!-- verifyFunctionalityOfYoutubeLogoInFooterSection -->
  <testcase name="verifyGrpTalkEmailAndContactDisplayedInHeaderScetion" time="0.162" classname="GT.Production.LiveGrpTalkWebPage"/>
  <testcase name="verifyGrpTalkLogoFunctionality" time="2.194" classname="GT.Production.LiveGrpTalkWebPage">
    <failure type="org.openqa.selenium.WebDriverException" message="unknown error: Element &amp;lt;img src=&amp;quot;/images/grptalk_logo.png&amp;quot; alt=&amp;quot;grptalk-logo&amp;quot; style=&amp;quot;width: 230px;&amp;quot;&amp;gt; is not clickable at point (145, 39). Other element would receive the click: &amp;lt;div class=&amp;quot;navbar-fixed-top orangeGradient&amp;quot; id=&amp;quot;homeNav&amp;quot;&amp;gt;...&amp;lt;/div&amp;gt;
  (Session info: chrome=74.0.3729.169)
  (Driver info: chromedriver=2.43.600210 (68dcf5eebde37173d4027fa8635e332711d2874a),platform=Windows NT 10.0.15063 x86_64) (WARNING: The server did not provide any stacktrace information)
Command duration or timeout: 0 milliseconds
Build info: version: &amp;apos;3.12.0&amp;apos;, revision: &amp;apos;7c6e0b3&amp;apos;, time: &amp;apos;2018-05-08T15:15:03.216Z&amp;apos;
System info: host: &amp;apos;DESKTOP-5HEF6VE&amp;apos;, ip: &amp;apos;192.168.72.155&amp;apos;, os.name: &amp;apos;Windows 10&amp;apos;, os.arch: &amp;apos;amd64&amp;apos;, os.version: &amp;apos;10.0&amp;apos;, java.version: &amp;apos;1.8.0_171&amp;apos;
Driver info: org.openqa.selenium.chrome.ChromeDriver
Capabilities {acceptInsecureCerts: false, acceptSslCerts: false, applicationCacheEnabled: false, browserConnectionEnabled: false, browserName: chrome, chrome: {chromedriverVersion: 2.43.600210 (68dcf5eebde371..., userDataDir: C:\Users\smsc\AppData\Local...}, cssSelectorsEnabled: true, databaseEnabled: false, goog:chromeOptions: {debuggerAddress: localhost:5956}, handlesAlerts: true, hasTouchScreen: false, javascriptEnabled: true, locationContextEnabled: true, mobileEmulationEnabled: false, nativeEvents: true, networkConnectionEnabled: false, pageLoadStrategy: normal, platform: XP, platformName: XP, rotatable: false, setWindowRect: true, takesHeapSnapshot: true, takesScreenshot: true, unexpectedAlertBehaviour: , unhandledPromptBehavior: , version: 74.0.3729.169, webStorageEnabled: true}
Session ID: 94daee0f6572a0ab7b6ced0134037258">
      <![CDATA[org.openqa.selenium.WebDriverException: unknown error: Element <img src="/images/grptalk_logo.png" alt="grptalk-logo" style="width: 230px;"> is not clickable at point (145, 39). Other element would receive the click: <div class="navbar-fixed-top orangeGradient" id="homeNav">...</div>
  (Session info: chrome=74.0.3729.169)
  (Driver info: chromedriver=2.43.600210 (68dcf5eebde37173d4027fa8635e332711d2874a),platform=Windows NT 10.0.15063 x86_64) (WARNING: The server did not provide any stacktrace information)
Command duration or timeout: 0 milliseconds
Build info: version: '3.12.0', revision: '7c6e0b3', time: '2018-05-08T15:15:03.216Z'
System info: host: 'DESKTOP-5HEF6VE', ip: '192.168.72.155', os.name: 'Windows 10', os.arch: 'amd64', os.version: '10.0', java.version: '1.8.0_171'
Driver info: org.openqa.selenium.chrome.ChromeDriver
Capabilities {acceptInsecureCerts: false, acceptSslCerts: false, applicationCacheEnabled: false, browserConnectionEnabled: false, browserName: chrome, chrome: {chromedriverVersion: 2.43.600210 (68dcf5eebde371..., userDataDir: C:\Users\smsc\AppData\Local...}, cssSelectorsEnabled: true, databaseEnabled: false, goog:chromeOptions: {debuggerAddress: localhost:5956}, handlesAlerts: true, hasTouchScreen: false, javascriptEnabled: true, locationContextEnabled: true, mobileEmulationEnabled: false, nativeEvents: true, networkConnectionEnabled: false, pageLoadStrategy: normal, platform: XP, platformName: XP, rotatable: false, setWindowRect: true, takesHeapSnapshot: true, takesScreenshot: true, unexpectedAlertBehaviour: , unhandledPromptBehavior: , version: 74.0.3729.169, webStorageEnabled: true}
Session ID: 94daee0f6572a0ab7b6ced0134037258
at org.openqa.selenium.remote.ErrorHandler.createThrowable(ErrorHandler.java:214)
at org.openqa.selenium.remote.ErrorHandler.throwIfResponseFailed(ErrorHandler.java:166)
at org.openqa.selenium.remote.http.JsonHttpResponseCodec.reconstructValue(JsonHttpResponseCodec.java:40)
at org.openqa.selenium.remote.http.AbstractHttpResponseCodec.decode(AbstractHttpResponseCodec.java:80)
at org.openqa.selenium.remote.http.AbstractHttpResponseCodec.decode(AbstractHttpResponseCodec.java:44)
at org.openqa.selenium.remote.HttpCommandExecutor.execute(HttpCommandExecutor.java:158)
at org.openqa.selenium.remote.service.DriverCommandExecutor.execute(DriverCommandExecutor.java:83)
at org.openqa.selenium.remote.RemoteWebDriver.execute(RemoteWebDriver.java:543)
at org.openqa.selenium.remote.RemoteWebElement.execute(RemoteWebElement.java:276)
at org.openqa.selenium.remote.RemoteWebElement.click(RemoteWebElement.java:83)
at GT.GT.WebGrpTalkHomePage.clickGrpTalkLogo(WebGrpTalkHomePage.java:212)
at GT.Production.LiveGrpTalkWebPage.verifyGrpTalkLogoFunctionality(LiveGrpTalkWebPage.java:187)
... Removed 29 stack frames]]>
    </failure>
  </testcase> <!-- verifyGrpTalkLogoFunctionality -->
  <testcase name="verifyHomeLinkInFooterSection" time="2.198" classname="GT.Production.LiveGrpTalkWebPage">
    <failure type="java.lang.AssertionError" message="expected [https://www.grptalk.com] but found [https://www.grptalk.com/]">
      <![CDATA[java.lang.AssertionError: expected [https://www.grptalk.com] but found [https://www.grptalk.com/]
at GT.Production.LiveGrpTalkWebPage.verifyHomeLinkInFooterSection(LiveGrpTalkWebPage.java:319)
... Removed 31 stack frames]]>
    </failure>
  </testcase> <!-- verifyHomeLinkInFooterSection -->
  <testcase name="verifyHowItWorksLinkInFooterSection" time="2.594" classname="GT.Production.LiveGrpTalkWebPage"/>
  <testcase name="verifyHowItWorksTabFunctionality" time="7.173" classname="GT.Production.LiveGrpTalkWebPage">
    <failure type="org.openqa.selenium.TimeoutException" message="Expected condition failed: waiting for text (&amp;apos;How does grptalk work?&amp;apos;) to be present in element found by By.id: bannerHeading1 (tried for 5 second(s) with 500 milliseconds interval)
Build info: version: &amp;apos;3.12.0&amp;apos;, revision: &amp;apos;7c6e0b3&amp;apos;, time: &amp;apos;2018-05-08T15:15:03.216Z&amp;apos;
System info: host: &amp;apos;DESKTOP-5HEF6VE&amp;apos;, ip: &amp;apos;192.168.72.155&amp;apos;, os.name: &amp;apos;Windows 10&amp;apos;, os.arch: &amp;apos;amd64&amp;apos;, os.version: &amp;apos;10.0&amp;apos;, java.version: &amp;apos;1.8.0_171&amp;apos;
Driver info: org.openqa.selenium.chrome.ChromeDriver
Capabilities {acceptInsecureCerts: false, acceptSslCerts: false, applicationCacheEnabled: false, browserConnectionEnabled: false, browserName: chrome, chrome: {chromedriverVersion: 2.43.600210 (68dcf5eebde371..., userDataDir: C:\Users\smsc\AppData\Local...}, cssSelectorsEnabled: true, databaseEnabled: false, goog:chromeOptions: {debuggerAddress: localhost:5956}, handlesAlerts: true, hasTouchScreen: false, javascriptEnabled: true, locationContextEnabled: true, mobileEmulationEnabled: false, nativeEvents: true, networkConnectionEnabled: false, pageLoadStrategy: normal, platform: XP, platformName: XP, rotatable: false, setWindowRect: true, takesHeapSnapshot: true, takesScreenshot: true, unexpectedAlertBehaviour: , unhandledPromptBehavior: , version: 74.0.3729.169, webStorageEnabled: true}
Session ID: 94daee0f6572a0ab7b6ced0134037258">
      <![CDATA[org.openqa.selenium.TimeoutException: Expected condition failed: waiting for text ('How does grptalk work?') to be present in element found by By.id: bannerHeading1 (tried for 5 second(s) with 500 milliseconds interval)
Build info: version: '3.12.0', revision: '7c6e0b3', time: '2018-05-08T15:15:03.216Z'
System info: host: 'DESKTOP-5HEF6VE', ip: '192.168.72.155', os.name: 'Windows 10', os.arch: 'amd64', os.version: '10.0', java.version: '1.8.0_171'
Driver info: org.openqa.selenium.chrome.ChromeDriver
Capabilities {acceptInsecureCerts: false, acceptSslCerts: false, applicationCacheEnabled: false, browserConnectionEnabled: false, browserName: chrome, chrome: {chromedriverVersion: 2.43.600210 (68dcf5eebde371..., userDataDir: C:\Users\smsc\AppData\Local...}, cssSelectorsEnabled: true, databaseEnabled: false, goog:chromeOptions: {debuggerAddress: localhost:5956}, handlesAlerts: true, hasTouchScreen: false, javascriptEnabled: true, locationContextEnabled: true, mobileEmulationEnabled: false, nativeEvents: true, networkConnectionEnabled: false, pageLoadStrategy: normal, platform: XP, platformName: XP, rotatable: false, setWindowRect: true, takesHeapSnapshot: true, takesScreenshot: true, unexpectedAlertBehaviour: , unhandledPromptBehavior: , version: 74.0.3729.169, webStorageEnabled: true}
Session ID: 94daee0f6572a0ab7b6ced0134037258
at org.openqa.selenium.support.ui.WebDriverWait.timeoutException(WebDriverWait.java:81)
at org.openqa.selenium.support.ui.FluentWait.until(FluentWait.java:271)
at GT.GT.WebGrpTalkHomePage.howItWorksTabFunctionality(WebGrpTalkHomePage.java:246)
at GT.Production.LiveGrpTalkWebPage.verifyHowItWorksTabFunctionality(LiveGrpTalkWebPage.java:224)
... Removed 25 stack frames]]>
    </failure>
  </testcase> <!-- verifyHowItWorksTabFunctionality -->
  <testcase name="verifyPlayStoreTabFunctionality" time="2.238" classname="GT.Production.LiveGrpTalkWebPage"/>
  <testcase name="verifyPricingLinkInFooterSection" time="0.04" classname="GT.Production.LiveGrpTalkWebPage">
    <failure type="org.openqa.selenium.InvalidSelectorException" message="invalid selector: Unable to locate an element with the xpath expression //*[@class=&amp;apos;f-cont-li-01&amp;apos;]//*[contains(@href,&amp;apos;/Pricing&amp;apos;] because of the following error:
SyntaxError: Failed to execute &amp;apos;evaluate&amp;apos; on &amp;apos;Document&amp;apos;: The string &amp;apos;//*[@class=&amp;apos;f-cont-li-01&amp;apos;]//*[contains(@href,&amp;apos;/Pricing&amp;apos;]&amp;apos; is not a valid XPath expression.
  (Session info: chrome=74.0.3729.169)
  (Driver info: chromedriver=2.43.600210 (68dcf5eebde37173d4027fa8635e332711d2874a),platform=Windows NT 10.0.15063 x86_64) (WARNING: The server did not provide any stacktrace information)
Command duration or timeout: 0 milliseconds
For documentation on this error, please visit: http://seleniumhq.org/exceptions/invalid_selector_exception.html
Build info: version: &amp;apos;3.12.0&amp;apos;, revision: &amp;apos;7c6e0b3&amp;apos;, time: &amp;apos;2018-05-08T15:15:03.216Z&amp;apos;
System info: host: &amp;apos;DESKTOP-5HEF6VE&amp;apos;, ip: &amp;apos;192.168.72.155&amp;apos;, os.name: &amp;apos;Windows 10&amp;apos;, os.arch: &amp;apos;amd64&amp;apos;, os.version: &amp;apos;10.0&amp;apos;, java.version: &amp;apos;1.8.0_171&amp;apos;
Driver info: org.openqa.selenium.chrome.ChromeDriver
Capabilities {acceptInsecureCerts: false, acceptSslCerts: false, applicationCacheEnabled: false, browserConnectionEnabled: false, browserName: chrome, chrome: {chromedriverVersion: 2.43.600210 (68dcf5eebde371..., userDataDir: C:\Users\smsc\AppData\Local...}, cssSelectorsEnabled: true, databaseEnabled: false, goog:chromeOptions: {debuggerAddress: localhost:5956}, handlesAlerts: true, hasTouchScreen: false, javascriptEnabled: true, locationContextEnabled: true, mobileEmulationEnabled: false, nativeEvents: true, networkConnectionEnabled: false, pageLoadStrategy: normal, platform: XP, platformName: XP, rotatable: false, setWindowRect: true, takesHeapSnapshot: true, takesScreenshot: true, unexpectedAlertBehaviour: , unhandledPromptBehavior: , version: 74.0.3729.169, webStorageEnabled: true}
Session ID: 94daee0f6572a0ab7b6ced0134037258
*** Element info: {Using=xpath, value=//*[@class=&amp;apos;f-cont-li-01&amp;apos;]//*[contains(@href,&amp;apos;/Pricing&amp;apos;]}">
      <![CDATA[org.openqa.selenium.InvalidSelectorException: invalid selector: Unable to locate an element with the xpath expression //*[@class='f-cont-li-01']//*[contains(@href,'/Pricing'] because of the following error:
SyntaxError: Failed to execute 'evaluate' on 'Document': The string '//*[@class='f-cont-li-01']//*[contains(@href,'/Pricing']' is not a valid XPath expression.
  (Session info: chrome=74.0.3729.169)
  (Driver info: chromedriver=2.43.600210 (68dcf5eebde37173d4027fa8635e332711d2874a),platform=Windows NT 10.0.15063 x86_64) (WARNING: The server did not provide any stacktrace information)
Command duration or timeout: 0 milliseconds
For documentation on this error, please visit: http://seleniumhq.org/exceptions/invalid_selector_exception.html
Build info: version: '3.12.0', revision: '7c6e0b3', time: '2018-05-08T15:15:03.216Z'
System info: host: 'DESKTOP-5HEF6VE', ip: '192.168.72.155', os.name: 'Windows 10', os.arch: 'amd64', os.version: '10.0', java.version: '1.8.0_171'
Driver info: org.openqa.selenium.chrome.ChromeDriver
Capabilities {acceptInsecureCerts: false, acceptSslCerts: false, applicationCacheEnabled: false, browserConnectionEnabled: false, browserName: chrome, chrome: {chromedriverVersion: 2.43.600210 (68dcf5eebde371..., userDataDir: C:\Users\smsc\AppData\Local...}, cssSelectorsEnabled: true, databaseEnabled: false, goog:chromeOptions: {debuggerAddress: localhost:5956}, handlesAlerts: true, hasTouchScreen: false, javascriptEnabled: true, locationContextEnabled: true, mobileEmulationEnabled: false, nativeEvents: true, networkConnectionEnabled: false, pageLoadStrategy: normal, platform: XP, platformName: XP, rotatable: false, setWindowRect: true, takesHeapSnapshot: true, takesScreenshot: true, unexpectedAlertBehaviour: , unhandledPromptBehavior: , version: 74.0.3729.169, webStorageEnabled: true}
Session ID: 94daee0f6572a0ab7b6ced0134037258
*** Element info: {Using=xpath, value=//*[@class='f-cont-li-01']//*[contains(@href,'/Pricing']}
at org.openqa.selenium.remote.ErrorHandler.createThrowable(ErrorHandler.java:214)
at org.openqa.selenium.remote.ErrorHandler.throwIfResponseFailed(ErrorHandler.java:166)
at org.openqa.selenium.remote.http.JsonHttpResponseCodec.reconstructValue(JsonHttpResponseCodec.java:40)
at org.openqa.selenium.remote.http.AbstractHttpResponseCodec.decode(AbstractHttpResponseCodec.java:80)
at org.openqa.selenium.remote.http.AbstractHttpResponseCodec.decode(AbstractHttpResponseCodec.java:44)
at org.openqa.selenium.remote.HttpCommandExecutor.execute(HttpCommandExecutor.java:158)
at org.openqa.selenium.remote.service.DriverCommandExecutor.execute(DriverCommandExecutor.java:83)
at org.openqa.selenium.remote.RemoteWebDriver.execute(RemoteWebDriver.java:543)
at org.openqa.selenium.remote.RemoteWebDriver.findElement(RemoteWebDriver.java:317)
at org.openqa.selenium.remote.RemoteWebDriver.findElementByXPath(RemoteWebDriver.java:419)
at org.openqa.selenium.By$ByXPath.findElement(By.java:353)
at org.openqa.selenium.remote.RemoteWebDriver.findElement(RemoteWebDriver.java:309)
at GT.GT.WebGrpTalkHomePage.clickPricingLinkInFooterSection(WebGrpTalkHomePage.java:93)
at GT.Production.LiveGrpTalkWebPage.verifyPricingLinkInFooterSection(LiveGrpTalkWebPage.java:354)
... Removed 29 stack frames]]>
    </failure>
  </testcase> <!-- verifyPricingLinkInFooterSection -->
  <testcase name="verifyPricingTabFunctionality" time="6.393" classname="GT.Production.LiveGrpTalkWebPage">
    <failure type="org.openqa.selenium.TimeoutException" message="Expected condition failed: waiting for text (&amp;apos;Get the perfect conferencing plan for your needs!&amp;apos;) to be present in element found by By.id: bannerHeading1 (tried for 5 second(s) with 500 milliseconds interval)
Build info: version: &amp;apos;3.12.0&amp;apos;, revision: &amp;apos;7c6e0b3&amp;apos;, time: &amp;apos;2018-05-08T15:15:03.216Z&amp;apos;
System info: host: &amp;apos;DESKTOP-5HEF6VE&amp;apos;, ip: &amp;apos;192.168.72.155&amp;apos;, os.name: &amp;apos;Windows 10&amp;apos;, os.arch: &amp;apos;amd64&amp;apos;, os.version: &amp;apos;10.0&amp;apos;, java.version: &amp;apos;1.8.0_171&amp;apos;
Driver info: org.openqa.selenium.chrome.ChromeDriver
Capabilities {acceptInsecureCerts: false, acceptSslCerts: false, applicationCacheEnabled: false, browserConnectionEnabled: false, browserName: chrome, chrome: {chromedriverVersion: 2.43.600210 (68dcf5eebde371..., userDataDir: C:\Users\smsc\AppData\Local...}, cssSelectorsEnabled: true, databaseEnabled: false, goog:chromeOptions: {debuggerAddress: localhost:5956}, handlesAlerts: true, hasTouchScreen: false, javascriptEnabled: true, locationContextEnabled: true, mobileEmulationEnabled: false, nativeEvents: true, networkConnectionEnabled: false, pageLoadStrategy: normal, platform: XP, platformName: XP, rotatable: false, setWindowRect: true, takesHeapSnapshot: true, takesScreenshot: true, unexpectedAlertBehaviour: , unhandledPromptBehavior: , version: 74.0.3729.169, webStorageEnabled: true}
Session ID: 94daee0f6572a0ab7b6ced0134037258">
      <![CDATA[org.openqa.selenium.TimeoutException: Expected condition failed: waiting for text ('Get the perfect conferencing plan for your needs!') to be present in element found by By.id: bannerHeading1 (tried for 5 second(s) with 500 milliseconds interval)
Build info: version: '3.12.0', revision: '7c6e0b3', time: '2018-05-08T15:15:03.216Z'
System info: host: 'DESKTOP-5HEF6VE', ip: '192.168.72.155', os.name: 'Windows 10', os.arch: 'amd64', os.version: '10.0', java.version: '1.8.0_171'
Driver info: org.openqa.selenium.chrome.ChromeDriver
Capabilities {acceptInsecureCerts: false, acceptSslCerts: false, applicationCacheEnabled: false, browserConnectionEnabled: false, browserName: chrome, chrome: {chromedriverVersion: 2.43.600210 (68dcf5eebde371..., userDataDir: C:\Users\smsc\AppData\Local...}, cssSelectorsEnabled: true, databaseEnabled: false, goog:chromeOptions: {debuggerAddress: localhost:5956}, handlesAlerts: true, hasTouchScreen: false, javascriptEnabled: true, locationContextEnabled: true, mobileEmulationEnabled: false, nativeEvents: true, networkConnectionEnabled: false, pageLoadStrategy: normal, platform: XP, platformName: XP, rotatable: false, setWindowRect: true, takesHeapSnapshot: true, takesScreenshot: true, unexpectedAlertBehaviour: , unhandledPromptBehavior: , version: 74.0.3729.169, webStorageEnabled: true}
Session ID: 94daee0f6572a0ab7b6ced0134037258
at org.openqa.selenium.support.ui.WebDriverWait.timeoutException(WebDriverWait.java:81)
at org.openqa.selenium.support.ui.FluentWait.until(FluentWait.java:271)
at GT.GT.WebGrpTalkHomePage.pricingTabFunctionality(WebGrpTalkHomePage.java:254)
at GT.Production.LiveGrpTalkWebPage.verifyPricingTabFunctionality(LiveGrpTalkWebPage.java:235)
... Removed 25 stack frames]]>
    </failure>
  </testcase> <!-- verifyPricingTabFunctionality -->
  <testcase name="verifyPrivacyAndDataUsageLinkInFooterSection" time="0.786" classname="GT.Production.LiveGrpTalkWebPage"/>
  <testcase name="verifySolutionsTabFunctionality" time="4.95" classname="GT.Production.LiveGrpTalkWebPage">
    <failure type="java.lang.AssertionError" message="expected [https://www.grptalk.com/Solutions.aspx] but found [https://web.grptalk.com/Solutions.aspx]">
      <![CDATA[java.lang.AssertionError: expected [https://www.grptalk.com/Solutions.aspx] but found [https://web.grptalk.com/Solutions.aspx]
at GT.Production.LiveGrpTalkWebPage.verifySolutionsTabFunctionality(LiveGrpTalkWebPage.java:263)
... Removed 31 stack frames]]>
    </failure>
  </testcase> <!-- verifySolutionsTabFunctionality -->
  <testcase name="verifyTermsAndConditionsLinkInFooterSection" time="3.24" classname="GT.Production.LiveGrpTalkWebPage"/>
  <testcase name="verifyVisibilityOfImgQRCodeOnWebGrpTalkPage" time="0.055" classname="GT.Production.LiveGrpTalkWebPage"/>
  <testcase name="verifyWebLoginFunctionality" time="0.8" classname="GT.Production.LiveGrpTalkWebPage"/>
  <testcase name="verifyWebLoginLinkInFooterSection" time="0.772" classname="GT.Production.LiveGrpTalkWebPage"/>
  <testcase name="verify_FAQ_LinkInFooterSection" time="0.519" classname="GT.Production.LiveGrpTalkWebPage"/>
</testsuite> <!-- LiveGrpTalkWebPage -->
