<?xml version="1.0" encoding="UTF-8"?>
<!-- Generated by org.testng.reporters.JUnitXMLReporter -->
<testsuite hostname="DESKTOP-5HEF6VE" ignored="0" name="WebGrpTalkHomePageTest" tests="28" failures="20" timestamp="04 Jul 2019 09:59:37 GMT" time="960.741" errors="0">
  <testcase name="verifyAboutLinkInFooterSection" time="1.369" classname="GT.GT.WebGrpTalkHomePageTest">
    <failure type="java.lang.AssertionError" message="expected [http://staging.grptalk.com/login/About-us] but found [http://staging.grptalk.com/About-us]">
      <![CDATA[java.lang.AssertionError: expected [http://staging.grptalk.com/login/About-us] but found [http://staging.grptalk.com/About-us]
at GT.GT.WebGrpTalkHomePageTest.verifyAboutLinkInFooterSection(WebGrpTalkHomePageTest.java:240)
... Removed 31 stack frames]]>
    </failure>
  </testcase> <!-- verifyAboutLinkInFooterSection -->
  <testcase name="verifyAppStoreTabFunctionality" time="4.158" classname="GT.GT.WebGrpTalkHomePageTest"/>
  <testcase name="verifyBlogLinkInFooterSection" time="3.353" classname="GT.GT.WebGrpTalkHomePageTest">
    <failure type="java.lang.AssertionError" message="expected [/login] but found [http://staging.grptalk.com/login]">
      <![CDATA[java.lang.AssertionError: expected [/login] but found [http://staging.grptalk.com/login]
at GT.GT.WebGrpTalkHomePageTest.verifyBlogLinkInFooterSection(WebGrpTalkHomePageTest.java:328)
... Removed 31 stack frames]]>
    </failure>
  </testcase> <!-- verifyBlogLinkInFooterSection -->
  <testcase name="verifyContactLinkInFooterSection" time="0.728" classname="GT.GT.WebGrpTalkHomePageTest">
    <failure type="java.lang.AssertionError" message="expected [http://staging.grptalk.com/login/Contact-us] but found [http://staging.grptalk.com/Contact-us]">
      <![CDATA[java.lang.AssertionError: expected [http://staging.grptalk.com/login/Contact-us] but found [http://staging.grptalk.com/Contact-us]
at GT.GT.WebGrpTalkHomePageTest.verifyContactLinkInFooterSection(WebGrpTalkHomePageTest.java:410)
... Removed 31 stack frames]]>
    </failure>
  </testcase> <!-- verifyContactLinkInFooterSection -->
  <testcase name="verifyContactSalesButtonFunctionality" time="5.275" classname="GT.GT.WebGrpTalkHomePageTest"/>
  <testcase name="verifyCopyRightTextInFooterSection" time="0.165" classname="GT.GT.WebGrpTalkHomePageTest"/>
  <testcase name="verifyCustomerStoriesLinkInFooterSection" time="0.756" classname="GT.GT.WebGrpTalkHomePageTest">
    <failure type="java.lang.AssertionError" message="expected [http://staging.grptalk.com/login/Customer-Stories] but found [http://staging.grptalk.com/Customer-Stories]">
      <![CDATA[java.lang.AssertionError: expected [http://staging.grptalk.com/login/Customer-Stories] but found [http://staging.grptalk.com/Customer-Stories]
at GT.GT.WebGrpTalkHomePageTest.verifyCustomerStoriesLinkInFooterSection(WebGrpTalkHomePageTest.java:305)
... Removed 31 stack frames]]>
    </failure>
  </testcase> <!-- verifyCustomerStoriesLinkInFooterSection -->
  <testcase name="verifyCustomerStoriesTabFunctionality" time="0.668" classname="GT.GT.WebGrpTalkHomePageTest">
    <failure type="java.lang.AssertionError" message="expected [http://staging.grptalk.com/login/Customer-Stories] but found [http://staging.grptalk.com/Customer-Stories]">
      <![CDATA[java.lang.AssertionError: expected [http://staging.grptalk.com/login/Customer-Stories] but found [http://staging.grptalk.com/Customer-Stories]
at GT.GT.WebGrpTalkHomePageTest.verifyCustomerStoriesTabFunctionality(WebGrpTalkHomePageTest.java:159)
... Removed 31 stack frames]]>
    </failure>
  </testcase> <!-- verifyCustomerStoriesTabFunctionality -->
  <testcase name="verifyFeaturesLinkInFooterSection" time="0.658" classname="GT.GT.WebGrpTalkHomePageTest">
    <failure type="java.lang.AssertionError" message="expected [http://staging.grptalk.com/login/Features] but found [http://staging.grptalk.com/Features]">
      <![CDATA[java.lang.AssertionError: expected [http://staging.grptalk.com/login/Features] but found [http://staging.grptalk.com/Features]
at GT.GT.WebGrpTalkHomePageTest.verifyFeaturesLinkInFooterSection(WebGrpTalkHomePageTest.java:279)
... Removed 31 stack frames]]>
    </failure>
  </testcase> <!-- verifyFeaturesLinkInFooterSection -->
  <testcase name="verifyFeaturesTabFunctionality" time="0.626" classname="GT.GT.WebGrpTalkHomePageTest">
    <failure type="java.lang.AssertionError" message="expected [http://staging.grptalk.com/login/Features] but found [http://staging.grptalk.com/Features]">
      <![CDATA[java.lang.AssertionError: expected [http://staging.grptalk.com/login/Features] but found [http://staging.grptalk.com/Features]
at GT.GT.WebGrpTalkHomePageTest.verifyFeaturesTabFunctionality(WebGrpTalkHomePageTest.java:123)
... Removed 31 stack frames]]>
    </failure>
  </testcase> <!-- verifyFeaturesTabFunctionality -->
  <testcase name="verifyFunctionalityOfFacebookLogoInFooterSection" time="6.351" classname="GT.GT.WebGrpTalkHomePageTest">
    <failure type="java.lang.AssertionError" message="expected [/login] but found [http://staging.grptalk.com/login]">
      <![CDATA[java.lang.AssertionError: expected [/login] but found [http://staging.grptalk.com/login]
at GT.GT.WebGrpTalkHomePageTest.verifyFunctionalityOfFacebookLogoInFooterSection(WebGrpTalkHomePageTest.java:351)
... Removed 31 stack frames]]>
    </failure>
  </testcase> <!-- verifyFunctionalityOfFacebookLogoInFooterSection -->
  <testcase name="verifyFunctionalityOfTwitterLogoInFooterSection" time="6.678" classname="GT.GT.WebGrpTalkHomePageTest">
    <failure type="java.lang.AssertionError" message="expected [/login] but found [http://staging.grptalk.com/login]">
      <![CDATA[java.lang.AssertionError: expected [/login] but found [http://staging.grptalk.com/login]
at GT.GT.WebGrpTalkHomePageTest.verifyFunctionalityOfTwitterLogoInFooterSection(WebGrpTalkHomePageTest.java:374)
... Removed 31 stack frames]]>
    </failure>
  </testcase> <!-- verifyFunctionalityOfTwitterLogoInFooterSection -->
  <testcase name="verifyFunctionalityOfYoutubeLogoInFooterSection" time="6.339" classname="GT.GT.WebGrpTalkHomePageTest">
    <failure type="java.lang.AssertionError" message="expected [/login] but found [http://staging.grptalk.com/login]">
      <![CDATA[java.lang.AssertionError: expected [/login] but found [http://staging.grptalk.com/login]
at GT.GT.WebGrpTalkHomePageTest.verifyFunctionalityOfYoutubeLogoInFooterSection(WebGrpTalkHomePageTest.java:397)
... Removed 31 stack frames]]>
    </failure>
  </testcase> <!-- verifyFunctionalityOfYoutubeLogoInFooterSection -->
  <testcase name="verifyGrpTalkEmailAndContactDisplayedInHeaderScetion" time="0.235" classname="GT.GT.WebGrpTalkHomePageTest"/>
  <testcase name="verifyGrpTalkLogoFunctionality" time="5.174" classname="GT.GT.WebGrpTalkHomePageTest">
    <failure type="org.openqa.selenium.WebDriverException" message="unknown error: Element &amp;lt;img src=&amp;quot;/images/grptalk_logo.png&amp;quot; alt=&amp;quot;grptalk-logo&amp;quot; style=&amp;quot;width: 230px;&amp;quot;&amp;gt; is not clickable at point (145, 39). Other element would receive the click: &amp;lt;div class=&amp;quot;navbar-fixed-top orangeGradient&amp;quot; id=&amp;quot;homeNav&amp;quot;&amp;gt;...&amp;lt;/div&amp;gt;
  (Session info: chrome=75.0.3770.100)
  (Driver info: chromedriver=2.43.600210 (68dcf5eebde37173d4027fa8635e332711d2874a),platform=Windows NT 10.0.15063 x86_64) (WARNING: The server did not provide any stacktrace information)
Command duration or timeout: 0 milliseconds
Build info: version: &amp;apos;3.12.0&amp;apos;, revision: &amp;apos;7c6e0b3&amp;apos;, time: &amp;apos;2018-05-08T15:15:03.216Z&amp;apos;
System info: host: &amp;apos;DESKTOP-5HEF6VE&amp;apos;, ip: &amp;apos;192.168.72.155&amp;apos;, os.name: &amp;apos;Windows 10&amp;apos;, os.arch: &amp;apos;amd64&amp;apos;, os.version: &amp;apos;10.0&amp;apos;, java.version: &amp;apos;1.8.0_171&amp;apos;
Driver info: org.openqa.selenium.chrome.ChromeDriver
Capabilities {acceptInsecureCerts: false, acceptSslCerts: false, applicationCacheEnabled: false, browserConnectionEnabled: false, browserName: chrome, chrome: {chromedriverVersion: 2.43.600210 (68dcf5eebde371..., userDataDir: C:\Users\smsc\AppData\Local...}, cssSelectorsEnabled: true, databaseEnabled: false, goog:chromeOptions: {debuggerAddress: localhost:23012}, handlesAlerts: true, hasTouchScreen: false, javascriptEnabled: true, locationContextEnabled: true, mobileEmulationEnabled: false, nativeEvents: true, networkConnectionEnabled: false, pageLoadStrategy: normal, platform: XP, platformName: XP, rotatable: false, setWindowRect: true, takesHeapSnapshot: true, takesScreenshot: true, unexpectedAlertBehaviour: , unhandledPromptBehavior: , version: 75.0.3770.100, webStorageEnabled: true}
Session ID: da293a0dd2c92345ffa43ff4269b0944">
      <![CDATA[org.openqa.selenium.WebDriverException: unknown error: Element <img src="/images/grptalk_logo.png" alt="grptalk-logo" style="width: 230px;"> is not clickable at point (145, 39). Other element would receive the click: <div class="navbar-fixed-top orangeGradient" id="homeNav">...</div>
  (Session info: chrome=75.0.3770.100)
  (Driver info: chromedriver=2.43.600210 (68dcf5eebde37173d4027fa8635e332711d2874a),platform=Windows NT 10.0.15063 x86_64) (WARNING: The server did not provide any stacktrace information)
Command duration or timeout: 0 milliseconds
Build info: version: '3.12.0', revision: '7c6e0b3', time: '2018-05-08T15:15:03.216Z'
System info: host: 'DESKTOP-5HEF6VE', ip: '192.168.72.155', os.name: 'Windows 10', os.arch: 'amd64', os.version: '10.0', java.version: '1.8.0_171'
Driver info: org.openqa.selenium.chrome.ChromeDriver
Capabilities {acceptInsecureCerts: false, acceptSslCerts: false, applicationCacheEnabled: false, browserConnectionEnabled: false, browserName: chrome, chrome: {chromedriverVersion: 2.43.600210 (68dcf5eebde371..., userDataDir: C:\Users\smsc\AppData\Local...}, cssSelectorsEnabled: true, databaseEnabled: false, goog:chromeOptions: {debuggerAddress: localhost:23012}, handlesAlerts: true, hasTouchScreen: false, javascriptEnabled: true, locationContextEnabled: true, mobileEmulationEnabled: false, nativeEvents: true, networkConnectionEnabled: false, pageLoadStrategy: normal, platform: XP, platformName: XP, rotatable: false, setWindowRect: true, takesHeapSnapshot: true, takesScreenshot: true, unexpectedAlertBehaviour: , unhandledPromptBehavior: , version: 75.0.3770.100, webStorageEnabled: true}
Session ID: da293a0dd2c92345ffa43ff4269b0944
at org.openqa.selenium.remote.ErrorHandler.createThrowable(ErrorHandler.java:214)
at org.openqa.selenium.remote.ErrorHandler.throwIfResponseFailed(ErrorHandler.java:166)
at org.openqa.selenium.remote.http.JsonHttpResponseCodec.reconstructValue(JsonHttpResponseCodec.java:40)
at org.openqa.selenium.remote.http.AbstractHttpResponseCodec.decode(AbstractHttpResponseCodec.java:80)
at org.openqa.selenium.remote.http.AbstractHttpResponseCodec.decode(AbstractHttpResponseCodec.java:44)
at org.openqa.selenium.remote.HttpCommandExecutor.execute(HttpCommandExecutor.java:158)
at org.openqa.selenium.remote.service.DriverCommandExecutor.execute(DriverCommandExecutor.java:83)
at org.openqa.selenium.remote.RemoteWebDriver.execute(RemoteWebDriver.java:543)
at org.openqa.selenium.remote.RemoteWebElement.execute(RemoteWebElement.java:276)
at org.openqa.selenium.remote.RemoteWebElement.click(RemoteWebElement.java:83)
at GT.GT.WebGrpTalkHomePage.clickGrpTalkLogo(WebGrpTalkHomePage.java:212)
at GT.GT.WebGrpTalkHomePageTest.verifyGrpTalkLogoFunctionality(WebGrpTalkHomePageTest.java:95)
... Removed 29 stack frames]]>
    </failure>
  </testcase> <!-- verifyGrpTalkLogoFunctionality -->
  <testcase name="verifyHomeLinkInFooterSection" time="1.433" classname="GT.GT.WebGrpTalkHomePageTest">
    <failure type="java.lang.AssertionError" message="expected [http://staging.grptalk.com/login/] but found [http://staging.grptalk.com/]">
      <![CDATA[java.lang.AssertionError: expected [http://staging.grptalk.com/login/] but found [http://staging.grptalk.com/]
at GT.GT.WebGrpTalkHomePageTest.verifyHomeLinkInFooterSection(WebGrpTalkHomePageTest.java:227)
... Removed 31 stack frames]]>
    </failure>
  </testcase> <!-- verifyHomeLinkInFooterSection -->
  <testcase name="verifyHowItWorksLinkInFooterSection" time="1.04" classname="GT.GT.WebGrpTalkHomePageTest">
    <failure type="java.lang.AssertionError" message="expected [http://staging.grptalk.com/login/how-it-works] but found [http://staging.grptalk.com/how-it-works]">
      <![CDATA[java.lang.AssertionError: expected [http://staging.grptalk.com/login/how-it-works] but found [http://staging.grptalk.com/how-it-works]
at GT.GT.WebGrpTalkHomePageTest.verifyHowItWorksLinkInFooterSection(WebGrpTalkHomePageTest.java:253)
... Removed 31 stack frames]]>
    </failure>
  </testcase> <!-- verifyHowItWorksLinkInFooterSection -->
  <testcase name="verifyHowItWorksTabFunctionality" time="0.932" classname="GT.GT.WebGrpTalkHomePageTest">
    <failure type="java.lang.AssertionError" message="expected [http://staging.grptalk.com/login/how-it-works] but found [http://staging.grptalk.com/how-it-works]">
      <![CDATA[java.lang.AssertionError: expected [http://staging.grptalk.com/login/how-it-works] but found [http://staging.grptalk.com/how-it-works]
at GT.GT.WebGrpTalkHomePageTest.verifyHowItWorksTabFunctionality(WebGrpTalkHomePageTest.java:134)
... Removed 31 stack frames]]>
    </failure>
  </testcase> <!-- verifyHowItWorksTabFunctionality -->
  <testcase name="verifyPlayStoreTabFunctionality" time="1.61" classname="GT.GT.WebGrpTalkHomePageTest"/>
  <testcase name="verifyPricingLinkInFooterSection" time="0.717" classname="GT.GT.WebGrpTalkHomePageTest">
    <failure type="java.lang.AssertionError" message="expected [http://staging.grptalk.com/login/Pricing] but found [http://staging.grptalk.com/Pricing]">
      <![CDATA[java.lang.AssertionError: expected [http://staging.grptalk.com/login/Pricing] but found [http://staging.grptalk.com/Pricing]
at GT.GT.WebGrpTalkHomePageTest.verifyPricingLinkInFooterSection(WebGrpTalkHomePageTest.java:266)
... Removed 31 stack frames]]>
    </failure>
  </testcase> <!-- verifyPricingLinkInFooterSection -->
  <testcase name="verifyPricingTabFunctionality" time="3.249" classname="GT.GT.WebGrpTalkHomePageTest">
    <failure type="java.lang.AssertionError" message="expected [http://staging.grptalk.com/login/Pricing] but found [http://staging.grptalk.com/Pricing]">
      <![CDATA[java.lang.AssertionError: expected [http://staging.grptalk.com/login/Pricing] but found [http://staging.grptalk.com/Pricing]
at GT.GT.WebGrpTalkHomePageTest.verifyPricingTabFunctionality(WebGrpTalkHomePageTest.java:148)
... Removed 31 stack frames]]>
    </failure>
  </testcase> <!-- verifyPricingTabFunctionality -->
  <testcase name="verifyPrivacyAndDataUsageLinkInFooterSection" time="0.578" classname="GT.GT.WebGrpTalkHomePageTest">
    <failure type="java.lang.AssertionError" message="expected [http://staging.grptalk.com/login/Privacy] but found [http://staging.grptalk.com/Privacy]">
      <![CDATA[java.lang.AssertionError: expected [http://staging.grptalk.com/login/Privacy] but found [http://staging.grptalk.com/Privacy]
at GT.GT.WebGrpTalkHomePageTest.verifyPrivacyAndDataUsageLinkInFooterSection(WebGrpTalkHomePageTest.java:450)
... Removed 31 stack frames]]>
    </failure>
  </testcase> <!-- verifyPrivacyAndDataUsageLinkInFooterSection -->
  <testcase name="verifySolutionsTabFunctionality" time="4.541" classname="GT.GT.WebGrpTalkHomePageTest">
    <failure type="java.lang.AssertionError" message="expected [http://staging.grptalk.com/login/Solutions.aspx] but found [http://staging.grptalk.com/Solutions.aspx]">
      <![CDATA[java.lang.AssertionError: expected [http://staging.grptalk.com/login/Solutions.aspx] but found [http://staging.grptalk.com/Solutions.aspx]
at GT.GT.WebGrpTalkHomePageTest.verifySolutionsTabFunctionality(WebGrpTalkHomePageTest.java:171)
... Removed 31 stack frames]]>
    </failure>
  </testcase> <!-- verifySolutionsTabFunctionality -->
  <testcase name="verifyTermsAndConditionsLinkInFooterSection" time="6.159" classname="GT.GT.WebGrpTalkHomePageTest">
    <failure type="java.lang.AssertionError" message="expected [http://staging.grptalk.com/login/terms-and-conditions] but found [http://staging.grptalk.com/terms-and-conditions]">
      <![CDATA[java.lang.AssertionError: expected [http://staging.grptalk.com/login/terms-and-conditions] but found [http://staging.grptalk.com/terms-and-conditions]
at GT.GT.WebGrpTalkHomePageTest.verifyTermsAndConditionsLinkInFooterSection(WebGrpTalkHomePageTest.java:437)
... Removed 31 stack frames]]>
    </failure>
  </testcase> <!-- verifyTermsAndConditionsLinkInFooterSection -->
  <testcase name="verifyVisibilityOfImgQRCodeOnWebGrpTalkPage" time="0.078" classname="GT.GT.WebGrpTalkHomePageTest"/>
  <testcase name="verifyWebLoginFunctionality" time="1.454" classname="GT.GT.WebGrpTalkHomePageTest"/>
  <testcase name="verifyWebLoginLinkInFooterSection" time="1.114" classname="GT.GT.WebGrpTalkHomePageTest"/>
  <testcase name="verify_FAQ_LinkInFooterSection" time="0.634" classname="GT.GT.WebGrpTalkHomePageTest">
    <failure type="java.lang.AssertionError" message="expected [http://staging.grptalk.com/login/faqs] but found [http://staging.grptalk.com/faqs]">
      <![CDATA[java.lang.AssertionError: expected [http://staging.grptalk.com/login/faqs] but found [http://staging.grptalk.com/faqs]
at GT.GT.WebGrpTalkHomePageTest.verify_FAQ_LinkInFooterSection(WebGrpTalkHomePageTest.java:424)
... Removed 31 stack frames]]>
    </failure>
  </testcase> <!-- verify_FAQ_LinkInFooterSection -->
</testsuite> <!-- WebGrpTalkHomePageTest -->
